2017-07-12T22:02:51.9312849+08:00 [INFO] [CreateAzureResources.ps1(ln:68)] - Using Azure RM Account: 
2017-07-12T22:03:19.2461558+08:00 [INFO] [CreateAzureResources.ps1(ln:74)] - Available Subscription Names:

Name     : Microsoft Azure Internal Consumption
Id       : ec27bf0e-5e9f-49de-a202-d79128bfd111
TenantId : 72f988bf-86f1-41af-91ab-2d7cd011db47
State    : Enabled




2017-07-12T22:11:33.5670453+08:00 [INFO] [run.ps1(ln:29)] - Phase 1 - Prepare - Start - Preparing project configuration for C:\Users\fuyujin\Source\Repos\hdinsight-storm-examples\IotExample.
2017-07-12T22:11:33.7800410+08:00 [INFO] [CreateRunConfig.ps1(ln:33)] - Step 0: Creating Run Configuration
2017-07-12T22:11:33.9380656+08:00 [INFO] [GenerateRandomConfig.ps1(ln:87)] - Generating run configurations at C:\Users\fuyujin\Source\Repos\hdinsight-storm-examples\IotExample\run\configurations.properties
2017-07-12T22:11:33.9470913+08:00 [INFO] [GenerateRandomConfig.ps1(ln:96)] - An existing run configuration was found at C:\Users\fuyujin\Source\Repos\hdinsight-storm-examples\IotExample\run\configurations.properties, just updating newer entries.
2017-07-12T22:11:33.9810764+08:00 [INFO] [ReplaceStringInFile.ps1(ln:33)] - Replacing configurations in C:\Users\fuyujin\Source\Repos\hdinsight-storm-examples\IotExample\run\configurations.properties
2017-07-12T22:11:34.0230808+08:00 [INFO] [CreateRunConfig.ps1(ln:47)] - Merging Configurations with passed in values
2017-07-12T22:11:34.0350863+08:00 [INFO] [CreateRunConfig.ps1(ln:53)] - Updating Configurations with passed in values
2017-07-12T22:11:34.0430869+08:00 [INFO] [ReplaceStringInFile.ps1(ln:33)] - Replacing configurations in C:\Users\fuyujin\Source\Repos\hdinsight-storm-examples\IotExample\run\configurations.properties
2017-07-12T22:11:34.0830924+08:00 [INFO] [ReadConfig.ps1(ln:26)] - Reading configurations from C:\Users\fuyujin\Source\Repos\hdinsight-storm-examples\IotExample\run\configurations.properties
2017-07-12T22:11:34.1411027+08:00 [INFO] [CreateRunConfig.ps1(ln:57)] - Key = AZURE_LOCATION, Value = east asia
2017-07-12T22:11:34.1461119+08:00 [INFO] [CreateRunConfig.ps1(ln:57)] - Key = AZURE_RESOURCE_GROUP, Value = iot-group-201707120034
2017-07-12T22:11:34.1501095+08:00 [INFO] [CreateRunConfig.ps1(ln:57)] - Key = AZURE_SUBSCRIPTION_ID, Value = ec27bf0e-5e9f-49de-a202-d79128bfd111
2017-07-12T22:11:34.1591122+08:00 [INFO] [CreateRunConfig.ps1(ln:57)] - Key = AZURE_SUBSCRIPTION_NAME, Value = Microsoft Azure Internal Consumption
2017-07-12T22:11:34.1671132+08:00 [INFO] [CreateRunConfig.ps1(ln:57)] - Key = AZURE_TENANT_ID, Value = 72f988bf-86f1-41af-91ab-2d7cd011db47
2017-07-12T22:11:34.1721140+08:00 [INFO] [CreateRunConfig.ps1(ln:57)] - Key = DOCUMENTDB, Value = true
2017-07-12T22:11:34.1781092+08:00 [INFO] [CreateRunConfig.ps1(ln:57)] - Key = DOCUMENTDB_ACCOUNT, Value = iot201707120034
2017-07-12T22:11:34.1871112+08:00 [INFO] [CreateRunConfig.ps1(ln:57)] - Key = DOCUMENTDB_COLLECTION, Value = iot201707120034
2017-07-12T22:11:34.1921091+08:00 [INFO] [CreateRunConfig.ps1(ln:57)] - Key = DOCUMENTDB_DATABASE, Value = iot201707120034
2017-07-12T22:11:34.2031117+08:00 [INFO] [CreateRunConfig.ps1(ln:57)] - Key = DOCUMENTDB_HOST, Value = https://iot201707120034.documents.azure.com:443/
2017-07-12T22:11:34.2121144+08:00 [INFO] [CreateRunConfig.ps1(ln:57)] - Key = EVENTHUBS, Value = true
2017-07-12T22:11:34.2231098+08:00 [INFO] [CreateRunConfig.ps1(ln:57)] - Key = EVENTHUBS_ENTITY_PATH, Value = iot201707120034
2017-07-12T22:11:34.2321150+08:00 [INFO] [CreateRunConfig.ps1(ln:57)] - Key = EVENTHUBS_FQDN_SUFFIX, Value = servicebus.windows.net
2017-07-12T22:11:34.2396160+08:00 [INFO] [CreateRunConfig.ps1(ln:57)] - Key = EVENTHUBS_NAMESPACE, Value = iot201707120034
2017-07-12T22:11:34.2451255+08:00 [INFO] [CreateRunConfig.ps1(ln:57)] - Key = EVENTHUBS_PARTITION_COUNT, Value = 2
2017-07-12T22:11:34.2531276+08:00 [INFO] [CreateRunConfig.ps1(ln:57)] - Key = EVENTHUBS_USERNAME, Value = root
2017-07-12T22:11:34.2611271+08:00 [INFO] [CreateRunConfig.ps1(ln:57)] - Key = HBASE, Value = {HBASE}
2017-07-12T22:11:34.2671271+08:00 [INFO] [CreateRunConfig.ps1(ln:57)] - Key = HBASE_CLUSTER_NAME, Value = hbaseiot201707120034
2017-07-12T22:11:34.2731242+08:00 [INFO] [CreateRunConfig.ps1(ln:57)] - Key = HBASE_CLUSTER_OS_TYPE, Value = Windows
2017-07-12T22:11:34.2821273+08:00 [INFO] [CreateRunConfig.ps1(ln:57)] - Key = HBASE_CLUSTER_SIZE, Value = 2
2017-07-12T22:11:34.2871252+08:00 [INFO] [CreateRunConfig.ps1(ln:57)] - Key = HBASE_CLUSTER_URL, Value = {HBASE_CLUSTER_URL}
2017-07-12T22:11:34.2941306+08:00 [INFO] [CreateRunConfig.ps1(ln:57)] - Key = HBASE_CLUSTER_USERNAME, Value = admin
2017-07-12T22:11:34.3231251+08:00 [INFO] [CreateRunConfig.ps1(ln:57)] - Key = KAFKA, Value = {KAFKA}
2017-07-12T22:11:34.3341391+08:00 [INFO] [CreateRunConfig.ps1(ln:57)] - Key = KAFKA_CLUSTER_NAME, Value = kafkaiot201707120034
2017-07-12T22:11:34.3651488+08:00 [INFO] [CreateRunConfig.ps1(ln:57)] - Key = KAFKA_CLUSTER_OS_TYPE, Value = Windows
2017-07-12T22:11:34.3741475+08:00 [INFO] [CreateRunConfig.ps1(ln:57)] - Key = KAFKA_CLUSTER_SIZE, Value = 2
2017-07-12T22:11:34.3791502+08:00 [INFO] [CreateRunConfig.ps1(ln:57)] - Key = KAFKA_CLUSTER_URL, Value = {KAFKA_CLUSTER_URL}
2017-07-12T22:11:34.3911578+08:00 [INFO] [CreateRunConfig.ps1(ln:57)] - Key = KAFKA_CLUSTER_USERNAME, Value = admin
2017-07-12T22:11:34.4001503+08:00 [INFO] [CreateRunConfig.ps1(ln:57)] - Key = SQLAZURE, Value = {SQLAZURE}
2017-07-12T22:11:34.4071510+08:00 [INFO] [CreateRunConfig.ps1(ln:57)] - Key = SQLAZURE_DB_NAME, Value = iot201707120034
2017-07-12T22:11:34.4191470+08:00 [INFO] [CreateRunConfig.ps1(ln:57)] - Key = SQLAZURE_SERVER_NAME, Value = iot201707120034
2017-07-12T22:11:34.4296609+08:00 [INFO] [CreateRunConfig.ps1(ln:57)] - Key = SQLAZURE_USER, Value = sqladmin
2017-07-12T22:11:34.4376615+08:00 [INFO] [CreateRunConfig.ps1(ln:57)] - Key = STORM_CLUSTER_NAME, Value = stormiot201707120034
2017-07-12T22:11:34.4426587+08:00 [INFO] [CreateRunConfig.ps1(ln:57)] - Key = STORM_CLUSTER_OS_TYPE, Value = Windows
2017-07-12T22:11:34.4501743+08:00 [INFO] [CreateRunConfig.ps1(ln:57)] - Key = STORM_CLUSTER_SIZE, Value = 2
2017-07-12T22:11:34.4561695+08:00 [INFO] [CreateRunConfig.ps1(ln:57)] - Key = STORM_CLUSTER_URL, Value = {STORM_CLUSTER_URL}
2017-07-12T22:11:34.4651733+08:00 [INFO] [CreateRunConfig.ps1(ln:57)] - Key = STORM_CLUSTER_USERNAME, Value = admin
2017-07-12T22:11:34.4711726+08:00 [INFO] [CreateRunConfig.ps1(ln:57)] - Key = SUBNET_NAME, Value = iot201707120034
2017-07-12T22:11:34.4771722+08:00 [INFO] [CreateRunConfig.ps1(ln:57)] - Key = VNET, Value = {VNET}
2017-07-12T22:11:34.4841707+08:00 [INFO] [CreateRunConfig.ps1(ln:57)] - Key = VNET_ID, Value = {VNET_ID}
2017-07-12T22:11:34.4891788+08:00 [INFO] [CreateRunConfig.ps1(ln:57)] - Key = VNET_NAME, Value = iot201707120034
2017-07-12T22:11:34.4971790+08:00 [INFO] [CreateRunConfig.ps1(ln:57)] - Key = VNET_VERSION, Value = Classic
2017-07-12T22:11:34.5011715+08:00 [INFO] [CreateRunConfig.ps1(ln:57)] - Key = WASB_ACCOUNT_NAME, Value = iot201707120034
2017-07-12T22:11:34.5081714+08:00 [INFO] [CreateRunConfig.ps1(ln:57)] - Key = WASB_CONTAINER, Value = iot201707120034
2017-07-12T22:11:35.1242413+08:00 [INFO] [ReadConfig.ps1(ln:26)] - Reading configurations from C:\Users\fuyujin\Source\Repos\hdinsight-storm-examples\IotExample\run\configurations.properties
2017-07-12T22:12:43.7276901+08:00 [INFO] [CreateAzureResources.ps1(ln:68)] - Using Azure RM Account: 
2017-07-12T22:12:49.2751511+08:00 [INFO] [CreateAzureResources.ps1(ln:74)] - Available Subscription Names:

Name     : Microsoft Azure Internal Consumption
Id       : ec27bf0e-5e9f-49de-a202-d79128bfd111
TenantId : 72f988bf-86f1-41af-91ab-2d7cd011db47
State    : Enabled




2017-07-12T22:12:56.2731891+08:00 [INFO] [ReplaceStringInFile.ps1(ln:33)] - Replacing configurations in C:\Users\fuyujin\Source\Repos\hdinsight-storm-examples\IotExample\run\configurations.properties
2017-07-12T22:12:59.2560271+08:00 [INFO] [ReplaceStringInFile.ps1(ln:33)] - Replacing configurations in C:\Users\fuyujin\Source\Repos\hdinsight-storm-examples\IotExample\run\configurations.properties
2017-07-12T22:12:59.6579784+08:00 [INFO] [ReplaceStringInFile.ps1(ln:33)] - Replacing configurations in C:\Users\fuyujin\Source\Repos\hdinsight-storm-examples\IotExample\run\configurations.properties
2017-07-12T22:12:59.6739308+08:00 [INFO] [ReplaceStringInFile.ps1(ln:33)] - Replacing configurations in C:\Users\fuyujin\Source\Repos\hdinsight-storm-examples\IotExample\run\configurations.properties
2017-07-12T22:13:00.0893729+08:00 [INFO] [ReplaceStringInFile.ps1(ln:33)] - Replacing configurations in C:\Users\fuyujin\Source\Repos\hdinsight-storm-examples\IotExample\run\configurations.properties
2017-07-12T22:13:00.1086791+08:00 [INFO] [ReadConfig.ps1(ln:26)] - Reading configurations from C:\Users\fuyujin\Source\Repos\hdinsight-storm-examples\IotExample\run\configurations.properties
2017-07-12T22:13:00.1166677+08:00 [INFO] [CreateAzureResources.ps1(ln:127)] - Current run configuration:
2017-07-12T22:13:00.1371624+08:00 [INFO] [CreateAzureResources.ps1(ln:128)] - Key = AZURE_LOCATION, Value = east asia
2017-07-12T22:13:00.1426632+08:00 [INFO] [CreateAzureResources.ps1(ln:128)] - Key = AZURE_RESOURCE_GROUP, Value = iot-group-201707120034
2017-07-12T22:13:00.1536793+08:00 [INFO] [CreateAzureResources.ps1(ln:128)] - Key = AZURE_SUBSCRIPTION_ID, Value = ec27bf0e-5e9f-49de-a202-d79128bfd111
2017-07-12T22:13:00.1586790+08:00 [INFO] [CreateAzureResources.ps1(ln:128)] - Key = AZURE_SUBSCRIPTION_NAME, Value = Microsoft Azure Internal Consumption
2017-07-12T22:13:00.1666854+08:00 [INFO] [CreateAzureResources.ps1(ln:128)] - Key = AZURE_TENANT_ID, Value = 72f988bf-86f1-41af-91ab-2d7cd011db47
2017-07-12T22:13:00.1746868+08:00 [INFO] [CreateAzureResources.ps1(ln:128)] - Key = DOCUMENTDB, Value = true
2017-07-12T22:13:00.1816736+08:00 [INFO] [CreateAzureResources.ps1(ln:128)] - Key = DOCUMENTDB_ACCOUNT, Value = iot201707120034
2017-07-12T22:13:00.1876754+08:00 [INFO] [CreateAzureResources.ps1(ln:128)] - Key = DOCUMENTDB_COLLECTION, Value = iot201707120034
2017-07-12T22:13:00.1946731+08:00 [INFO] [CreateAzureResources.ps1(ln:128)] - Key = DOCUMENTDB_DATABASE, Value = iot201707120034
2017-07-12T22:13:00.1996750+08:00 [INFO] [CreateAzureResources.ps1(ln:128)] - Key = DOCUMENTDB_HOST, Value = https://iot201707120034.documents.azure.com:443/
2017-07-12T22:13:00.2087197+08:00 [INFO] [CreateAzureResources.ps1(ln:128)] - Key = EVENTHUBS, Value = true
2017-07-12T22:13:00.2186728+08:00 [INFO] [CreateAzureResources.ps1(ln:128)] - Key = EVENTHUBS_ENTITY_PATH, Value = iot201707120034
2017-07-12T22:13:00.2253190+08:00 [INFO] [CreateAzureResources.ps1(ln:128)] - Key = EVENTHUBS_FQDN_SUFFIX, Value = servicebus.windows.net
2017-07-12T22:13:00.2333185+08:00 [INFO] [CreateAzureResources.ps1(ln:128)] - Key = EVENTHUBS_NAMESPACE, Value = iot201707120034
2017-07-12T22:13:00.2428317+08:00 [INFO] [CreateAzureResources.ps1(ln:128)] - Key = EVENTHUBS_PARTITION_COUNT, Value = 2
2017-07-12T22:13:00.2531258+08:00 [INFO] [CreateAzureResources.ps1(ln:128)] - Key = EVENTHUBS_USERNAME, Value = root
2017-07-12T22:13:00.2621380+08:00 [INFO] [CreateAzureResources.ps1(ln:128)] - Key = HBASE, Value = {HBASE}
2017-07-12T22:13:00.2691011+08:00 [INFO] [CreateAzureResources.ps1(ln:128)] - Key = HBASE_CLUSTER_NAME, Value = hbaseiot201707120034
2017-07-12T22:13:00.2800982+08:00 [INFO] [CreateAzureResources.ps1(ln:128)] - Key = HBASE_CLUSTER_OS_TYPE, Value = Windows
2017-07-12T22:13:00.2840907+08:00 [INFO] [CreateAzureResources.ps1(ln:128)] - Key = HBASE_CLUSTER_SIZE, Value = 2
2017-07-12T22:13:00.2900896+08:00 [INFO] [CreateAzureResources.ps1(ln:128)] - Key = HBASE_CLUSTER_URL, Value = {HBASE_CLUSTER_URL}
2017-07-12T22:13:00.2970939+08:00 [INFO] [CreateAzureResources.ps1(ln:128)] - Key = HBASE_CLUSTER_USERNAME, Value = admin
2017-07-12T22:13:00.3050901+08:00 [INFO] [CreateAzureResources.ps1(ln:128)] - Key = KAFKA, Value = {KAFKA}
2017-07-12T22:13:00.3150884+08:00 [INFO] [CreateAzureResources.ps1(ln:128)] - Key = KAFKA_CLUSTER_NAME, Value = kafkaiot201707120034
2017-07-12T22:13:00.3230931+08:00 [INFO] [CreateAzureResources.ps1(ln:128)] - Key = KAFKA_CLUSTER_OS_TYPE, Value = Windows
2017-07-12T22:13:00.3290916+08:00 [INFO] [CreateAzureResources.ps1(ln:128)] - Key = KAFKA_CLUSTER_SIZE, Value = 2
2017-07-12T22:13:00.3340949+08:00 [INFO] [CreateAzureResources.ps1(ln:128)] - Key = KAFKA_CLUSTER_URL, Value = {KAFKA_CLUSTER_URL}
2017-07-12T22:13:00.3401190+08:00 [INFO] [CreateAzureResources.ps1(ln:128)] - Key = KAFKA_CLUSTER_USERNAME, Value = admin
2017-07-12T22:13:00.3496206+08:00 [INFO] [CreateAzureResources.ps1(ln:128)] - Key = SQLAZURE, Value = {SQLAZURE}
2017-07-12T22:13:00.3572409+08:00 [INFO] [CreateAzureResources.ps1(ln:128)] - Key = SQLAZURE_DB_NAME, Value = iot201707120034
2017-07-12T22:13:00.3642346+08:00 [INFO] [CreateAzureResources.ps1(ln:128)] - Key = SQLAZURE_SERVER_NAME, Value = iot201707120034
2017-07-12T22:13:00.3712367+08:00 [INFO] [CreateAzureResources.ps1(ln:128)] - Key = SQLAZURE_USER, Value = sqladmin
2017-07-12T22:13:00.3792413+08:00 [INFO] [CreateAzureResources.ps1(ln:128)] - Key = STORM_CLUSTER_NAME, Value = stormiot201707120034
2017-07-12T22:13:00.3852355+08:00 [INFO] [CreateAzureResources.ps1(ln:128)] - Key = STORM_CLUSTER_OS_TYPE, Value = Windows
2017-07-12T22:13:00.3912388+08:00 [INFO] [CreateAzureResources.ps1(ln:128)] - Key = STORM_CLUSTER_SIZE, Value = 2
2017-07-12T22:13:00.4012356+08:00 [INFO] [CreateAzureResources.ps1(ln:128)] - Key = STORM_CLUSTER_URL, Value = {STORM_CLUSTER_URL}
2017-07-12T22:13:00.4092366+08:00 [INFO] [CreateAzureResources.ps1(ln:128)] - Key = STORM_CLUSTER_USERNAME, Value = admin
2017-07-12T22:13:00.4192345+08:00 [INFO] [CreateAzureResources.ps1(ln:128)] - Key = SUBNET_NAME, Value = iot201707120034
2017-07-12T22:13:00.4282343+08:00 [INFO] [CreateAzureResources.ps1(ln:128)] - Key = VNET, Value = {VNET}
2017-07-12T22:13:00.4377465+08:00 [INFO] [CreateAzureResources.ps1(ln:128)] - Key = VNET_ID, Value = {VNET_ID}
2017-07-12T22:13:00.4482462+08:00 [INFO] [CreateAzureResources.ps1(ln:128)] - Key = VNET_NAME, Value = iot201707120034
2017-07-12T22:13:00.4567541+08:00 [INFO] [CreateAzureResources.ps1(ln:128)] - Key = VNET_VERSION, Value = Classic
2017-07-12T22:13:00.4647583+08:00 [INFO] [CreateAzureResources.ps1(ln:128)] - Key = WASB_ACCOUNT_NAME, Value = iot201707120034
2017-07-12T22:13:00.4757551+08:00 [INFO] [CreateAzureResources.ps1(ln:128)] - Key = WASB_CONTAINER, Value = iot201707120034
2017-07-12T22:13:00.4867584+08:00 [INFO] [CreateAzureResources.ps1(ln:130)] - Using subscription: Microsoft Azure Internal Consumption - ec27bf0e-5e9f-49de-a202-d79128bfd111
2017-07-12T22:13:03.6457115+08:00 [INFO] [CreateAzureResources.ps1(ln:180)] - Step 0: Creating Azure Resource Group
2017-07-12T22:13:05.4315693+08:00 [INFO] [CreateAzureResources.ps1(ln:203)] - Step 2: Creating storage account and updating key in configurations.properties
2017-07-12T22:13:07.8027898+08:00 [INFO] [CreateStorageAccountARM.ps1(ln:45)] - Found an existing Storage account with same name: iot201707120034
2017-07-12T22:13:07.8077920+08:00 [INFO] [CreateStorageAccountARM.ps1(ln:54)] - Getting Storage Key for iot201707120034
2017-07-12T22:13:09.9538589+08:00 [INFO] [CreateStorageAccountARM.ps1(ln:59)] - Storage Account: iot201707120034 successfully created in Resource Group: iot-group-201707120034 at Location: east asia. Time: 4.4772712 secs
2017-07-12T22:13:09.9678190+08:00 [INFO] [ReplaceStringInFile.ps1(ln:33)] - Replacing configurations in C:\Users\fuyujin\Source\Repos\hdinsight-storm-examples\IotExample\run\configurations.properties
2017-07-12T22:13:24.9997697+08:00 [INFO] [CreateAzureResources.ps1(ln:233)] - Step 2.2: Creating Event Hubs
2017-07-12T22:13:25.0208428+08:00 [INFO] [EVENTHUBS_NAMESPACE] System.Collections.Hashtable[(ln:EVENTHUBS_ENTITY_PATH])] - System.Collections.Hashtable[
2017-07-12T22:14:58.5761622+08:00 [INFO] [run.ps1(ln:29)] - Phase 1 - Prepare - Start - Preparing project configuration for C:\Users\fuyujin\Source\Repos\hdinsight-storm-examples\IotExample.
2017-07-12T22:14:58.7461346+08:00 [INFO] [CreateRunConfig.ps1(ln:33)] - Step 0: Creating Run Configuration
2017-07-12T22:14:58.8561552+08:00 [INFO] [GenerateRandomConfig.ps1(ln:87)] - Generating run configurations at C:\Users\fuyujin\Source\Repos\hdinsight-storm-examples\IotExample\run\configurations.properties
2017-07-12T22:14:58.8646565+08:00 [INFO] [GenerateRandomConfig.ps1(ln:96)] - An existing run configuration was found at C:\Users\fuyujin\Source\Repos\hdinsight-storm-examples\IotExample\run\configurations.properties, just updating newer entries.
2017-07-12T22:14:58.8961681+08:00 [INFO] [ReplaceStringInFile.ps1(ln:33)] - Replacing configurations in C:\Users\fuyujin\Source\Repos\hdinsight-storm-examples\IotExample\run\configurations.properties
2017-07-12T22:14:58.9291730+08:00 [INFO] [CreateRunConfig.ps1(ln:47)] - Merging Configurations with passed in values
2017-07-12T22:14:58.9411715+08:00 [INFO] [CreateRunConfig.ps1(ln:53)] - Updating Configurations with passed in values
2017-07-12T22:14:58.9491729+08:00 [INFO] [ReplaceStringInFile.ps1(ln:33)] - Replacing configurations in C:\Users\fuyujin\Source\Repos\hdinsight-storm-examples\IotExample\run\configurations.properties
2017-07-12T22:14:58.9832831+08:00 [INFO] [ReadConfig.ps1(ln:26)] - Reading configurations from C:\Users\fuyujin\Source\Repos\hdinsight-storm-examples\IotExample\run\configurations.properties
2017-07-12T22:14:59.0382516+08:00 [INFO] [CreateRunConfig.ps1(ln:57)] - Key = AZURE_LOCATION, Value = east asia
2017-07-12T22:14:59.0442436+08:00 [INFO] [CreateRunConfig.ps1(ln:57)] - Key = AZURE_RESOURCE_GROUP, Value = iot-group-201707120034
2017-07-12T22:14:59.0492470+08:00 [INFO] [CreateRunConfig.ps1(ln:57)] - Key = AZURE_SUBSCRIPTION_ID, Value = ec27bf0e-5e9f-49de-a202-d79128bfd111
2017-07-12T22:14:59.0582548+08:00 [INFO] [CreateRunConfig.ps1(ln:57)] - Key = AZURE_SUBSCRIPTION_NAME, Value = Microsoft Azure Internal Consumption
2017-07-12T22:14:59.0642577+08:00 [INFO] [CreateRunConfig.ps1(ln:57)] - Key = AZURE_TENANT_ID, Value = 72f988bf-86f1-41af-91ab-2d7cd011db47
2017-07-12T22:14:59.0702719+08:00 [INFO] [CreateRunConfig.ps1(ln:57)] - Key = DOCUMENTDB, Value = true
2017-07-12T22:14:59.0762632+08:00 [INFO] [CreateRunConfig.ps1(ln:57)] - Key = DOCUMENTDB_ACCOUNT, Value = iot201707120034
2017-07-12T22:14:59.0822694+08:00 [INFO] [CreateRunConfig.ps1(ln:57)] - Key = DOCUMENTDB_COLLECTION, Value = iot201707120034
2017-07-12T22:14:59.0872625+08:00 [INFO] [CreateRunConfig.ps1(ln:57)] - Key = DOCUMENTDB_DATABASE, Value = iot201707120034
2017-07-12T22:14:59.0962638+08:00 [INFO] [CreateRunConfig.ps1(ln:57)] - Key = DOCUMENTDB_HOST, Value = https://iot201707120034.documents.azure.com:443/
2017-07-12T22:14:59.1022608+08:00 [INFO] [CreateRunConfig.ps1(ln:57)] - Key = EVENTHUBS, Value = true
2017-07-12T22:14:59.1122621+08:00 [INFO] [CreateRunConfig.ps1(ln:57)] - Key = EVENTHUBS_ENTITY_PATH, Value = iot201707120034
2017-07-12T22:14:59.1182624+08:00 [INFO] [CreateRunConfig.ps1(ln:57)] - Key = EVENTHUBS_FQDN_SUFFIX, Value = servicebus.windows.net
2017-07-12T22:14:59.1252649+08:00 [INFO] [CreateRunConfig.ps1(ln:57)] - Key = EVENTHUBS_NAMESPACE, Value = iot201707120034
2017-07-12T22:14:59.1302631+08:00 [INFO] [CreateRunConfig.ps1(ln:57)] - Key = EVENTHUBS_PARTITION_COUNT, Value = 2
2017-07-12T22:14:59.1362639+08:00 [INFO] [CreateRunConfig.ps1(ln:57)] - Key = EVENTHUBS_USERNAME, Value = root
2017-07-12T22:14:59.1412654+08:00 [INFO] [CreateRunConfig.ps1(ln:57)] - Key = HBASE, Value = {HBASE}
2017-07-12T22:14:59.1492634+08:00 [INFO] [CreateRunConfig.ps1(ln:57)] - Key = HBASE_CLUSTER_NAME, Value = hbaseiot201707120034
2017-07-12T22:14:59.1562750+08:00 [INFO] [CreateRunConfig.ps1(ln:57)] - Key = HBASE_CLUSTER_OS_TYPE, Value = Windows
2017-07-12T22:14:59.1637757+08:00 [INFO] [CreateRunConfig.ps1(ln:57)] - Key = HBASE_CLUSTER_SIZE, Value = 2
2017-07-12T22:14:59.1712927+08:00 [INFO] [CreateRunConfig.ps1(ln:57)] - Key = HBASE_CLUSTER_URL, Value = {HBASE_CLUSTER_URL}
2017-07-12T22:14:59.1812943+08:00 [INFO] [CreateRunConfig.ps1(ln:57)] - Key = HBASE_CLUSTER_USERNAME, Value = admin
2017-07-12T22:14:59.1892898+08:00 [INFO] [CreateRunConfig.ps1(ln:57)] - Key = KAFKA, Value = {KAFKA}
2017-07-12T22:14:59.1952923+08:00 [INFO] [CreateRunConfig.ps1(ln:57)] - Key = KAFKA_CLUSTER_NAME, Value = kafkaiot201707120034
2017-07-12T22:14:59.2323003+08:00 [INFO] [CreateRunConfig.ps1(ln:57)] - Key = KAFKA_CLUSTER_OS_TYPE, Value = Windows
2017-07-12T22:14:59.2392948+08:00 [INFO] [CreateRunConfig.ps1(ln:57)] - Key = KAFKA_CLUSTER_SIZE, Value = 2
2017-07-12T22:14:59.2462929+08:00 [INFO] [CreateRunConfig.ps1(ln:57)] - Key = KAFKA_CLUSTER_URL, Value = {KAFKA_CLUSTER_URL}
2017-07-12T22:14:59.2853069+08:00 [INFO] [CreateRunConfig.ps1(ln:57)] - Key = KAFKA_CLUSTER_USERNAME, Value = admin
2017-07-12T22:14:59.2923061+08:00 [INFO] [CreateRunConfig.ps1(ln:57)] - Key = SQLAZURE, Value = {SQLAZURE}
2017-07-12T22:14:59.2973058+08:00 [INFO] [CreateRunConfig.ps1(ln:57)] - Key = SQLAZURE_DB_NAME, Value = iot201707120034
2017-07-12T22:14:59.3043076+08:00 [INFO] [CreateRunConfig.ps1(ln:57)] - Key = SQLAZURE_SERVER_NAME, Value = iot201707120034
2017-07-12T22:14:59.3113079+08:00 [INFO] [CreateRunConfig.ps1(ln:57)] - Key = SQLAZURE_USER, Value = sqladmin
2017-07-12T22:14:59.3163083+08:00 [INFO] [CreateRunConfig.ps1(ln:57)] - Key = STORM_CLUSTER_NAME, Value = stormiot201707120034
2017-07-12T22:14:59.3233060+08:00 [INFO] [CreateRunConfig.ps1(ln:57)] - Key = STORM_CLUSTER_OS_TYPE, Value = Windows
2017-07-12T22:14:59.3273083+08:00 [INFO] [CreateRunConfig.ps1(ln:57)] - Key = STORM_CLUSTER_SIZE, Value = 2
2017-07-12T22:14:59.3323117+08:00 [INFO] [CreateRunConfig.ps1(ln:57)] - Key = STORM_CLUSTER_URL, Value = {STORM_CLUSTER_URL}
2017-07-12T22:14:59.3383098+08:00 [INFO] [CreateRunConfig.ps1(ln:57)] - Key = STORM_CLUSTER_USERNAME, Value = admin
2017-07-12T22:14:59.3473064+08:00 [INFO] [CreateRunConfig.ps1(ln:57)] - Key = SUBNET_NAME, Value = iot201707120034
2017-07-12T22:14:59.3528130+08:00 [INFO] [CreateRunConfig.ps1(ln:57)] - Key = VNET, Value = {VNET}
2017-07-12T22:14:59.3598140+08:00 [INFO] [CreateRunConfig.ps1(ln:57)] - Key = VNET_ID, Value = {VNET_ID}
2017-07-12T22:14:59.3643145+08:00 [INFO] [CreateRunConfig.ps1(ln:57)] - Key = VNET_NAME, Value = iot201707120034
2017-07-12T22:14:59.3703236+08:00 [INFO] [CreateRunConfig.ps1(ln:57)] - Key = VNET_VERSION, Value = Classic
2017-07-12T22:14:59.3763345+08:00 [INFO] [CreateRunConfig.ps1(ln:57)] - Key = WASB_ACCOUNT_NAME, Value = iot201707120034
2017-07-12T22:14:59.3813236+08:00 [INFO] [CreateRunConfig.ps1(ln:57)] - Key = WASB_CONTAINER, Value = iot201707120034
2017-07-12T22:14:59.6263549+08:00 [INFO] [ReadConfig.ps1(ln:26)] - Reading configurations from C:\Users\fuyujin\Source\Repos\hdinsight-storm-examples\IotExample\run\configurations.properties
2017-07-12T22:15:55.6451437+08:00 [INFO] [CreateAzureResources.ps1(ln:68)] - Using Azure RM Account: 
2017-07-12T22:16:01.7411754+08:00 [INFO] [CreateAzureResources.ps1(ln:74)] - Available Subscription Names:

Name     : Microsoft Azure Internal Consumption
Id       : ec27bf0e-5e9f-49de-a202-d79128bfd111
TenantId : 72f988bf-86f1-41af-91ab-2d7cd011db47
State    : Enabled




2017-07-12T22:16:08.6588249+08:00 [INFO] [ReplaceStringInFile.ps1(ln:33)] - Replacing configurations in C:\Users\fuyujin\Source\Repos\hdinsight-storm-examples\IotExample\run\configurations.properties
2017-07-12T22:16:08.8676009+08:00 [INFO] [ReplaceStringInFile.ps1(ln:33)] - Replacing configurations in C:\Users\fuyujin\Source\Repos\hdinsight-storm-examples\IotExample\run\configurations.properties
2017-07-12T22:16:09.8910980+08:00 [INFO] [ReplaceStringInFile.ps1(ln:33)] - Replacing configurations in C:\Users\fuyujin\Source\Repos\hdinsight-storm-examples\IotExample\run\configurations.properties
2017-07-12T22:16:09.9091046+08:00 [INFO] [ReplaceStringInFile.ps1(ln:33)] - Replacing configurations in C:\Users\fuyujin\Source\Repos\hdinsight-storm-examples\IotExample\run\configurations.properties
2017-07-12T22:16:10.0707693+08:00 [INFO] [ReplaceStringInFile.ps1(ln:33)] - Replacing configurations in C:\Users\fuyujin\Source\Repos\hdinsight-storm-examples\IotExample\run\configurations.properties
2017-07-12T22:16:10.0867676+08:00 [INFO] [ReadConfig.ps1(ln:26)] - Reading configurations from C:\Users\fuyujin\Source\Repos\hdinsight-storm-examples\IotExample\run\configurations.properties
2017-07-12T22:16:10.1018097+08:00 [INFO] [CreateAzureResources.ps1(ln:127)] - Current run configuration:
2017-07-12T22:16:10.1138090+08:00 [INFO] [CreateAzureResources.ps1(ln:128)] - Key = AZURE_LOCATION, Value = east asia
2017-07-12T22:16:10.1197689+08:00 [INFO] [CreateAzureResources.ps1(ln:128)] - Key = AZURE_RESOURCE_GROUP, Value = iot-group-201707120034
2017-07-12T22:16:10.1277731+08:00 [INFO] [CreateAzureResources.ps1(ln:128)] - Key = AZURE_SUBSCRIPTION_ID, Value = ec27bf0e-5e9f-49de-a202-d79128bfd111
2017-07-12T22:16:10.1408274+08:00 [INFO] [CreateAzureResources.ps1(ln:128)] - Key = AZURE_SUBSCRIPTION_NAME, Value = Microsoft Azure Internal Consumption
2017-07-12T22:16:10.1514245+08:00 [INFO] [CreateAzureResources.ps1(ln:128)] - Key = AZURE_TENANT_ID, Value = 72f988bf-86f1-41af-91ab-2d7cd011db47
2017-07-12T22:16:10.1604422+08:00 [INFO] [CreateAzureResources.ps1(ln:128)] - Key = DOCUMENTDB, Value = true
2017-07-12T22:16:10.1676901+08:00 [INFO] [CreateAzureResources.ps1(ln:128)] - Key = DOCUMENTDB_ACCOUNT, Value = iot201707120034
2017-07-12T22:16:10.1737371+08:00 [INFO] [CreateAzureResources.ps1(ln:128)] - Key = DOCUMENTDB_COLLECTION, Value = iot201707120034
2017-07-12T22:16:10.1846847+08:00 [INFO] [CreateAzureResources.ps1(ln:128)] - Key = DOCUMENTDB_DATABASE, Value = iot201707120034
2017-07-12T22:16:10.1905964+08:00 [INFO] [CreateAzureResources.ps1(ln:128)] - Key = DOCUMENTDB_HOST, Value = https://iot201707120034.documents.azure.com:443/
2017-07-12T22:16:10.1979563+08:00 [INFO] [CreateAzureResources.ps1(ln:128)] - Key = EVENTHUBS, Value = true
2017-07-12T22:16:10.2069568+08:00 [INFO] [CreateAzureResources.ps1(ln:128)] - Key = EVENTHUBS_ENTITY_PATH, Value = iot201707120034
2017-07-12T22:16:10.2179558+08:00 [INFO] [CreateAzureResources.ps1(ln:128)] - Key = EVENTHUBS_FQDN_SUFFIX, Value = servicebus.windows.net
2017-07-12T22:16:10.2249627+08:00 [INFO] [CreateAzureResources.ps1(ln:128)] - Key = EVENTHUBS_NAMESPACE, Value = iot201707120034
2017-07-12T22:16:10.2299715+08:00 [INFO] [CreateAzureResources.ps1(ln:128)] - Key = EVENTHUBS_PARTITION_COUNT, Value = 2
2017-07-12T22:16:10.2384637+08:00 [INFO] [CreateAzureResources.ps1(ln:128)] - Key = EVENTHUBS_USERNAME, Value = root
2017-07-12T22:16:10.2460416+08:00 [INFO] [CreateAzureResources.ps1(ln:128)] - Key = HBASE, Value = {HBASE}
2017-07-12T22:16:10.2520733+08:00 [INFO] [CreateAzureResources.ps1(ln:128)] - Key = HBASE_CLUSTER_NAME, Value = hbaseiot201707120034
2017-07-12T22:16:10.2570413+08:00 [INFO] [CreateAzureResources.ps1(ln:128)] - Key = HBASE_CLUSTER_OS_TYPE, Value = Windows
2017-07-12T22:16:10.2640365+08:00 [INFO] [CreateAzureResources.ps1(ln:128)] - Key = HBASE_CLUSTER_SIZE, Value = 2
2017-07-12T22:16:10.2738867+08:00 [INFO] [CreateAzureResources.ps1(ln:128)] - Key = HBASE_CLUSTER_URL, Value = {HBASE_CLUSTER_URL}
2017-07-12T22:16:10.2828749+08:00 [INFO] [CreateAzureResources.ps1(ln:128)] - Key = HBASE_CLUSTER_USERNAME, Value = admin
2017-07-12T22:16:10.2909254+08:00 [INFO] [CreateAzureResources.ps1(ln:128)] - Key = KAFKA, Value = {KAFKA}
2017-07-12T22:16:10.2969119+08:00 [INFO] [CreateAzureResources.ps1(ln:128)] - Key = KAFKA_CLUSTER_NAME, Value = kafkaiot201707120034
2017-07-12T22:16:10.3018792+08:00 [INFO] [CreateAzureResources.ps1(ln:128)] - Key = KAFKA_CLUSTER_OS_TYPE, Value = Windows
2017-07-12T22:16:10.3087260+08:00 [INFO] [CreateAzureResources.ps1(ln:128)] - Key = KAFKA_CLUSTER_SIZE, Value = 2
2017-07-12T22:16:10.3167204+08:00 [INFO] [CreateAzureResources.ps1(ln:128)] - Key = KAFKA_CLUSTER_URL, Value = {KAFKA_CLUSTER_URL}
2017-07-12T22:16:10.3257267+08:00 [INFO] [CreateAzureResources.ps1(ln:128)] - Key = KAFKA_CLUSTER_USERNAME, Value = admin
2017-07-12T22:16:10.3322551+08:00 [INFO] [CreateAzureResources.ps1(ln:128)] - Key = SQLAZURE, Value = {SQLAZURE}
2017-07-12T22:16:10.3397361+08:00 [INFO] [CreateAzureResources.ps1(ln:128)] - Key = SQLAZURE_DB_NAME, Value = iot201707120034
2017-07-12T22:16:10.3487483+08:00 [INFO] [CreateAzureResources.ps1(ln:128)] - Key = SQLAZURE_SERVER_NAME, Value = iot201707120034
2017-07-12T22:16:10.3577539+08:00 [INFO] [CreateAzureResources.ps1(ln:128)] - Key = SQLAZURE_USER, Value = sqladmin
2017-07-12T22:16:10.3627952+08:00 [INFO] [CreateAzureResources.ps1(ln:128)] - Key = STORM_CLUSTER_NAME, Value = stormiot201707120034
2017-07-12T22:16:10.3707524+08:00 [INFO] [CreateAzureResources.ps1(ln:128)] - Key = STORM_CLUSTER_OS_TYPE, Value = Windows
2017-07-12T22:16:10.3777509+08:00 [INFO] [CreateAzureResources.ps1(ln:128)] - Key = STORM_CLUSTER_SIZE, Value = 2
2017-07-12T22:16:10.3837502+08:00 [INFO] [CreateAzureResources.ps1(ln:128)] - Key = STORM_CLUSTER_URL, Value = {STORM_CLUSTER_URL}
2017-07-12T22:16:10.3927981+08:00 [INFO] [CreateAzureResources.ps1(ln:128)] - Key = STORM_CLUSTER_USERNAME, Value = admin
2017-07-12T22:16:10.4027567+08:00 [INFO] [CreateAzureResources.ps1(ln:128)] - Key = SUBNET_NAME, Value = iot201707120034
2017-07-12T22:16:10.4127513+08:00 [INFO] [CreateAzureResources.ps1(ln:128)] - Key = VNET, Value = {VNET}
2017-07-12T22:16:10.4187652+08:00 [INFO] [CreateAzureResources.ps1(ln:128)] - Key = VNET_ID, Value = {VNET_ID}
2017-07-12T22:16:10.4257538+08:00 [INFO] [CreateAzureResources.ps1(ln:128)] - Key = VNET_NAME, Value = iot201707120034
2017-07-12T22:16:10.4347671+08:00 [INFO] [CreateAzureResources.ps1(ln:128)] - Key = VNET_VERSION, Value = Classic
2017-07-12T22:16:10.4402726+08:00 [INFO] [CreateAzureResources.ps1(ln:128)] - Key = WASB_ACCOUNT_NAME, Value = iot201707120034
2017-07-12T22:16:10.4495229+08:00 [INFO] [CreateAzureResources.ps1(ln:128)] - Key = WASB_CONTAINER, Value = iot201707120034
2017-07-12T22:16:10.4566677+08:00 [INFO] [CreateAzureResources.ps1(ln:130)] - Using subscription: Microsoft Azure Internal Consumption - ec27bf0e-5e9f-49de-a202-d79128bfd111
2017-07-12T22:16:13.2522885+08:00 [INFO] [CreateAzureResources.ps1(ln:180)] - Step 0: Creating Azure Resource Group
2017-07-12T22:16:14.4910901+08:00 [INFO] [CreateAzureResources.ps1(ln:203)] - Step 2: Creating storage account and updating key in configurations.properties
2017-07-12T22:16:18.8542669+08:00 [INFO] [CreateStorageAccountARM.ps1(ln:45)] - Found an existing Storage account with same name: iot201707120034
2017-07-12T22:16:18.8597684+08:00 [INFO] [CreateStorageAccountARM.ps1(ln:54)] - Getting Storage Key for iot201707120034
2017-07-12T22:16:21.4306692+08:00 [INFO] [CreateStorageAccountARM.ps1(ln:59)] - Storage Account: iot201707120034 successfully created in Resource Group: iot-group-201707120034 at Location: east asia. Time: 6.9104636 secs
2017-07-12T22:16:21.4416751+08:00 [INFO] [ReplaceStringInFile.ps1(ln:33)] - Replacing configurations in C:\Users\fuyujin\Source\Repos\hdinsight-storm-examples\IotExample\run\configurations.properties
2017-07-12T22:16:36.4616028+08:00 [INFO] [CreateAzureResources.ps1(ln:233)] - Step 2.2: Creating Event Hubs
2017-07-12T22:16:36.4736002+08:00 [INFO] [(ln:)] - iot201707120034 iot201707120034 root east asia 2
2017-07-12T22:30:34.3128431+08:00 [INFO] [run.ps1(ln:29)] - Phase 1 - Prepare - Start - Preparing project configuration for C:\Users\fuyujin\Source\Repos\hdinsight-storm-examples\IotExample.
2017-07-12T22:30:34.4798923+08:00 [INFO] [CreateRunConfig.ps1(ln:33)] - Step 0: Creating Run Configuration
2017-07-12T22:30:34.6219166+08:00 [INFO] [GenerateRandomConfig.ps1(ln:87)] - Generating run configurations at C:\Users\fuyujin\Source\Repos\hdinsight-storm-examples\IotExample\run\configurations.properties
2017-07-12T22:30:34.6309193+08:00 [INFO] [GenerateRandomConfig.ps1(ln:96)] - An existing run configuration was found at C:\Users\fuyujin\Source\Repos\hdinsight-storm-examples\IotExample\run\configurations.properties, just updating newer entries.
2017-07-12T22:30:34.6559172+08:00 [INFO] [ReplaceStringInFile.ps1(ln:33)] - Replacing configurations in C:\Users\fuyujin\Source\Repos\hdinsight-storm-examples\IotExample\run\configurations.properties
2017-07-12T22:30:34.6949252+08:00 [INFO] [CreateRunConfig.ps1(ln:47)] - Merging Configurations with passed in values
2017-07-12T22:30:34.7039348+08:00 [INFO] [CreateRunConfig.ps1(ln:53)] - Updating Configurations with passed in values
2017-07-12T22:30:34.7139337+08:00 [INFO] [ReplaceStringInFile.ps1(ln:33)] - Replacing configurations in C:\Users\fuyujin\Source\Repos\hdinsight-storm-examples\IotExample\run\configurations.properties
2017-07-12T22:30:34.7459359+08:00 [INFO] [ReadConfig.ps1(ln:26)] - Reading configurations from C:\Users\fuyujin\Source\Repos\hdinsight-storm-examples\IotExample\run\configurations.properties
2017-07-12T22:30:34.8019496+08:00 [INFO] [CreateRunConfig.ps1(ln:57)] - Key = AZURE_LOCATION, Value = east asia
2017-07-12T22:30:34.8069475+08:00 [INFO] [CreateRunConfig.ps1(ln:57)] - Key = AZURE_RESOURCE_GROUP, Value = iot-group-201707120034
2017-07-12T22:30:34.8109509+08:00 [INFO] [CreateRunConfig.ps1(ln:57)] - Key = AZURE_SUBSCRIPTION_ID, Value = ec27bf0e-5e9f-49de-a202-d79128bfd111
2017-07-12T22:30:34.8179489+08:00 [INFO] [CreateRunConfig.ps1(ln:57)] - Key = AZURE_SUBSCRIPTION_NAME, Value = Microsoft Azure Internal Consumption
2017-07-12T22:30:34.8239525+08:00 [INFO] [CreateRunConfig.ps1(ln:57)] - Key = AZURE_TENANT_ID, Value = 72f988bf-86f1-41af-91ab-2d7cd011db47
2017-07-12T22:30:34.8299521+08:00 [INFO] [CreateRunConfig.ps1(ln:57)] - Key = DOCUMENTDB, Value = true
2017-07-12T22:30:34.8349547+08:00 [INFO] [CreateRunConfig.ps1(ln:57)] - Key = DOCUMENTDB_ACCOUNT, Value = iot201707120034
2017-07-12T22:30:34.8409495+08:00 [INFO] [CreateRunConfig.ps1(ln:57)] - Key = DOCUMENTDB_COLLECTION, Value = iot201707120034
2017-07-12T22:30:34.8459507+08:00 [INFO] [CreateRunConfig.ps1(ln:57)] - Key = DOCUMENTDB_DATABASE, Value = iot201707120034
2017-07-12T22:30:34.8539505+08:00 [INFO] [CreateRunConfig.ps1(ln:57)] - Key = DOCUMENTDB_HOST, Value = https://iot201707120034.documents.azure.com:443/
2017-07-12T22:30:34.8609507+08:00 [INFO] [CreateRunConfig.ps1(ln:57)] - Key = EVENTHUBS, Value = true
2017-07-12T22:30:34.8659515+08:00 [INFO] [CreateRunConfig.ps1(ln:57)] - Key = EVENTHUBS_ENTITY_PATH, Value = iot201707120034
2017-07-12T22:30:34.8749520+08:00 [INFO] [CreateRunConfig.ps1(ln:57)] - Key = EVENTHUBS_FQDN_SUFFIX, Value = servicebus.windows.net
2017-07-12T22:30:34.8844608+08:00 [INFO] [CreateRunConfig.ps1(ln:57)] - Key = EVENTHUBS_NAMESPACE, Value = iot201707120034
2017-07-12T22:30:34.8929588+08:00 [INFO] [CreateRunConfig.ps1(ln:57)] - Key = EVENTHUBS_PARTITION_COUNT, Value = 2
2017-07-12T22:30:34.8979603+08:00 [INFO] [CreateRunConfig.ps1(ln:57)] - Key = EVENTHUBS_USERNAME, Value = root
2017-07-12T22:30:34.9019677+08:00 [INFO] [CreateRunConfig.ps1(ln:57)] - Key = HBASE, Value = {HBASE}
2017-07-12T22:30:34.9079760+08:00 [INFO] [CreateRunConfig.ps1(ln:57)] - Key = HBASE_CLUSTER_NAME, Value = hbaseiot201707120034
2017-07-12T22:30:34.9129709+08:00 [INFO] [CreateRunConfig.ps1(ln:57)] - Key = HBASE_CLUSTER_OS_TYPE, Value = Windows
2017-07-12T22:30:34.9179720+08:00 [INFO] [CreateRunConfig.ps1(ln:57)] - Key = HBASE_CLUSTER_SIZE, Value = 2
2017-07-12T22:30:34.9229677+08:00 [INFO] [CreateRunConfig.ps1(ln:57)] - Key = HBASE_CLUSTER_URL, Value = {HBASE_CLUSTER_URL}
2017-07-12T22:30:34.9289680+08:00 [INFO] [CreateRunConfig.ps1(ln:57)] - Key = HBASE_CLUSTER_USERNAME, Value = admin
2017-07-12T22:30:34.9329677+08:00 [INFO] [CreateRunConfig.ps1(ln:57)] - Key = KAFKA, Value = {KAFKA}
2017-07-12T22:30:34.9409683+08:00 [INFO] [CreateRunConfig.ps1(ln:57)] - Key = KAFKA_CLUSTER_NAME, Value = kafkaiot201707120034
2017-07-12T22:30:34.9959737+08:00 [INFO] [CreateRunConfig.ps1(ln:57)] - Key = KAFKA_CLUSTER_OS_TYPE, Value = Windows
2017-07-12T22:30:35.0005025+08:00 [INFO] [CreateRunConfig.ps1(ln:57)] - Key = KAFKA_CLUSTER_SIZE, Value = 2
2017-07-12T22:30:35.0075024+08:00 [INFO] [CreateRunConfig.ps1(ln:57)] - Key = KAFKA_CLUSTER_URL, Value = {KAFKA_CLUSTER_URL}
2017-07-12T22:30:35.0185072+08:00 [INFO] [CreateRunConfig.ps1(ln:57)] - Key = KAFKA_CLUSTER_USERNAME, Value = admin
2017-07-12T22:30:35.0255041+08:00 [INFO] [CreateRunConfig.ps1(ln:57)] - Key = SQLAZURE, Value = {SQLAZURE}
2017-07-12T22:30:35.0315056+08:00 [INFO] [CreateRunConfig.ps1(ln:57)] - Key = SQLAZURE_DB_NAME, Value = iot201707120034
2017-07-12T22:30:35.0385047+08:00 [INFO] [CreateRunConfig.ps1(ln:57)] - Key = SQLAZURE_SERVER_NAME, Value = iot201707120034
2017-07-12T22:30:35.0445039+08:00 [INFO] [CreateRunConfig.ps1(ln:57)] - Key = SQLAZURE_USER, Value = sqladmin
2017-07-12T22:30:35.0515053+08:00 [INFO] [CreateRunConfig.ps1(ln:57)] - Key = STORM_CLUSTER_NAME, Value = stormiot201707120034
2017-07-12T22:30:35.0605010+08:00 [INFO] [CreateRunConfig.ps1(ln:57)] - Key = STORM_CLUSTER_OS_TYPE, Value = Windows
2017-07-12T22:30:35.0655014+08:00 [INFO] [CreateRunConfig.ps1(ln:57)] - Key = STORM_CLUSTER_SIZE, Value = 2
2017-07-12T22:30:35.0705066+08:00 [INFO] [CreateRunConfig.ps1(ln:57)] - Key = STORM_CLUSTER_URL, Value = {STORM_CLUSTER_URL}
2017-07-12T22:30:35.0765134+08:00 [INFO] [CreateRunConfig.ps1(ln:57)] - Key = STORM_CLUSTER_USERNAME, Value = admin
2017-07-12T22:30:35.0805030+08:00 [INFO] [CreateRunConfig.ps1(ln:57)] - Key = SUBNET_NAME, Value = iot201707120034
2017-07-12T22:30:35.0850129+08:00 [INFO] [CreateRunConfig.ps1(ln:57)] - Key = VNET, Value = {VNET}
2017-07-12T22:30:35.0895224+08:00 [INFO] [CreateRunConfig.ps1(ln:57)] - Key = VNET_ID, Value = {VNET_ID}
2017-07-12T22:30:35.0935167+08:00 [INFO] [CreateRunConfig.ps1(ln:57)] - Key = VNET_NAME, Value = iot201707120034
2017-07-12T22:30:35.0985171+08:00 [INFO] [CreateRunConfig.ps1(ln:57)] - Key = VNET_VERSION, Value = Classic
2017-07-12T22:30:35.1030525+08:00 [INFO] [CreateRunConfig.ps1(ln:57)] - Key = WASB_ACCOUNT_NAME, Value = iot201707120034
2017-07-12T22:30:35.1090528+08:00 [INFO] [CreateRunConfig.ps1(ln:57)] - Key = WASB_CONTAINER, Value = iot201707120034
2017-07-12T22:30:35.2968570+08:00 [INFO] [ReadConfig.ps1(ln:26)] - Reading configurations from C:\Users\fuyujin\Source\Repos\hdinsight-storm-examples\IotExample\run\configurations.properties
2017-07-12T22:31:42.2621941+08:00 [INFO] [CreateAzureResources.ps1(ln:68)] - Using Azure RM Account: 
2017-07-12T22:31:48.0967582+08:00 [INFO] [CreateAzureResources.ps1(ln:74)] - Available Subscription Names:

Name     : Microsoft Azure Internal Consumption
Id       : ec27bf0e-5e9f-49de-a202-d79128bfd111
TenantId : 72f988bf-86f1-41af-91ab-2d7cd011db47
State    : Enabled




2017-07-12T22:31:56.6295886+08:00 [INFO] [ReplaceStringInFile.ps1(ln:33)] - Replacing configurations in C:\Users\fuyujin\Source\Repos\hdinsight-storm-examples\IotExample\run\configurations.properties
2017-07-12T22:31:59.7051353+08:00 [INFO] [ReplaceStringInFile.ps1(ln:33)] - Replacing configurations in C:\Users\fuyujin\Source\Repos\hdinsight-storm-examples\IotExample\run\configurations.properties
2017-07-12T22:32:00.7644865+08:00 [INFO] [ReplaceStringInFile.ps1(ln:33)] - Replacing configurations in C:\Users\fuyujin\Source\Repos\hdinsight-storm-examples\IotExample\run\configurations.properties
2017-07-12T22:32:00.7824951+08:00 [INFO] [ReplaceStringInFile.ps1(ln:33)] - Replacing configurations in C:\Users\fuyujin\Source\Repos\hdinsight-storm-examples\IotExample\run\configurations.properties
2017-07-12T22:32:01.2027357+08:00 [INFO] [ReplaceStringInFile.ps1(ln:33)] - Replacing configurations in C:\Users\fuyujin\Source\Repos\hdinsight-storm-examples\IotExample\run\configurations.properties
2017-07-12T22:32:01.2157859+08:00 [INFO] [ReadConfig.ps1(ln:26)] - Reading configurations from C:\Users\fuyujin\Source\Repos\hdinsight-storm-examples\IotExample\run\configurations.properties
2017-07-12T22:32:01.2253192+08:00 [INFO] [CreateAzureResources.ps1(ln:127)] - Current run configuration:
2017-07-12T22:32:01.2353163+08:00 [INFO] [CreateAzureResources.ps1(ln:128)] - Key = AZURE_LOCATION, Value = east asia
2017-07-12T22:32:01.2413823+08:00 [INFO] [CreateAzureResources.ps1(ln:128)] - Key = AZURE_RESOURCE_GROUP, Value = iot-group-201707120034
2017-07-12T22:32:01.2493416+08:00 [INFO] [CreateAzureResources.ps1(ln:128)] - Key = AZURE_SUBSCRIPTION_ID, Value = ec27bf0e-5e9f-49de-a202-d79128bfd111
2017-07-12T22:32:01.2573830+08:00 [INFO] [CreateAzureResources.ps1(ln:128)] - Key = AZURE_SUBSCRIPTION_NAME, Value = Microsoft Azure Internal Consumption
2017-07-12T22:32:01.2633403+08:00 [INFO] [CreateAzureResources.ps1(ln:128)] - Key = AZURE_TENANT_ID, Value = 72f988bf-86f1-41af-91ab-2d7cd011db47
2017-07-12T22:32:01.2723386+08:00 [INFO] [CreateAzureResources.ps1(ln:128)] - Key = DOCUMENTDB, Value = true
2017-07-12T22:32:01.2793454+08:00 [INFO] [CreateAzureResources.ps1(ln:128)] - Key = DOCUMENTDB_ACCOUNT, Value = iot201707120034
2017-07-12T22:32:01.2893433+08:00 [INFO] [CreateAzureResources.ps1(ln:128)] - Key = DOCUMENTDB_COLLECTION, Value = iot201707120034
2017-07-12T22:32:01.2996774+08:00 [INFO] [CreateAzureResources.ps1(ln:128)] - Key = DOCUMENTDB_DATABASE, Value = iot201707120034
2017-07-12T22:32:01.3066732+08:00 [INFO] [CreateAzureResources.ps1(ln:128)] - Key = DOCUMENTDB_HOST, Value = https://iot201707120034.documents.azure.com:443/
2017-07-12T22:32:01.3117874+08:00 [INFO] [CreateAzureResources.ps1(ln:128)] - Key = EVENTHUBS, Value = true
2017-07-12T22:32:01.3193846+08:00 [INFO] [CreateAzureResources.ps1(ln:128)] - Key = EVENTHUBS_ENTITY_PATH, Value = iot201707120034
2017-07-12T22:32:01.3263802+08:00 [INFO] [CreateAzureResources.ps1(ln:128)] - Key = EVENTHUBS_FQDN_SUFFIX, Value = servicebus.windows.net
2017-07-12T22:32:01.3334599+08:00 [INFO] [CreateAzureResources.ps1(ln:128)] - Key = EVENTHUBS_NAMESPACE, Value = iot201707120034
2017-07-12T22:32:01.3404303+08:00 [INFO] [CreateAzureResources.ps1(ln:128)] - Key = EVENTHUBS_PARTITION_COUNT, Value = 2
2017-07-12T22:32:01.3508836+08:00 [INFO] [CreateAzureResources.ps1(ln:128)] - Key = EVENTHUBS_USERNAME, Value = root
2017-07-12T22:32:01.3578795+08:00 [INFO] [CreateAzureResources.ps1(ln:128)] - Key = HBASE, Value = {HBASE}
2017-07-12T22:32:01.3648881+08:00 [INFO] [CreateAzureResources.ps1(ln:128)] - Key = HBASE_CLUSTER_NAME, Value = hbaseiot201707120034
2017-07-12T22:32:01.3709213+08:00 [INFO] [CreateAzureResources.ps1(ln:128)] - Key = HBASE_CLUSTER_OS_TYPE, Value = Windows
2017-07-12T22:32:01.3779168+08:00 [INFO] [CreateAzureResources.ps1(ln:128)] - Key = HBASE_CLUSTER_SIZE, Value = 2
2017-07-12T22:32:01.3844904+08:00 [INFO] [CreateAzureResources.ps1(ln:128)] - Key = HBASE_CLUSTER_URL, Value = {HBASE_CLUSTER_URL}
2017-07-12T22:32:01.3965340+08:00 [INFO] [CreateAzureResources.ps1(ln:128)] - Key = HBASE_CLUSTER_USERNAME, Value = admin
2017-07-12T22:32:01.4032294+08:00 [INFO] [CreateAzureResources.ps1(ln:128)] - Key = KAFKA, Value = {KAFKA}
2017-07-12T22:32:01.4092611+08:00 [INFO] [CreateAzureResources.ps1(ln:128)] - Key = KAFKA_CLUSTER_NAME, Value = kafkaiot201707120034
2017-07-12T22:32:01.4152592+08:00 [INFO] [CreateAzureResources.ps1(ln:128)] - Key = KAFKA_CLUSTER_OS_TYPE, Value = Windows
2017-07-12T22:32:01.4261506+08:00 [INFO] [CreateAzureResources.ps1(ln:128)] - Key = KAFKA_CLUSTER_SIZE, Value = 2
2017-07-12T22:32:01.4321527+08:00 [INFO] [CreateAzureResources.ps1(ln:128)] - Key = KAFKA_CLUSTER_URL, Value = {KAFKA_CLUSTER_URL}
2017-07-12T22:32:01.4381494+08:00 [INFO] [CreateAzureResources.ps1(ln:128)] - Key = KAFKA_CLUSTER_USERNAME, Value = admin
2017-07-12T22:32:01.4467699+08:00 [INFO] [CreateAzureResources.ps1(ln:128)] - Key = SQLAZURE, Value = {SQLAZURE}
2017-07-12T22:32:01.4578173+08:00 [INFO] [CreateAzureResources.ps1(ln:128)] - Key = SQLAZURE_DB_NAME, Value = iot201707120034
2017-07-12T22:32:01.4637698+08:00 [INFO] [CreateAzureResources.ps1(ln:128)] - Key = SQLAZURE_SERVER_NAME, Value = iot201707120034
2017-07-12T22:32:01.4717685+08:00 [INFO] [CreateAzureResources.ps1(ln:128)] - Key = SQLAZURE_USER, Value = sqladmin
2017-07-12T22:32:01.4757683+08:00 [INFO] [CreateAzureResources.ps1(ln:128)] - Key = STORM_CLUSTER_NAME, Value = stormiot201707120034
2017-07-12T22:32:01.4837685+08:00 [INFO] [CreateAzureResources.ps1(ln:128)] - Key = STORM_CLUSTER_OS_TYPE, Value = Windows
2017-07-12T22:32:01.4937722+08:00 [INFO] [CreateAzureResources.ps1(ln:128)] - Key = STORM_CLUSTER_SIZE, Value = 2
2017-07-12T22:32:01.4988199+08:00 [INFO] [CreateAzureResources.ps1(ln:128)] - Key = STORM_CLUSTER_URL, Value = {STORM_CLUSTER_URL}
2017-07-12T22:32:01.5057717+08:00 [INFO] [CreateAzureResources.ps1(ln:128)] - Key = STORM_CLUSTER_USERNAME, Value = admin
2017-07-12T22:32:01.5127829+08:00 [INFO] [CreateAzureResources.ps1(ln:128)] - Key = SUBNET_NAME, Value = iot201707120034
2017-07-12T22:32:01.5217819+08:00 [INFO] [CreateAzureResources.ps1(ln:128)] - Key = VNET, Value = {VNET}
2017-07-12T22:32:01.5297828+08:00 [INFO] [CreateAzureResources.ps1(ln:128)] - Key = VNET_ID, Value = {VNET_ID}
2017-07-12T22:32:01.5377823+08:00 [INFO] [CreateAzureResources.ps1(ln:128)] - Key = VNET_NAME, Value = iot201707120034
2017-07-12T22:32:01.5437808+08:00 [INFO] [CreateAzureResources.ps1(ln:128)] - Key = VNET_VERSION, Value = Classic
2017-07-12T22:32:01.5487907+08:00 [INFO] [CreateAzureResources.ps1(ln:128)] - Key = WASB_ACCOUNT_NAME, Value = iot201707120034
2017-07-12T22:32:01.5576125+08:00 [INFO] [CreateAzureResources.ps1(ln:128)] - Key = WASB_CONTAINER, Value = iot201707120034
2017-07-12T22:32:01.5656101+08:00 [INFO] [CreateAzureResources.ps1(ln:130)] - Using subscription: Microsoft Azure Internal Consumption - ec27bf0e-5e9f-49de-a202-d79128bfd111
2017-07-12T22:32:04.3365443+08:00 [INFO] [CreateAzureResources.ps1(ln:180)] - Step 0: Creating Azure Resource Group
2017-07-12T22:32:05.8040487+08:00 [INFO] [CreateAzureResources.ps1(ln:203)] - Step 2: Creating storage account and updating key in configurations.properties
2017-07-12T22:32:08.3685392+08:00 [INFO] [CreateStorageAccountARM.ps1(ln:45)] - Found an existing Storage account with same name: iot201707120034
2017-07-12T22:32:08.3746413+08:00 [INFO] [CreateStorageAccountARM.ps1(ln:54)] - Getting Storage Key for iot201707120034
2017-07-12T22:32:10.9100390+08:00 [INFO] [CreateStorageAccountARM.ps1(ln:59)] - Storage Account: iot201707120034 successfully created in Resource Group: iot-group-201707120034 at Location: east asia. Time: 5.0644799 secs
2017-07-12T22:32:10.9210502+08:00 [INFO] [ReplaceStringInFile.ps1(ln:33)] - Replacing configurations in C:\Users\fuyujin\Source\Repos\hdinsight-storm-examples\IotExample\run\configurations.properties
2017-07-12T22:32:25.9406022+08:00 [INFO] [CreateAzureResources.ps1(ln:233)] - Step 2.2: Creating Event Hubs
2017-07-12T22:32:25.9476035+08:00 [INFO] [(ln:)] - iot201707120034 iot201707120034 root east asia 2
2017-07-12T22:42:24.6931098+08:00 [INFO] [run.ps1(ln:29)] - Phase 1 - Prepare - Start - Preparing project configuration for C:\Users\fuyujin\Source\Repos\hdinsight-storm-examples\IotExample.
2017-07-12T22:42:24.8566239+08:00 [INFO] [CreateRunConfig.ps1(ln:33)] - Step 0: Creating Run Configuration
2017-07-12T22:42:24.9826482+08:00 [INFO] [GenerateRandomConfig.ps1(ln:87)] - Generating run configurations at C:\Users\fuyujin\Source\Repos\hdinsight-storm-examples\IotExample\run\configurations.properties
2017-07-12T22:42:24.9906444+08:00 [INFO] [GenerateRandomConfig.ps1(ln:96)] - An existing run configuration was found at C:\Users\fuyujin\Source\Repos\hdinsight-storm-examples\IotExample\run\configurations.properties, just updating newer entries.
2017-07-12T22:42:25.0226436+08:00 [INFO] [ReplaceStringInFile.ps1(ln:33)] - Replacing configurations in C:\Users\fuyujin\Source\Repos\hdinsight-storm-examples\IotExample\run\configurations.properties
2017-07-12T22:42:25.0546524+08:00 [INFO] [CreateRunConfig.ps1(ln:47)] - Merging Configurations with passed in values
2017-07-12T22:42:25.0626635+08:00 [INFO] [CreateRunConfig.ps1(ln:53)] - Updating Configurations with passed in values
2017-07-12T22:42:25.0746638+08:00 [INFO] [ReplaceStringInFile.ps1(ln:33)] - Replacing configurations in C:\Users\fuyujin\Source\Repos\hdinsight-storm-examples\IotExample\run\configurations.properties
2017-07-12T22:42:25.1047052+08:00 [INFO] [ReadConfig.ps1(ln:26)] - Reading configurations from C:\Users\fuyujin\Source\Repos\hdinsight-storm-examples\IotExample\run\configurations.properties
2017-07-12T22:42:25.1542565+08:00 [INFO] [CreateRunConfig.ps1(ln:57)] - Key = AZURE_LOCATION, Value = east asia
2017-07-12T22:42:25.1607663+08:00 [INFO] [CreateRunConfig.ps1(ln:57)] - Key = AZURE_RESOURCE_GROUP, Value = iot-group-201707120034
2017-07-12T22:42:25.1667218+08:00 [INFO] [CreateRunConfig.ps1(ln:57)] - Key = AZURE_SUBSCRIPTION_ID, Value = ec27bf0e-5e9f-49de-a202-d79128bfd111
2017-07-12T22:42:25.1727290+08:00 [INFO] [CreateRunConfig.ps1(ln:57)] - Key = AZURE_SUBSCRIPTION_NAME, Value = Microsoft Azure Internal Consumption
2017-07-12T22:42:25.1787257+08:00 [INFO] [CreateRunConfig.ps1(ln:57)] - Key = AZURE_TENANT_ID, Value = 72f988bf-86f1-41af-91ab-2d7cd011db47
2017-07-12T22:42:25.1847231+08:00 [INFO] [CreateRunConfig.ps1(ln:57)] - Key = DOCUMENTDB, Value = true
2017-07-12T22:42:25.1897209+08:00 [INFO] [CreateRunConfig.ps1(ln:57)] - Key = DOCUMENTDB_ACCOUNT, Value = iot201707120034
2017-07-12T22:42:25.1957843+08:00 [INFO] [CreateRunConfig.ps1(ln:57)] - Key = DOCUMENTDB_COLLECTION, Value = iot201707120034
2017-07-12T22:42:25.2037185+08:00 [INFO] [CreateRunConfig.ps1(ln:57)] - Key = DOCUMENTDB_DATABASE, Value = iot201707120034
2017-07-12T22:42:25.2097181+08:00 [INFO] [CreateRunConfig.ps1(ln:57)] - Key = DOCUMENTDB_HOST, Value = https://iot201707120034.documents.azure.com:443/
2017-07-12T22:42:25.2177238+08:00 [INFO] [CreateRunConfig.ps1(ln:57)] - Key = EVENTHUBS, Value = true
2017-07-12T22:42:25.2257221+08:00 [INFO] [CreateRunConfig.ps1(ln:57)] - Key = EVENTHUBS_ENTITY_PATH, Value = iot201707120034
2017-07-12T22:42:25.2347259+08:00 [INFO] [CreateRunConfig.ps1(ln:57)] - Key = EVENTHUBS_FQDN_SUFFIX, Value = servicebus.windows.net
2017-07-12T22:42:25.2407310+08:00 [INFO] [CreateRunConfig.ps1(ln:57)] - Key = EVENTHUBS_NAMESPACE, Value = iot201707120034
2017-07-12T22:42:25.2467400+08:00 [INFO] [CreateRunConfig.ps1(ln:57)] - Key = EVENTHUBS_PARTITION_COUNT, Value = 2
2017-07-12T22:42:25.2532363+08:00 [INFO] [CreateRunConfig.ps1(ln:57)] - Key = EVENTHUBS_USERNAME, Value = root
2017-07-12T22:42:25.2582469+08:00 [INFO] [CreateRunConfig.ps1(ln:57)] - Key = HBASE, Value = {HBASE}
2017-07-12T22:42:25.2633272+08:00 [INFO] [CreateRunConfig.ps1(ln:57)] - Key = HBASE_CLUSTER_NAME, Value = hbaseiot201707120034
2017-07-12T22:42:25.2713281+08:00 [INFO] [CreateRunConfig.ps1(ln:57)] - Key = HBASE_CLUSTER_OS_TYPE, Value = Windows
2017-07-12T22:42:25.2763555+08:00 [INFO] [CreateRunConfig.ps1(ln:57)] - Key = HBASE_CLUSTER_SIZE, Value = 2
2017-07-12T22:42:25.2813249+08:00 [INFO] [CreateRunConfig.ps1(ln:57)] - Key = HBASE_CLUSTER_URL, Value = {HBASE_CLUSTER_URL}
2017-07-12T22:42:25.2893250+08:00 [INFO] [CreateRunConfig.ps1(ln:57)] - Key = HBASE_CLUSTER_USERNAME, Value = admin
2017-07-12T22:42:25.2943243+08:00 [INFO] [CreateRunConfig.ps1(ln:57)] - Key = KAFKA, Value = {KAFKA}
2017-07-12T22:42:25.3083212+08:00 [INFO] [CreateRunConfig.ps1(ln:57)] - Key = KAFKA_CLUSTER_NAME, Value = kafkaiot201707120034
2017-07-12T22:42:25.3618307+08:00 [INFO] [CreateRunConfig.ps1(ln:57)] - Key = KAFKA_CLUSTER_OS_TYPE, Value = Windows
2017-07-12T22:42:25.3688372+08:00 [INFO] [CreateRunConfig.ps1(ln:57)] - Key = KAFKA_CLUSTER_SIZE, Value = 2
2017-07-12T22:42:25.3788343+08:00 [INFO] [CreateRunConfig.ps1(ln:57)] - Key = KAFKA_CLUSTER_URL, Value = {KAFKA_CLUSTER_URL}
2017-07-12T22:42:25.3898354+08:00 [INFO] [CreateRunConfig.ps1(ln:57)] - Key = KAFKA_CLUSTER_USERNAME, Value = admin
2017-07-12T22:42:25.3958350+08:00 [INFO] [CreateRunConfig.ps1(ln:57)] - Key = SQLAZURE, Value = {SQLAZURE}
2017-07-12T22:42:25.4018356+08:00 [INFO] [CreateRunConfig.ps1(ln:57)] - Key = SQLAZURE_DB_NAME, Value = iot201707120034
2017-07-12T22:42:25.4088355+08:00 [INFO] [CreateRunConfig.ps1(ln:57)] - Key = SQLAZURE_SERVER_NAME, Value = iot201707120034
2017-07-12T22:42:25.4178335+08:00 [INFO] [CreateRunConfig.ps1(ln:57)] - Key = SQLAZURE_USER, Value = sqladmin
2017-07-12T22:42:25.4208344+08:00 [INFO] [CreateRunConfig.ps1(ln:57)] - Key = STORM_CLUSTER_NAME, Value = stormiot201707120034
2017-07-12T22:42:25.4258337+08:00 [INFO] [CreateRunConfig.ps1(ln:57)] - Key = STORM_CLUSTER_OS_TYPE, Value = Windows
2017-07-12T22:42:25.4308326+08:00 [INFO] [CreateRunConfig.ps1(ln:57)] - Key = STORM_CLUSTER_SIZE, Value = 2
2017-07-12T22:42:25.4358344+08:00 [INFO] [CreateRunConfig.ps1(ln:57)] - Key = STORM_CLUSTER_URL, Value = {STORM_CLUSTER_URL}
2017-07-12T22:42:25.4408345+08:00 [INFO] [CreateRunConfig.ps1(ln:57)] - Key = STORM_CLUSTER_USERNAME, Value = admin
2017-07-12T22:42:25.4458389+08:00 [INFO] [CreateRunConfig.ps1(ln:57)] - Key = SUBNET_NAME, Value = iot201707120034
2017-07-12T22:42:25.4498415+08:00 [INFO] [CreateRunConfig.ps1(ln:57)] - Key = VNET, Value = {VNET}
2017-07-12T22:42:25.4568392+08:00 [INFO] [CreateRunConfig.ps1(ln:57)] - Key = VNET_ID, Value = {VNET_ID}
2017-07-12T22:42:25.4604476+08:00 [INFO] [CreateRunConfig.ps1(ln:57)] - Key = VNET_NAME, Value = iot201707120034
2017-07-12T22:42:25.4655181+08:00 [INFO] [CreateRunConfig.ps1(ln:57)] - Key = VNET_VERSION, Value = Classic
2017-07-12T22:42:25.4715180+08:00 [INFO] [CreateRunConfig.ps1(ln:57)] - Key = WASB_ACCOUNT_NAME, Value = iot201707120034
2017-07-12T22:42:25.4755196+08:00 [INFO] [CreateRunConfig.ps1(ln:57)] - Key = WASB_CONTAINER, Value = iot201707120034
2017-07-12T22:42:25.6730911+08:00 [INFO] [ReadConfig.ps1(ln:26)] - Reading configurations from C:\Users\fuyujin\Source\Repos\hdinsight-storm-examples\IotExample\run\configurations.properties
2017-07-12T22:44:18.2909453+08:00 [INFO] [CreateAzureResources.ps1(ln:68)] - Using Azure RM Account: 
2017-07-12T22:44:25.0065944+08:00 [INFO] [CreateAzureResources.ps1(ln:74)] - Available Subscription Names:

Name     : Microsoft Azure Internal Consumption
Id       : ec27bf0e-5e9f-49de-a202-d79128bfd111
TenantId : 72f988bf-86f1-41af-91ab-2d7cd011db47
State    : Enabled




2017-07-12T22:44:31.4478748+08:00 [INFO] [ReplaceStringInFile.ps1(ln:33)] - Replacing configurations in C:\Users\fuyujin\Source\Repos\hdinsight-storm-examples\IotExample\run\configurations.properties
2017-07-12T22:44:37.7937106+08:00 [INFO] [ReplaceStringInFile.ps1(ln:33)] - Replacing configurations in C:\Users\fuyujin\Source\Repos\hdinsight-storm-examples\IotExample\run\configurations.properties
2017-07-12T22:44:38.8451542+08:00 [INFO] [ReplaceStringInFile.ps1(ln:33)] - Replacing configurations in C:\Users\fuyujin\Source\Repos\hdinsight-storm-examples\IotExample\run\configurations.properties
2017-07-12T22:44:38.8631216+08:00 [INFO] [ReplaceStringInFile.ps1(ln:33)] - Replacing configurations in C:\Users\fuyujin\Source\Repos\hdinsight-storm-examples\IotExample\run\configurations.properties
2017-07-12T22:44:39.4518155+08:00 [INFO] [ReplaceStringInFile.ps1(ln:33)] - Replacing configurations in C:\Users\fuyujin\Source\Repos\hdinsight-storm-examples\IotExample\run\configurations.properties
2017-07-12T22:44:39.4648186+08:00 [INFO] [ReadConfig.ps1(ln:26)] - Reading configurations from C:\Users\fuyujin\Source\Repos\hdinsight-storm-examples\IotExample\run\configurations.properties
2017-07-12T22:44:39.4738173+08:00 [INFO] [CreateAzureResources.ps1(ln:127)] - Current run configuration:
2017-07-12T22:44:39.4868135+08:00 [INFO] [CreateAzureResources.ps1(ln:128)] - Key = AZURE_LOCATION, Value = east asia
2017-07-12T22:44:39.4931420+08:00 [INFO] [CreateAzureResources.ps1(ln:128)] - Key = AZURE_RESOURCE_GROUP, Value = iot-group-201707120034
2017-07-12T22:44:39.5011418+08:00 [INFO] [CreateAzureResources.ps1(ln:128)] - Key = AZURE_SUBSCRIPTION_ID, Value = ec27bf0e-5e9f-49de-a202-d79128bfd111
2017-07-12T22:44:39.5071509+08:00 [INFO] [CreateAzureResources.ps1(ln:128)] - Key = AZURE_SUBSCRIPTION_NAME, Value = Microsoft Azure Internal Consumption
2017-07-12T22:44:39.5131523+08:00 [INFO] [CreateAzureResources.ps1(ln:128)] - Key = AZURE_TENANT_ID, Value = 72f988bf-86f1-41af-91ab-2d7cd011db47
2017-07-12T22:44:39.5201507+08:00 [INFO] [CreateAzureResources.ps1(ln:128)] - Key = DOCUMENTDB, Value = true
2017-07-12T22:44:39.5281611+08:00 [INFO] [CreateAzureResources.ps1(ln:128)] - Key = DOCUMENTDB_ACCOUNT, Value = iot201707120034
2017-07-12T22:44:39.5351618+08:00 [INFO] [CreateAzureResources.ps1(ln:128)] - Key = DOCUMENTDB_COLLECTION, Value = iot201707120034
2017-07-12T22:44:39.5424585+08:00 [INFO] [CreateAzureResources.ps1(ln:128)] - Key = DOCUMENTDB_DATABASE, Value = iot201707120034
2017-07-12T22:44:39.5494562+08:00 [INFO] [CreateAzureResources.ps1(ln:128)] - Key = DOCUMENTDB_HOST, Value = https://iot201707120034.documents.azure.com:443/
2017-07-12T22:44:39.5565097+08:00 [INFO] [CreateAzureResources.ps1(ln:128)] - Key = EVENTHUBS, Value = true
2017-07-12T22:44:39.5614532+08:00 [INFO] [CreateAzureResources.ps1(ln:128)] - Key = EVENTHUBS_ENTITY_PATH, Value = iot201707120034
2017-07-12T22:44:39.5664532+08:00 [INFO] [CreateAzureResources.ps1(ln:128)] - Key = EVENTHUBS_FQDN_SUFFIX, Value = servicebus.windows.net
2017-07-12T22:44:39.5744932+08:00 [INFO] [CreateAzureResources.ps1(ln:128)] - Key = EVENTHUBS_NAMESPACE, Value = iot201707120034
2017-07-12T22:44:39.5804534+08:00 [INFO] [CreateAzureResources.ps1(ln:128)] - Key = EVENTHUBS_PARTITION_COUNT, Value = 2
2017-07-12T22:44:39.5854552+08:00 [INFO] [CreateAzureResources.ps1(ln:128)] - Key = EVENTHUBS_USERNAME, Value = root
2017-07-12T22:44:39.5924577+08:00 [INFO] [CreateAzureResources.ps1(ln:128)] - Key = HBASE, Value = {HBASE}
2017-07-12T22:44:39.5975091+08:00 [INFO] [CreateAzureResources.ps1(ln:128)] - Key = HBASE_CLUSTER_NAME, Value = hbaseiot201707120034
2017-07-12T22:44:39.6044583+08:00 [INFO] [CreateAzureResources.ps1(ln:128)] - Key = HBASE_CLUSTER_OS_TYPE, Value = Windows
2017-07-12T22:44:39.6119706+08:00 [INFO] [CreateAzureResources.ps1(ln:128)] - Key = HBASE_CLUSTER_SIZE, Value = 2
2017-07-12T22:44:39.6170074+08:00 [INFO] [CreateAzureResources.ps1(ln:128)] - Key = HBASE_CLUSTER_URL, Value = {HBASE_CLUSTER_URL}
2017-07-12T22:44:39.6224735+08:00 [INFO] [CreateAzureResources.ps1(ln:128)] - Key = HBASE_CLUSTER_USERNAME, Value = admin
2017-07-12T22:44:39.6294953+08:00 [INFO] [CreateAzureResources.ps1(ln:128)] - Key = KAFKA, Value = {KAFKA}
2017-07-12T22:44:39.6345204+08:00 [INFO] [CreateAzureResources.ps1(ln:128)] - Key = KAFKA_CLUSTER_NAME, Value = kafkaiot201707120034
2017-07-12T22:44:39.6424834+08:00 [INFO] [CreateAzureResources.ps1(ln:128)] - Key = KAFKA_CLUSTER_OS_TYPE, Value = Windows
2017-07-12T22:44:39.6474897+08:00 [INFO] [CreateAzureResources.ps1(ln:128)] - Key = KAFKA_CLUSTER_SIZE, Value = 2
2017-07-12T22:44:39.6524846+08:00 [INFO] [CreateAzureResources.ps1(ln:128)] - Key = KAFKA_CLUSTER_URL, Value = {KAFKA_CLUSTER_URL}
2017-07-12T22:44:39.6594826+08:00 [INFO] [CreateAzureResources.ps1(ln:128)] - Key = KAFKA_CLUSTER_USERNAME, Value = admin
2017-07-12T22:44:39.6664876+08:00 [INFO] [CreateAzureResources.ps1(ln:128)] - Key = SQLAZURE, Value = {SQLAZURE}
2017-07-12T22:44:39.6754816+08:00 [INFO] [CreateAzureResources.ps1(ln:128)] - Key = SQLAZURE_DB_NAME, Value = iot201707120034
2017-07-12T22:44:39.6824840+08:00 [INFO] [CreateAzureResources.ps1(ln:128)] - Key = SQLAZURE_SERVER_NAME, Value = iot201707120034
2017-07-12T22:44:39.6874859+08:00 [INFO] [CreateAzureResources.ps1(ln:128)] - Key = SQLAZURE_USER, Value = sqladmin
2017-07-12T22:44:39.6944836+08:00 [INFO] [CreateAzureResources.ps1(ln:128)] - Key = STORM_CLUSTER_NAME, Value = stormiot201707120034
2017-07-12T22:44:39.7005211+08:00 [INFO] [CreateAzureResources.ps1(ln:128)] - Key = STORM_CLUSTER_OS_TYPE, Value = Windows
2017-07-12T22:44:39.7074969+08:00 [INFO] [CreateAzureResources.ps1(ln:128)] - Key = STORM_CLUSTER_SIZE, Value = 2
2017-07-12T22:44:39.7124951+08:00 [INFO] [CreateAzureResources.ps1(ln:128)] - Key = STORM_CLUSTER_URL, Value = {STORM_CLUSTER_URL}
2017-07-12T22:44:39.7179940+08:00 [INFO] [CreateAzureResources.ps1(ln:128)] - Key = STORM_CLUSTER_USERNAME, Value = admin
2017-07-12T22:44:39.7255077+08:00 [INFO] [CreateAzureResources.ps1(ln:128)] - Key = SUBNET_NAME, Value = iot201707120034
2017-07-12T22:44:39.7305066+08:00 [INFO] [CreateAzureResources.ps1(ln:128)] - Key = VNET, Value = {VNET}
2017-07-12T22:44:39.7345045+08:00 [INFO] [CreateAzureResources.ps1(ln:128)] - Key = VNET_ID, Value = {VNET_ID}
2017-07-12T22:44:39.7405052+08:00 [INFO] [CreateAzureResources.ps1(ln:128)] - Key = VNET_NAME, Value = iot201707120034
2017-07-12T22:44:39.7455060+08:00 [INFO] [CreateAzureResources.ps1(ln:128)] - Key = VNET_VERSION, Value = Classic
2017-07-12T22:44:39.7515085+08:00 [INFO] [CreateAzureResources.ps1(ln:128)] - Key = WASB_ACCOUNT_NAME, Value = iot201707120034
2017-07-12T22:44:39.7575063+08:00 [INFO] [CreateAzureResources.ps1(ln:128)] - Key = WASB_CONTAINER, Value = iot201707120034
2017-07-12T22:44:39.7635040+08:00 [INFO] [CreateAzureResources.ps1(ln:130)] - Using subscription: Microsoft Azure Internal Consumption - ec27bf0e-5e9f-49de-a202-d79128bfd111
2017-07-12T22:44:42.2137532+08:00 [INFO] [CreateAzureResources.ps1(ln:180)] - Step 0: Creating Azure Resource Group
2017-07-12T22:44:43.3612053+08:00 [INFO] [CreateAzureResources.ps1(ln:203)] - Step 2: Creating storage account and updating key in configurations.properties
2017-07-12T22:44:46.6724964+08:00 [INFO] [CreateStorageAccountARM.ps1(ln:45)] - Found an existing Storage account with same name: iot201707120034
2017-07-12T22:44:46.6785058+08:00 [INFO] [CreateStorageAccountARM.ps1(ln:54)] - Getting Storage Key for iot201707120034
2017-07-12T22:44:48.2436855+08:00 [INFO] [CreateStorageAccountARM.ps1(ln:59)] - Storage Account: iot201707120034 successfully created in Resource Group: iot-group-201707120034 at Location: east asia. Time: 4.8535307 secs
2017-07-12T22:44:48.2536032+08:00 [INFO] [ReplaceStringInFile.ps1(ln:33)] - Replacing configurations in C:\Users\fuyujin\Source\Repos\hdinsight-storm-examples\IotExample\run\configurations.properties
2017-07-12T22:45:03.2724998+08:00 [INFO] [CreateAzureResources.ps1(ln:233)] - Step 2.2: Creating Event Hubs
2017-07-12T22:45:03.7743706+08:00 [INFO] [CreateEventHubs.ps1(ln:40)] - Adding the C:\Users\fuyujin\Source\Repos\hdinsight-storm-examples\packages\WindowsAzure.ServiceBus.4.1.2\lib\net45\Microsoft.ServiceBus.dll assembly to the script...
2017-07-12T22:45:03.9914437+08:00 [INFO] [CreateEventHubs.ps1(ln:42)] - The C:\Users\fuyujin\Source\Repos\hdinsight-storm-examples\packages\WindowsAzure.ServiceBus.4.1.2\lib\net45\Microsoft.ServiceBus.dll assembly has been successfully added to the script.
