2017-07-12T12:03:09.9340405+08:00 [INFO] [run.ps1(ln:29)] - Phase 1 - Prepare - Start - Preparing project configuration for C:\users\fuyujin\Source\Repos\hdinsight-storm-examples\IotExample.
2017-07-12T12:03:09.9770503+08:00 [INFO] [CreateRunConfig.ps1(ln:33)] - Step 0: Creating Run Configuration
2017-07-12T12:03:10.0310623+08:00 [INFO] [GenerateRandomConfig.ps1(ln:87)] - Generating run configurations at C:\users\fuyujin\Source\Repos\hdinsight-storm-examples\IotExample\run\configurations.properties
2017-07-12T12:03:10.0430639+08:00 [INFO] [GenerateRandomConfig.ps1(ln:96)] - An existing run configuration was found at C:\users\fuyujin\Source\Repos\hdinsight-storm-examples\IotExample\run\configurations.properties, just updating newer entries.
2017-07-12T12:03:10.0610616+08:00 [INFO] [ReplaceStringInFile.ps1(ln:33)] - Replacing configurations in C:\users\fuyujin\Source\Repos\hdinsight-storm-examples\IotExample\run\configurations.properties
2017-07-12T12:03:10.0840636+08:00 [INFO] [CreateRunConfig.ps1(ln:47)] - Merging Configurations with passed in values
2017-07-12T12:03:10.0900798+08:00 [INFO] [CreateRunConfig.ps1(ln:53)] - Updating Configurations with passed in values
2017-07-12T12:03:10.1045684+08:00 [INFO] [ReplaceStringInFile.ps1(ln:33)] - Replacing configurations in C:\users\fuyujin\Source\Repos\hdinsight-storm-examples\IotExample\run\configurations.properties
2017-07-12T12:03:10.1310803+08:00 [INFO] [ReadConfig.ps1(ln:26)] - Reading configurations from C:\users\fuyujin\Source\Repos\hdinsight-storm-examples\IotExample\run\configurations.properties
2017-07-12T12:03:10.1430807+08:00 [INFO] [CreateRunConfig.ps1(ln:57)] - Key = AZURE_LOCATION, Value = {AZURE_LOCATION}
2017-07-12T12:03:10.1500797+08:00 [INFO] [CreateRunConfig.ps1(ln:57)] - Key = AZURE_RESOURCE_GROUP, Value = iot-group-201707120034
2017-07-12T12:03:10.1560803+08:00 [INFO] [CreateRunConfig.ps1(ln:57)] - Key = AZURE_SUBSCRIPTION_ID, Value = {AZURE_SUBSCRIPTION_ID}
2017-07-12T12:03:10.1610810+08:00 [INFO] [CreateRunConfig.ps1(ln:57)] - Key = AZURE_SUBSCRIPTION_NAME, Value = {AZURE_SUBSCRIPTION_NAME}
2017-07-12T12:03:10.1690795+08:00 [INFO] [CreateRunConfig.ps1(ln:57)] - Key = AZURE_TENANT_ID, Value = {AZURE_TENANT_ID}
2017-07-12T12:03:10.1750798+08:00 [INFO] [CreateRunConfig.ps1(ln:57)] - Key = DOCUMENTDB, Value = true
2017-07-12T12:03:10.1870805+08:00 [INFO] [CreateRunConfig.ps1(ln:57)] - Key = DOCUMENTDB_ACCOUNT, Value = iot201707120034
2017-07-12T12:03:10.1950893+08:00 [INFO] [CreateRunConfig.ps1(ln:57)] - Key = DOCUMENTDB_COLLECTION, Value = iot201707120034
2017-07-12T12:03:10.2015891+08:00 [INFO] [CreateRunConfig.ps1(ln:57)] - Key = DOCUMENTDB_DATABASE, Value = iot201707120034
2017-07-12T12:03:10.2070981+08:00 [INFO] [CreateRunConfig.ps1(ln:57)] - Key = DOCUMENTDB_HOST, Value = https://iot201707120034.documents.azure.com:443/
2017-07-12T12:03:10.2161028+08:00 [INFO] [CreateRunConfig.ps1(ln:57)] - Key = EVENTHUBS, Value = true
2017-07-12T12:03:10.2210980+08:00 [INFO] [CreateRunConfig.ps1(ln:57)] - Key = EVENTHUBS_ENTITY_PATH, Value = iot201707120034
2017-07-12T12:03:10.2360960+08:00 [INFO] [CreateRunConfig.ps1(ln:57)] - Key = EVENTHUBS_FQDN_SUFFIX, Value = servicebus.windows.net
2017-07-12T12:03:10.2410955+08:00 [INFO] [CreateRunConfig.ps1(ln:57)] - Key = EVENTHUBS_NAMESPACE, Value = iot201707120034
2017-07-12T12:03:10.2491069+08:00 [INFO] [CreateRunConfig.ps1(ln:57)] - Key = EVENTHUBS_PARTITION_COUNT, Value = {HDINSIGHT_CLUSTER_SIZE}
2017-07-12T12:03:10.2550951+08:00 [INFO] [CreateRunConfig.ps1(ln:57)] - Key = EVENTHUBS_USERNAME, Value = root
2017-07-12T12:03:10.2600935+08:00 [INFO] [CreateRunConfig.ps1(ln:57)] - Key = HBASE, Value = {HBASE}
2017-07-12T12:03:10.2670995+08:00 [INFO] [CreateRunConfig.ps1(ln:57)] - Key = HBASE_CLUSTER_NAME, Value = hbaseiot201707120034
2017-07-12T12:03:10.2730964+08:00 [INFO] [CreateRunConfig.ps1(ln:57)] - Key = HBASE_CLUSTER_OS_TYPE, Value = {HDINSIGHT_CLUSTER_OS_TYPE}
2017-07-12T12:03:10.2780942+08:00 [INFO] [CreateRunConfig.ps1(ln:57)] - Key = HBASE_CLUSTER_SIZE, Value = {HDINSIGHT_CLUSTER_SIZE}
2017-07-12T12:03:10.2860935+08:00 [INFO] [CreateRunConfig.ps1(ln:57)] - Key = HBASE_CLUSTER_URL, Value = {HBASE_CLUSTER_URL}
2017-07-12T12:03:10.2911076+08:00 [INFO] [CreateRunConfig.ps1(ln:57)] - Key = HBASE_CLUSTER_USERNAME, Value = admin
2017-07-12T12:03:10.2956036+08:00 [INFO] [CreateRunConfig.ps1(ln:57)] - Key = KAFKA, Value = {KAFKA}
2017-07-12T12:03:10.3026026+08:00 [INFO] [CreateRunConfig.ps1(ln:57)] - Key = KAFKA_CLUSTER_NAME, Value = kafkaiot201707120034
2017-07-12T12:03:10.3081167+08:00 [INFO] [CreateRunConfig.ps1(ln:57)] - Key = KAFKA_CLUSTER_OS_TYPE, Value = {HDINSIGHT_CLUSTER_OS_TYPE}
2017-07-12T12:03:10.3131115+08:00 [INFO] [CreateRunConfig.ps1(ln:57)] - Key = KAFKA_CLUSTER_SIZE, Value = {HDINSIGHT_CLUSTER_SIZE}
2017-07-12T12:03:10.3211123+08:00 [INFO] [CreateRunConfig.ps1(ln:57)] - Key = KAFKA_CLUSTER_URL, Value = {KAFKA_CLUSTER_URL}
2017-07-12T12:03:10.3251130+08:00 [INFO] [CreateRunConfig.ps1(ln:57)] - Key = KAFKA_CLUSTER_USERNAME, Value = admin
2017-07-12T12:03:10.3301115+08:00 [INFO] [CreateRunConfig.ps1(ln:57)] - Key = SQLAZURE, Value = {SQLAZURE}
2017-07-12T12:03:10.3351129+08:00 [INFO] [CreateRunConfig.ps1(ln:57)] - Key = SQLAZURE_DB_NAME, Value = iot201707120034
2017-07-12T12:03:10.3411109+08:00 [INFO] [CreateRunConfig.ps1(ln:57)] - Key = SQLAZURE_SERVER_NAME, Value = iot201707120034
2017-07-12T12:03:10.3461116+08:00 [INFO] [CreateRunConfig.ps1(ln:57)] - Key = SQLAZURE_USER, Value = sqladmin
2017-07-12T12:03:10.3511112+08:00 [INFO] [CreateRunConfig.ps1(ln:57)] - Key = STORM_CLUSTER_NAME, Value = stormiot201707120034
2017-07-12T12:03:10.3581124+08:00 [INFO] [CreateRunConfig.ps1(ln:57)] - Key = STORM_CLUSTER_OS_TYPE, Value = {HDINSIGHT_CLUSTER_OS_TYPE}
2017-07-12T12:03:10.3621124+08:00 [INFO] [CreateRunConfig.ps1(ln:57)] - Key = STORM_CLUSTER_SIZE, Value = {HDINSIGHT_CLUSTER_SIZE}
2017-07-12T12:03:10.3681108+08:00 [INFO] [CreateRunConfig.ps1(ln:57)] - Key = STORM_CLUSTER_URL, Value = {STORM_CLUSTER_URL}
2017-07-12T12:03:10.3751109+08:00 [INFO] [CreateRunConfig.ps1(ln:57)] - Key = STORM_CLUSTER_USERNAME, Value = admin
2017-07-12T12:03:10.3791116+08:00 [INFO] [CreateRunConfig.ps1(ln:57)] - Key = SUBNET_NAME, Value = iot201707120034
2017-07-12T12:03:10.3851108+08:00 [INFO] [CreateRunConfig.ps1(ln:57)] - Key = VNET, Value = {VNET}
2017-07-12T12:03:10.3916244+08:00 [INFO] [CreateRunConfig.ps1(ln:57)] - Key = VNET_ID, Value = {VNET_ID}
2017-07-12T12:03:10.3961237+08:00 [INFO] [CreateRunConfig.ps1(ln:57)] - Key = VNET_NAME, Value = iot201707120034
2017-07-12T12:03:10.4026267+08:00 [INFO] [CreateRunConfig.ps1(ln:57)] - Key = VNET_VERSION, Value = {VNET_VERSION}
2017-07-12T12:03:10.4091320+08:00 [INFO] [CreateRunConfig.ps1(ln:57)] - Key = WASB_ACCOUNT_NAME, Value = iot201707120034
2017-07-12T12:03:10.4151337+08:00 [INFO] [CreateRunConfig.ps1(ln:57)] - Key = WASB_CONTAINER, Value = iot201707120034
2017-07-12T12:03:10.4431320+08:00 [INFO] [ReadConfig.ps1(ln:26)] - Reading configurations from C:\users\fuyujin\Source\Repos\hdinsight-storm-examples\IotExample\run\configurations.properties
2017-07-12T12:03:11.4965063+08:00 [INFO] [CreateAzureResources.ps1(ln:68)] - Using Azure RM Account: 
2017-07-12T12:03:18.5460053+08:00 [INFO] [CreateAzureResources.ps1(ln:74)] - Available Subscription Names:

Name     : Microsoft Azure Internal Consumption
Id       : ec27bf0e-5e9f-49de-a202-d79128bfd111
TenantId : 72f988bf-86f1-41af-91ab-2d7cd011db47
State    : Enabled




2017-07-12T12:03:40.1034306+08:00 [INFO] [ReplaceStringInFile.ps1(ln:33)] - Replacing configurations in C:\users\fuyujin\Source\Repos\hdinsight-storm-examples\IotExample\run\configurations.properties
2017-07-12T12:03:40.1114241+08:00 [ERROR] [ReplaceStringInFile.ps1(ln:41)] - Value cannot be empty for: 
2017-07-12T12:03:54.9849610+08:00 [INFO] [run.ps1(ln:29)] - Phase 1 - Prepare - Start - Preparing project configuration for C:\users\fuyujin\Source\Repos\hdinsight-storm-examples\IotExample.
2017-07-12T12:03:55.0039225+08:00 [INFO] [CreateRunConfig.ps1(ln:33)] - Step 0: Creating Run Configuration
2017-07-12T12:03:55.0259249+08:00 [INFO] [GenerateRandomConfig.ps1(ln:87)] - Generating run configurations at C:\users\fuyujin\Source\Repos\hdinsight-storm-examples\IotExample\run\configurations.properties
2017-07-12T12:03:55.0374509+08:00 [INFO] [GenerateRandomConfig.ps1(ln:96)] - An existing run configuration was found at C:\users\fuyujin\Source\Repos\hdinsight-storm-examples\IotExample\run\configurations.properties, just updating newer entries.
2017-07-12T12:03:55.0514512+08:00 [INFO] [ReplaceStringInFile.ps1(ln:33)] - Replacing configurations in C:\users\fuyujin\Source\Repos\hdinsight-storm-examples\IotExample\run\configurations.properties
2017-07-12T12:03:55.0644515+08:00 [INFO] [CreateRunConfig.ps1(ln:47)] - Merging Configurations with passed in values
2017-07-12T12:03:55.0704506+08:00 [INFO] [CreateRunConfig.ps1(ln:53)] - Updating Configurations with passed in values
2017-07-12T12:03:55.0804972+08:00 [INFO] [ReplaceStringInFile.ps1(ln:33)] - Replacing configurations in C:\users\fuyujin\Source\Repos\hdinsight-storm-examples\IotExample\run\configurations.properties
2017-07-12T12:03:55.0974501+08:00 [INFO] [ReadConfig.ps1(ln:26)] - Reading configurations from C:\users\fuyujin\Source\Repos\hdinsight-storm-examples\IotExample\run\configurations.properties
2017-07-12T12:03:55.1074507+08:00 [INFO] [CreateRunConfig.ps1(ln:57)] - Key = AZURE_LOCATION, Value = {AZURE_LOCATION}
2017-07-12T12:03:55.1154555+08:00 [INFO] [CreateRunConfig.ps1(ln:57)] - Key = AZURE_RESOURCE_GROUP, Value = iot-group-201707120034
2017-07-12T12:03:55.1209553+08:00 [INFO] [CreateRunConfig.ps1(ln:57)] - Key = AZURE_SUBSCRIPTION_ID, Value = {AZURE_SUBSCRIPTION_ID}
2017-07-12T12:03:55.1244547+08:00 [INFO] [CreateRunConfig.ps1(ln:57)] - Key = AZURE_SUBSCRIPTION_NAME, Value = {AZURE_SUBSCRIPTION_NAME}
2017-07-12T12:03:55.1294677+08:00 [INFO] [CreateRunConfig.ps1(ln:57)] - Key = AZURE_TENANT_ID, Value = {AZURE_TENANT_ID}
2017-07-12T12:03:55.1344648+08:00 [INFO] [CreateRunConfig.ps1(ln:57)] - Key = DOCUMENTDB, Value = true
2017-07-12T12:03:55.1394669+08:00 [INFO] [CreateRunConfig.ps1(ln:57)] - Key = DOCUMENTDB_ACCOUNT, Value = iot201707120034
2017-07-12T12:03:55.1444664+08:00 [INFO] [CreateRunConfig.ps1(ln:57)] - Key = DOCUMENTDB_COLLECTION, Value = iot201707120034
2017-07-12T12:03:55.1484654+08:00 [INFO] [CreateRunConfig.ps1(ln:57)] - Key = DOCUMENTDB_DATABASE, Value = iot201707120034
2017-07-12T12:03:55.1544678+08:00 [INFO] [CreateRunConfig.ps1(ln:57)] - Key = DOCUMENTDB_HOST, Value = https://iot201707120034.documents.azure.com:443/
2017-07-12T12:03:55.1594648+08:00 [INFO] [CreateRunConfig.ps1(ln:57)] - Key = EVENTHUBS, Value = true
2017-07-12T12:03:55.1654770+08:00 [INFO] [CreateRunConfig.ps1(ln:57)] - Key = EVENTHUBS_ENTITY_PATH, Value = iot201707120034
2017-07-12T12:03:55.1714648+08:00 [INFO] [CreateRunConfig.ps1(ln:57)] - Key = EVENTHUBS_FQDN_SUFFIX, Value = servicebus.windows.net
2017-07-12T12:03:55.1784679+08:00 [INFO] [CreateRunConfig.ps1(ln:57)] - Key = EVENTHUBS_NAMESPACE, Value = iot201707120034
2017-07-12T12:03:55.1834645+08:00 [INFO] [CreateRunConfig.ps1(ln:57)] - Key = EVENTHUBS_PARTITION_COUNT, Value = {HDINSIGHT_CLUSTER_SIZE}
2017-07-12T12:03:55.1884641+08:00 [INFO] [CreateRunConfig.ps1(ln:57)] - Key = EVENTHUBS_USERNAME, Value = root
2017-07-12T12:03:55.1934666+08:00 [INFO] [CreateRunConfig.ps1(ln:57)] - Key = HBASE, Value = {HBASE}
2017-07-12T12:03:55.1995087+08:00 [INFO] [CreateRunConfig.ps1(ln:57)] - Key = HBASE_CLUSTER_NAME, Value = hbaseiot201707120034
2017-07-12T12:03:55.2055479+08:00 [INFO] [CreateRunConfig.ps1(ln:57)] - Key = HBASE_CLUSTER_OS_TYPE, Value = {HDINSIGHT_CLUSTER_OS_TYPE}
2017-07-12T12:03:55.2105697+08:00 [INFO] [CreateRunConfig.ps1(ln:57)] - Key = HBASE_CLUSTER_SIZE, Value = {HDINSIGHT_CLUSTER_SIZE}
2017-07-12T12:03:55.2155390+08:00 [INFO] [CreateRunConfig.ps1(ln:57)] - Key = HBASE_CLUSTER_URL, Value = {HBASE_CLUSTER_URL}
2017-07-12T12:03:55.2205324+08:00 [INFO] [CreateRunConfig.ps1(ln:57)] - Key = HBASE_CLUSTER_USERNAME, Value = admin
2017-07-12T12:03:55.2260235+08:00 [INFO] [CreateRunConfig.ps1(ln:57)] - Key = KAFKA, Value = {KAFKA}
2017-07-12T12:03:55.2315358+08:00 [INFO] [CreateRunConfig.ps1(ln:57)] - Key = KAFKA_CLUSTER_NAME, Value = kafkaiot201707120034
2017-07-12T12:03:55.2355771+08:00 [INFO] [CreateRunConfig.ps1(ln:57)] - Key = KAFKA_CLUSTER_OS_TYPE, Value = {HDINSIGHT_CLUSTER_OS_TYPE}
2017-07-12T12:03:55.2415331+08:00 [INFO] [CreateRunConfig.ps1(ln:57)] - Key = KAFKA_CLUSTER_SIZE, Value = {HDINSIGHT_CLUSTER_SIZE}
2017-07-12T12:03:55.2475337+08:00 [INFO] [CreateRunConfig.ps1(ln:57)] - Key = KAFKA_CLUSTER_URL, Value = {KAFKA_CLUSTER_URL}
2017-07-12T12:03:55.2525803+08:00 [INFO] [CreateRunConfig.ps1(ln:57)] - Key = KAFKA_CLUSTER_USERNAME, Value = admin
2017-07-12T12:03:55.2585743+08:00 [INFO] [CreateRunConfig.ps1(ln:57)] - Key = SQLAZURE, Value = {SQLAZURE}
2017-07-12T12:03:55.2635338+08:00 [INFO] [CreateRunConfig.ps1(ln:57)] - Key = SQLAZURE_DB_NAME, Value = iot201707120034
2017-07-12T12:03:55.2675316+08:00 [INFO] [CreateRunConfig.ps1(ln:57)] - Key = SQLAZURE_SERVER_NAME, Value = iot201707120034
2017-07-12T12:03:55.2755357+08:00 [INFO] [CreateRunConfig.ps1(ln:57)] - Key = SQLAZURE_USER, Value = sqladmin
2017-07-12T12:03:55.2805323+08:00 [INFO] [CreateRunConfig.ps1(ln:57)] - Key = STORM_CLUSTER_NAME, Value = stormiot201707120034
2017-07-12T12:03:55.2855319+08:00 [INFO] [CreateRunConfig.ps1(ln:57)] - Key = STORM_CLUSTER_OS_TYPE, Value = {HDINSIGHT_CLUSTER_OS_TYPE}
2017-07-12T12:03:55.2915328+08:00 [INFO] [CreateRunConfig.ps1(ln:57)] - Key = STORM_CLUSTER_SIZE, Value = {HDINSIGHT_CLUSTER_SIZE}
2017-07-12T12:03:55.2965320+08:00 [INFO] [CreateRunConfig.ps1(ln:57)] - Key = STORM_CLUSTER_URL, Value = {STORM_CLUSTER_URL}
2017-07-12T12:03:55.3005320+08:00 [INFO] [CreateRunConfig.ps1(ln:57)] - Key = STORM_CLUSTER_USERNAME, Value = admin
2017-07-12T12:03:55.3065392+08:00 [INFO] [CreateRunConfig.ps1(ln:57)] - Key = SUBNET_NAME, Value = iot201707120034
2017-07-12T12:03:55.3105793+08:00 [INFO] [CreateRunConfig.ps1(ln:57)] - Key = VNET, Value = {VNET}
2017-07-12T12:03:55.3161270+08:00 [INFO] [CreateRunConfig.ps1(ln:57)] - Key = VNET_ID, Value = {VNET_ID}
2017-07-12T12:03:55.3211265+08:00 [INFO] [CreateRunConfig.ps1(ln:57)] - Key = VNET_NAME, Value = iot201707120034
2017-07-12T12:03:55.3270848+08:00 [INFO] [CreateRunConfig.ps1(ln:57)] - Key = VNET_VERSION, Value = {VNET_VERSION}
2017-07-12T12:03:55.3356347+08:00 [INFO] [CreateRunConfig.ps1(ln:57)] - Key = WASB_ACCOUNT_NAME, Value = iot201707120034
2017-07-12T12:03:55.3406332+08:00 [INFO] [CreateRunConfig.ps1(ln:57)] - Key = WASB_CONTAINER, Value = iot201707120034
2017-07-12T12:03:55.3596363+08:00 [INFO] [ReadConfig.ps1(ln:26)] - Reading configurations from C:\users\fuyujin\Source\Repos\hdinsight-storm-examples\IotExample\run\configurations.properties
2017-07-12T12:03:55.9016392+08:00 [INFO] [CreateAzureResources.ps1(ln:68)] - Using Azure RM Account: 
2017-07-12T12:04:01.2365193+08:00 [INFO] [CreateAzureResources.ps1(ln:74)] - Available Subscription Names:

Name     : Microsoft Azure Internal Consumption
Id       : ec27bf0e-5e9f-49de-a202-d79128bfd111
TenantId : 72f988bf-86f1-41af-91ab-2d7cd011db47
State    : Enabled




2017-07-12T12:04:03.6852630+08:00 [INFO] [ReplaceStringInFile.ps1(ln:33)] - Replacing configurations in C:\users\fuyujin\Source\Repos\hdinsight-storm-examples\IotExample\run\configurations.properties
2017-07-12T12:04:03.6972613+08:00 [ERROR] [ReplaceStringInFile.ps1(ln:41)] - Value cannot be empty for: 
2017-07-12T12:07:22.7030514+08:00 [INFO] [run.ps1(ln:29)] - Phase 1 - Prepare - Start - Preparing project configuration for C:\users\fuyujin\Source\Repos\hdinsight-storm-examples\IotExample.
2017-07-12T12:07:22.7270100+08:00 [INFO] [CreateRunConfig.ps1(ln:33)] - Step 0: Creating Run Configuration
2017-07-12T12:07:22.7570230+08:00 [INFO] [GenerateRandomConfig.ps1(ln:87)] - Generating run configurations at C:\users\fuyujin\Source\Repos\hdinsight-storm-examples\IotExample\run\configurations.properties
2017-07-12T12:07:22.7690253+08:00 [INFO] [GenerateRandomConfig.ps1(ln:96)] - An existing run configuration was found at C:\users\fuyujin\Source\Repos\hdinsight-storm-examples\IotExample\run\configurations.properties, just updating newer entries.
2017-07-12T12:07:22.7850213+08:00 [INFO] [ReplaceStringInFile.ps1(ln:33)] - Replacing configurations in C:\users\fuyujin\Source\Repos\hdinsight-storm-examples\IotExample\run\configurations.properties
2017-07-12T12:07:22.8040211+08:00 [INFO] [CreateRunConfig.ps1(ln:47)] - Merging Configurations with passed in values
2017-07-12T12:07:22.8130244+08:00 [INFO] [CreateRunConfig.ps1(ln:53)] - Updating Configurations with passed in values
2017-07-12T12:07:22.8330212+08:00 [INFO] [ReplaceStringInFile.ps1(ln:33)] - Replacing configurations in C:\users\fuyujin\Source\Repos\hdinsight-storm-examples\IotExample\run\configurations.properties
2017-07-12T12:07:22.8550353+08:00 [INFO] [ReadConfig.ps1(ln:26)] - Reading configurations from C:\users\fuyujin\Source\Repos\hdinsight-storm-examples\IotExample\run\configurations.properties
2017-07-12T12:07:22.8730338+08:00 [INFO] [CreateRunConfig.ps1(ln:57)] - Key = AZURE_LOCATION, Value = {AZURE_LOCATION}
2017-07-12T12:07:22.8800430+08:00 [INFO] [CreateRunConfig.ps1(ln:57)] - Key = AZURE_RESOURCE_GROUP, Value = iot-group-201707120034
2017-07-12T12:07:22.8900447+08:00 [INFO] [CreateRunConfig.ps1(ln:57)] - Key = AZURE_SUBSCRIPTION_ID, Value = {AZURE_SUBSCRIPTION_ID}
2017-07-12T12:07:22.8950435+08:00 [INFO] [CreateRunConfig.ps1(ln:57)] - Key = AZURE_SUBSCRIPTION_NAME, Value = {AZURE_SUBSCRIPTION_NAME}
2017-07-12T12:07:22.9030399+08:00 [INFO] [CreateRunConfig.ps1(ln:57)] - Key = AZURE_TENANT_ID, Value = {AZURE_TENANT_ID}
2017-07-12T12:07:22.9100429+08:00 [INFO] [CreateRunConfig.ps1(ln:57)] - Key = DOCUMENTDB, Value = true
2017-07-12T12:07:22.9160596+08:00 [INFO] [CreateRunConfig.ps1(ln:57)] - Key = DOCUMENTDB_ACCOUNT, Value = iot201707120034
2017-07-12T12:07:22.9230404+08:00 [INFO] [CreateRunConfig.ps1(ln:57)] - Key = DOCUMENTDB_COLLECTION, Value = iot201707120034
2017-07-12T12:07:22.9270389+08:00 [INFO] [CreateRunConfig.ps1(ln:57)] - Key = DOCUMENTDB_DATABASE, Value = iot201707120034
2017-07-12T12:07:22.9330417+08:00 [INFO] [CreateRunConfig.ps1(ln:57)] - Key = DOCUMENTDB_HOST, Value = https://iot201707120034.documents.azure.com:443/
2017-07-12T12:07:22.9410392+08:00 [INFO] [CreateRunConfig.ps1(ln:57)] - Key = EVENTHUBS, Value = true
2017-07-12T12:07:22.9470485+08:00 [INFO] [CreateRunConfig.ps1(ln:57)] - Key = EVENTHUBS_ENTITY_PATH, Value = iot201707120034
2017-07-12T12:07:22.9530392+08:00 [INFO] [CreateRunConfig.ps1(ln:57)] - Key = EVENTHUBS_FQDN_SUFFIX, Value = servicebus.windows.net
2017-07-12T12:07:22.9580417+08:00 [INFO] [CreateRunConfig.ps1(ln:57)] - Key = EVENTHUBS_NAMESPACE, Value = iot201707120034
2017-07-12T12:07:22.9645594+08:00 [INFO] [CreateRunConfig.ps1(ln:57)] - Key = EVENTHUBS_PARTITION_COUNT, Value = {HDINSIGHT_CLUSTER_SIZE}
2017-07-12T12:07:22.9730951+08:00 [INFO] [CreateRunConfig.ps1(ln:57)] - Key = EVENTHUBS_USERNAME, Value = root
2017-07-12T12:07:22.9806925+08:00 [INFO] [CreateRunConfig.ps1(ln:57)] - Key = HBASE, Value = {HBASE}
2017-07-12T12:07:22.9886918+08:00 [INFO] [CreateRunConfig.ps1(ln:57)] - Key = HBASE_CLUSTER_NAME, Value = hbaseiot201707120034
2017-07-12T12:07:22.9936936+08:00 [INFO] [CreateRunConfig.ps1(ln:57)] - Key = HBASE_CLUSTER_OS_TYPE, Value = {HDINSIGHT_CLUSTER_OS_TYPE}
2017-07-12T12:07:22.9996971+08:00 [INFO] [CreateRunConfig.ps1(ln:57)] - Key = HBASE_CLUSTER_SIZE, Value = {HDINSIGHT_CLUSTER_SIZE}
2017-07-12T12:07:23.0186922+08:00 [INFO] [CreateRunConfig.ps1(ln:57)] - Key = HBASE_CLUSTER_URL, Value = {HBASE_CLUSTER_URL}
2017-07-12T12:07:23.0256919+08:00 [INFO] [CreateRunConfig.ps1(ln:57)] - Key = HBASE_CLUSTER_USERNAME, Value = admin
2017-07-12T12:07:23.0336978+08:00 [INFO] [CreateRunConfig.ps1(ln:57)] - Key = KAFKA, Value = {KAFKA}
2017-07-12T12:07:23.0406906+08:00 [INFO] [CreateRunConfig.ps1(ln:57)] - Key = KAFKA_CLUSTER_NAME, Value = kafkaiot201707120034
2017-07-12T12:07:23.0496913+08:00 [INFO] [CreateRunConfig.ps1(ln:57)] - Key = KAFKA_CLUSTER_OS_TYPE, Value = {HDINSIGHT_CLUSTER_OS_TYPE}
2017-07-12T12:07:23.0556988+08:00 [INFO] [CreateRunConfig.ps1(ln:57)] - Key = KAFKA_CLUSTER_SIZE, Value = {HDINSIGHT_CLUSTER_SIZE}
2017-07-12T12:07:23.0606900+08:00 [INFO] [CreateRunConfig.ps1(ln:57)] - Key = KAFKA_CLUSTER_URL, Value = {KAFKA_CLUSTER_URL}
2017-07-12T12:07:23.0681962+08:00 [INFO] [CreateRunConfig.ps1(ln:57)] - Key = KAFKA_CLUSTER_USERNAME, Value = admin
2017-07-12T12:07:23.0721959+08:00 [INFO] [CreateRunConfig.ps1(ln:57)] - Key = SQLAZURE, Value = {SQLAZURE}
2017-07-12T12:07:23.0761959+08:00 [INFO] [CreateRunConfig.ps1(ln:57)] - Key = SQLAZURE_DB_NAME, Value = iot201707120034
2017-07-12T12:07:23.0832048+08:00 [INFO] [CreateRunConfig.ps1(ln:57)] - Key = SQLAZURE_SERVER_NAME, Value = iot201707120034
2017-07-12T12:07:23.0882055+08:00 [INFO] [CreateRunConfig.ps1(ln:57)] - Key = SQLAZURE_USER, Value = sqladmin
2017-07-12T12:07:23.0932068+08:00 [INFO] [CreateRunConfig.ps1(ln:57)] - Key = STORM_CLUSTER_NAME, Value = stormiot201707120034
2017-07-12T12:07:23.1032056+08:00 [INFO] [CreateRunConfig.ps1(ln:57)] - Key = STORM_CLUSTER_OS_TYPE, Value = {HDINSIGHT_CLUSTER_OS_TYPE}
2017-07-12T12:07:23.1072078+08:00 [INFO] [CreateRunConfig.ps1(ln:57)] - Key = STORM_CLUSTER_SIZE, Value = {HDINSIGHT_CLUSTER_SIZE}
2017-07-12T12:07:23.1132088+08:00 [INFO] [CreateRunConfig.ps1(ln:57)] - Key = STORM_CLUSTER_URL, Value = {STORM_CLUSTER_URL}
2017-07-12T12:07:23.1242107+08:00 [INFO] [CreateRunConfig.ps1(ln:57)] - Key = STORM_CLUSTER_USERNAME, Value = admin
2017-07-12T12:07:23.1292048+08:00 [INFO] [CreateRunConfig.ps1(ln:57)] - Key = SUBNET_NAME, Value = iot201707120034
2017-07-12T12:07:23.1342040+08:00 [INFO] [CreateRunConfig.ps1(ln:57)] - Key = VNET, Value = {VNET}
2017-07-12T12:07:23.1412089+08:00 [INFO] [CreateRunConfig.ps1(ln:57)] - Key = VNET_ID, Value = {VNET_ID}
2017-07-12T12:07:23.1462037+08:00 [INFO] [CreateRunConfig.ps1(ln:57)] - Key = VNET_NAME, Value = iot201707120034
2017-07-12T12:07:23.1552069+08:00 [INFO] [CreateRunConfig.ps1(ln:57)] - Key = VNET_VERSION, Value = {VNET_VERSION}
2017-07-12T12:07:23.1662111+08:00 [INFO] [CreateRunConfig.ps1(ln:57)] - Key = WASB_ACCOUNT_NAME, Value = iot201707120034
2017-07-12T12:07:23.1712136+08:00 [INFO] [CreateRunConfig.ps1(ln:57)] - Key = WASB_CONTAINER, Value = iot201707120034
2017-07-12T12:07:23.1932200+08:00 [INFO] [ReadConfig.ps1(ln:26)] - Reading configurations from C:\users\fuyujin\Source\Repos\hdinsight-storm-examples\IotExample\run\configurations.properties
2017-07-12T12:07:24.2236576+08:00 [INFO] [CreateAzureResources.ps1(ln:68)] - Using Azure RM Account: 
2017-07-12T12:07:30.0702406+08:00 [INFO] [CreateAzureResources.ps1(ln:74)] - Available Subscription Names:

Name     : Microsoft Azure Internal Consumption
Id       : ec27bf0e-5e9f-49de-a202-d79128bfd111
TenantId : 72f988bf-86f1-41af-91ab-2d7cd011db47
State    : Enabled




2017-07-12T12:07:43.1355821+08:00 [INFO] [ReplaceStringInFile.ps1(ln:33)] - Replacing configurations in C:\users\fuyujin\Source\Repos\hdinsight-storm-examples\IotExample\run\configurations.properties
2017-07-12T12:07:43.1414539+08:00 [ERROR] [ReplaceStringInFile.ps1(ln:41)] - Value cannot be empty for: 
2017-07-12T12:10:05.9940586+08:00 [INFO] [run.ps1(ln:29)] - Phase 1 - Prepare - Start - Preparing project configuration for C:\users\fuyujin\Source\Repos\hdinsight-storm-examples\IotExample.
2017-07-12T12:10:06.0130340+08:00 [INFO] [CreateRunConfig.ps1(ln:33)] - Step 0: Creating Run Configuration
2017-07-12T12:10:06.0420348+08:00 [INFO] [GenerateRandomConfig.ps1(ln:87)] - Generating run configurations at C:\users\fuyujin\Source\Repos\hdinsight-storm-examples\IotExample\run\configurations.properties
2017-07-12T12:10:06.0520386+08:00 [INFO] [GenerateRandomConfig.ps1(ln:96)] - An existing run configuration was found at C:\users\fuyujin\Source\Repos\hdinsight-storm-examples\IotExample\run\configurations.properties, just updating newer entries.
2017-07-12T12:10:06.0660403+08:00 [INFO] [ReplaceStringInFile.ps1(ln:33)] - Replacing configurations in C:\users\fuyujin\Source\Repos\hdinsight-storm-examples\IotExample\run\configurations.properties
2017-07-12T12:10:06.0850383+08:00 [INFO] [CreateRunConfig.ps1(ln:47)] - Merging Configurations with passed in values
2017-07-12T12:10:06.0910480+08:00 [INFO] [CreateRunConfig.ps1(ln:53)] - Updating Configurations with passed in values
2017-07-12T12:10:06.1030481+08:00 [INFO] [ReplaceStringInFile.ps1(ln:33)] - Replacing configurations in C:\users\fuyujin\Source\Repos\hdinsight-storm-examples\IotExample\run\configurations.properties
2017-07-12T12:10:06.1250629+08:00 [INFO] [ReadConfig.ps1(ln:26)] - Reading configurations from C:\users\fuyujin\Source\Repos\hdinsight-storm-examples\IotExample\run\configurations.properties
2017-07-12T12:10:06.1380808+08:00 [INFO] [CreateRunConfig.ps1(ln:57)] - Key = AZURE_LOCATION, Value = {AZURE_LOCATION}
2017-07-12T12:10:06.1450572+08:00 [INFO] [CreateRunConfig.ps1(ln:57)] - Key = AZURE_RESOURCE_GROUP, Value = iot-group-201707120034
2017-07-12T12:10:06.1510559+08:00 [INFO] [CreateRunConfig.ps1(ln:57)] - Key = AZURE_SUBSCRIPTION_ID, Value = {AZURE_SUBSCRIPTION_ID}
2017-07-12T12:10:06.1610551+08:00 [INFO] [CreateRunConfig.ps1(ln:57)] - Key = AZURE_SUBSCRIPTION_NAME, Value = {AZURE_SUBSCRIPTION_NAME}
2017-07-12T12:10:06.1660583+08:00 [INFO] [CreateRunConfig.ps1(ln:57)] - Key = AZURE_TENANT_ID, Value = {AZURE_TENANT_ID}
2017-07-12T12:10:06.1720669+08:00 [INFO] [CreateRunConfig.ps1(ln:57)] - Key = DOCUMENTDB, Value = true
2017-07-12T12:10:06.1780620+08:00 [INFO] [CreateRunConfig.ps1(ln:57)] - Key = DOCUMENTDB_ACCOUNT, Value = iot201707120034
2017-07-12T12:10:06.1830564+08:00 [INFO] [CreateRunConfig.ps1(ln:57)] - Key = DOCUMENTDB_COLLECTION, Value = iot201707120034
2017-07-12T12:10:06.1890647+08:00 [INFO] [CreateRunConfig.ps1(ln:57)] - Key = DOCUMENTDB_DATABASE, Value = iot201707120034
2017-07-12T12:10:06.1970647+08:00 [INFO] [CreateRunConfig.ps1(ln:57)] - Key = DOCUMENTDB_HOST, Value = https://iot201707120034.documents.azure.com:443/
2017-07-12T12:10:06.2040718+08:00 [INFO] [CreateRunConfig.ps1(ln:57)] - Key = EVENTHUBS, Value = true
2017-07-12T12:10:06.2080732+08:00 [INFO] [CreateRunConfig.ps1(ln:57)] - Key = EVENTHUBS_ENTITY_PATH, Value = iot201707120034
2017-07-12T12:10:06.2120714+08:00 [INFO] [CreateRunConfig.ps1(ln:57)] - Key = EVENTHUBS_FQDN_SUFFIX, Value = servicebus.windows.net
2017-07-12T12:10:06.2190723+08:00 [INFO] [CreateRunConfig.ps1(ln:57)] - Key = EVENTHUBS_NAMESPACE, Value = iot201707120034
2017-07-12T12:10:06.2281991+08:00 [INFO] [CreateRunConfig.ps1(ln:57)] - Key = EVENTHUBS_PARTITION_COUNT, Value = {HDINSIGHT_CLUSTER_SIZE}
2017-07-12T12:10:06.2331994+08:00 [INFO] [CreateRunConfig.ps1(ln:57)] - Key = EVENTHUBS_USERNAME, Value = root
2017-07-12T12:10:06.2412071+08:00 [INFO] [CreateRunConfig.ps1(ln:57)] - Key = HBASE, Value = {HBASE}
2017-07-12T12:10:06.2452039+08:00 [INFO] [CreateRunConfig.ps1(ln:57)] - Key = HBASE_CLUSTER_NAME, Value = hbaseiot201707120034
2017-07-12T12:10:06.2492010+08:00 [INFO] [CreateRunConfig.ps1(ln:57)] - Key = HBASE_CLUSTER_OS_TYPE, Value = {HDINSIGHT_CLUSTER_OS_TYPE}
2017-07-12T12:10:06.2558660+08:00 [INFO] [CreateRunConfig.ps1(ln:57)] - Key = HBASE_CLUSTER_SIZE, Value = {HDINSIGHT_CLUSTER_SIZE}
2017-07-12T12:10:06.2608597+08:00 [INFO] [CreateRunConfig.ps1(ln:57)] - Key = HBASE_CLUSTER_URL, Value = {HBASE_CLUSTER_URL}
2017-07-12T12:10:06.2658655+08:00 [INFO] [CreateRunConfig.ps1(ln:57)] - Key = HBASE_CLUSTER_USERNAME, Value = admin
2017-07-12T12:10:06.2748566+08:00 [INFO] [CreateRunConfig.ps1(ln:57)] - Key = KAFKA, Value = {KAFKA}
2017-07-12T12:10:06.2798580+08:00 [INFO] [CreateRunConfig.ps1(ln:57)] - Key = KAFKA_CLUSTER_NAME, Value = kafkaiot201707120034
2017-07-12T12:10:06.2873745+08:00 [INFO] [CreateRunConfig.ps1(ln:57)] - Key = KAFKA_CLUSTER_OS_TYPE, Value = {HDINSIGHT_CLUSTER_OS_TYPE}
2017-07-12T12:10:06.2943808+08:00 [INFO] [CreateRunConfig.ps1(ln:57)] - Key = KAFKA_CLUSTER_SIZE, Value = {HDINSIGHT_CLUSTER_SIZE}
2017-07-12T12:10:06.3013795+08:00 [INFO] [CreateRunConfig.ps1(ln:57)] - Key = KAFKA_CLUSTER_URL, Value = {KAFKA_CLUSTER_URL}
2017-07-12T12:10:06.3063557+08:00 [INFO] [CreateRunConfig.ps1(ln:57)] - Key = KAFKA_CLUSTER_USERNAME, Value = admin
2017-07-12T12:10:06.3133343+08:00 [INFO] [CreateRunConfig.ps1(ln:57)] - Key = SQLAZURE, Value = {SQLAZURE}
2017-07-12T12:10:06.3233338+08:00 [INFO] [CreateRunConfig.ps1(ln:57)] - Key = SQLAZURE_DB_NAME, Value = iot201707120034
2017-07-12T12:10:06.3283312+08:00 [INFO] [CreateRunConfig.ps1(ln:57)] - Key = SQLAZURE_SERVER_NAME, Value = iot201707120034
2017-07-12T12:10:06.3343318+08:00 [INFO] [CreateRunConfig.ps1(ln:57)] - Key = SQLAZURE_USER, Value = sqladmin
2017-07-12T12:10:06.3423311+08:00 [INFO] [CreateRunConfig.ps1(ln:57)] - Key = STORM_CLUSTER_NAME, Value = stormiot201707120034
2017-07-12T12:10:06.3483353+08:00 [INFO] [CreateRunConfig.ps1(ln:57)] - Key = STORM_CLUSTER_OS_TYPE, Value = {HDINSIGHT_CLUSTER_OS_TYPE}
2017-07-12T12:10:06.3543337+08:00 [INFO] [CreateRunConfig.ps1(ln:57)] - Key = STORM_CLUSTER_SIZE, Value = {HDINSIGHT_CLUSTER_SIZE}
2017-07-12T12:10:06.3603321+08:00 [INFO] [CreateRunConfig.ps1(ln:57)] - Key = STORM_CLUSTER_URL, Value = {STORM_CLUSTER_URL}
2017-07-12T12:10:06.3683336+08:00 [INFO] [CreateRunConfig.ps1(ln:57)] - Key = STORM_CLUSTER_USERNAME, Value = admin
2017-07-12T12:10:06.3733368+08:00 [INFO] [CreateRunConfig.ps1(ln:57)] - Key = SUBNET_NAME, Value = iot201707120034
2017-07-12T12:10:06.3813288+08:00 [INFO] [CreateRunConfig.ps1(ln:57)] - Key = VNET, Value = {VNET}
2017-07-12T12:10:06.3893365+08:00 [INFO] [CreateRunConfig.ps1(ln:57)] - Key = VNET_ID, Value = {VNET_ID}
2017-07-12T12:10:06.3938394+08:00 [INFO] [CreateRunConfig.ps1(ln:57)] - Key = VNET_NAME, Value = iot201707120034
2017-07-12T12:10:06.3998345+08:00 [INFO] [CreateRunConfig.ps1(ln:57)] - Key = VNET_VERSION, Value = {VNET_VERSION}
2017-07-12T12:10:06.4066745+08:00 [INFO] [CreateRunConfig.ps1(ln:57)] - Key = WASB_ACCOUNT_NAME, Value = iot201707120034
2017-07-12T12:10:06.4116741+08:00 [INFO] [CreateRunConfig.ps1(ln:57)] - Key = WASB_CONTAINER, Value = iot201707120034
2017-07-12T12:10:06.4290019+08:00 [INFO] [ReadConfig.ps1(ln:26)] - Reading configurations from C:\users\fuyujin\Source\Repos\hdinsight-storm-examples\IotExample\run\configurations.properties
2017-07-12T12:10:07.4002112+08:00 [INFO] [CreateAzureResources.ps1(ln:68)] - Using Azure RM Account: 
2017-07-12T12:10:12.9938187+08:00 [INFO] [CreateAzureResources.ps1(ln:74)] - Available Subscription Names:

Name     : Microsoft Azure Internal Consumption
Id       : ec27bf0e-5e9f-49de-a202-d79128bfd111
TenantId : 72f988bf-86f1-41af-91ab-2d7cd011db47
State    : Enabled




2017-07-12T12:10:16.6249200+08:00 [INFO] [ReplaceStringInFile.ps1(ln:33)] - Replacing configurations in C:\users\fuyujin\Source\Repos\hdinsight-storm-examples\IotExample\run\configurations.properties
2017-07-12T12:10:16.6325309+08:00 [ERROR] [ReplaceStringInFile.ps1(ln:41)] - Value cannot be empty for: 
2017-07-12T12:12:45.7696284+08:00 [ERROR] [buildJava.ps1(ln:30)] - JAVA_HOME not found, please ensure that Java is installed on your system and environment variable JAVA_HOME is set.
2017-07-12T12:12:46.0851663+08:00 [ERROR] [build.ps1(ln:27)] - Build returned non-zero exit code: -1. Please check if the project built successfully before you can launch examples.
2017-07-12T12:16:50.5853064+08:00 [ERROR] [buildJava.ps1(ln:30)] - JAVA_HOME not found, please ensure that Java is installed on your system and environment variable JAVA_HOME is set.
2017-07-12T12:16:50.8913546+08:00 [ERROR] [build.ps1(ln:27)] - Build returned non-zero exit code: -1. Please check if the project built successfully before you can launch examples.
2017-07-12T12:17:55.0777498+08:00 [INFO] [buildJava.ps1(ln:22)] - Found JAVA_HOME environment variable with value: 'C:\Program Files\Java\jdk1.8.0_131'
2017-07-12T12:17:55.2296501+08:00 [ERROR] [getMavenTools.ps1(ln:25)] - M2_HOME not found. Downloading Maven tools.
2017-07-12T12:17:55.2406499+08:00 [INFO] [getMavenTools.ps1(ln:31)] - Downloading Maven from http://www.us.apache.org/dist/maven/maven-3/3.2.5/binaries/apache-maven-3.2.5-bin.zip to C:\Users\fuyujin\Source\Repos\hdinsight-storm-examples\scripts\build\..\..\tools\maven-bin.zip
2017-07-12T12:18:05.5314865+08:00 [INFO] [installMvnLib.ps1(ln:24)] - Pushing MVN libs
2017-07-12T12:19:35.4284068+08:00 [INFO] [buildJava.ps1(ln:41)] - Building Java Projects
2017-07-12T12:19:35.4334089+08:00 [INFO] [buildJava.ps1(ln:42)] - ======================
2017-07-12T12:19:35.4564317+08:00 [INFO] [buildJava.ps1(ln:44)] - Building Java Project: C:\Users\fuyujin\Source\Repos\hdinsight-storm-examples\IotExample\docdbgen
2017-07-12T12:24:25.2184618+08:00 [INFO] [buildJava.ps1(ln:44)] - Building Java Project: C:\Users\fuyujin\Source\Repos\hdinsight-storm-examples\IotExample\eventgen
2017-07-12T12:25:08.9850175+08:00 [INFO] [buildJava.ps1(ln:44)] - Building Java Project: C:\Users\fuyujin\Source\Repos\hdinsight-storm-examples\IotExample\iot
