2017-08-03T23:18:42.8003796+08:00 [INFO] [run.ps1(ln:29)] - Phase 1 - Prepare - Start - Preparing project configuration for C:\Users\fuyujin\Source\Repos\hdinsight-storm-examples\IotExample.
2017-08-03T23:18:42.9162641+08:00 [INFO] [CreateRunConfig.ps1(ln:33)] - Step 0: Creating Run Configuration
2017-08-03T23:18:42.9848185+08:00 [INFO] [GenerateRandomConfig.ps1(ln:87)] - Generating run configurations at C:\Users\fuyujin\Source\Repos\hdinsight-storm-examples\IotExample\run\configurations.properties
2017-08-03T23:18:42.9848185+08:00 [INFO] [GenerateRandomConfig.ps1(ln:96)] - An existing run configuration was found at C:\Users\fuyujin\Source\Repos\hdinsight-storm-examples\IotExample\run\configurations.properties, just updating newer entries.
2017-08-03T23:18:43.0009403+08:00 [INFO] [ReplaceStringInFile.ps1(ln:33)] - Replacing configurations in C:\Users\fuyujin\Source\Repos\hdinsight-storm-examples\IotExample\run\configurations.properties
2017-08-03T23:18:43.0316931+08:00 [INFO] [CreateRunConfig.ps1(ln:47)] - Merging Configurations with passed in values
2017-08-03T23:18:43.0503694+08:00 [INFO] [CreateRunConfig.ps1(ln:53)] - Updating Configurations with passed in values
2017-08-03T23:18:43.0538604+08:00 [INFO] [ReplaceStringInFile.ps1(ln:33)] - Replacing configurations in C:\Users\fuyujin\Source\Repos\hdinsight-storm-examples\IotExample\run\configurations.properties
2017-08-03T23:18:43.0694895+08:00 [INFO] [ReadConfig.ps1(ln:26)] - Reading configurations from C:\Users\fuyujin\Source\Repos\hdinsight-storm-examples\IotExample\run\configurations.properties
2017-08-03T23:18:43.1320141+08:00 [INFO] [CreateRunConfig.ps1(ln:57)] - Key = AZURE_LOCATION, Value = east asia
2017-08-03T23:18:43.1320141+08:00 [INFO] [CreateRunConfig.ps1(ln:57)] - Key = AZURE_RESOURCE_GROUP, Value = iot-group-201707120034
2017-08-03T23:18:43.1476147+08:00 [INFO] [CreateRunConfig.ps1(ln:57)] - Key = AZURE_SUBSCRIPTION_ID, Value = ec27bf0e-5e9f-49de-a202-d79128bfd111
2017-08-03T23:18:43.1536337+08:00 [INFO] [CreateRunConfig.ps1(ln:57)] - Key = AZURE_SUBSCRIPTION_NAME, Value = Microsoft Azure Internal Consumption
2017-08-03T23:18:43.1536337+08:00 [INFO] [CreateRunConfig.ps1(ln:57)] - Key = AZURE_TENANT_ID, Value = 72f988bf-86f1-41af-91ab-2d7cd011db47
2017-08-03T23:18:43.1694181+08:00 [INFO] [CreateRunConfig.ps1(ln:57)] - Key = DOCUMENTDB, Value = true
2017-08-03T23:18:43.1694181+08:00 [INFO] [CreateRunConfig.ps1(ln:57)] - Key = DOCUMENTDB_ACCOUNT, Value = iot201707120034
2017-08-03T23:18:43.1850064+08:00 [INFO] [CreateRunConfig.ps1(ln:57)] - Key = DOCUMENTDB_COLLECTION, Value = iot201707120034
2017-08-03T23:18:43.1850064+08:00 [INFO] [CreateRunConfig.ps1(ln:57)] - Key = DOCUMENTDB_DATABASE, Value = iot201707120034
2017-08-03T23:18:43.2006297+08:00 [INFO] [CreateRunConfig.ps1(ln:57)] - Key = DOCUMENTDB_HOST, Value = https://iot201707120034.documents.azure.com:443/
2017-08-03T23:18:43.2006297+08:00 [INFO] [CreateRunConfig.ps1(ln:57)] - Key = EVENTHUBS, Value = true
2017-08-03T23:18:43.2162548+08:00 [INFO] [CreateRunConfig.ps1(ln:57)] - Key = EVENTHUBS_ENTITY_PATH, Value = iot201707120034
2017-08-03T23:18:43.2162548+08:00 [INFO] [CreateRunConfig.ps1(ln:57)] - Key = EVENTHUBS_FQDN_SUFFIX, Value = servicebus.windows.net
2017-08-03T23:18:43.2318785+08:00 [INFO] [CreateRunConfig.ps1(ln:57)] - Key = EVENTHUBS_NAMESPACE, Value = iot201707120034
2017-08-03T23:18:43.2318785+08:00 [INFO] [CreateRunConfig.ps1(ln:57)] - Key = EVENTHUBS_PARTITION_COUNT, Value = 2
2017-08-03T23:18:43.2537264+08:00 [INFO] [CreateRunConfig.ps1(ln:57)] - Key = EVENTHUBS_USERNAME, Value = root
2017-08-03T23:18:43.2537264+08:00 [INFO] [CreateRunConfig.ps1(ln:57)] - Key = HBASE, Value = {HBASE}
2017-08-03T23:18:43.2694310+08:00 [INFO] [CreateRunConfig.ps1(ln:57)] - Key = HBASE_CLUSTER_NAME, Value = hbaseiot201707120034
2017-08-03T23:18:43.2850134+08:00 [INFO] [CreateRunConfig.ps1(ln:57)] - Key = HBASE_CLUSTER_OS_TYPE, Value = Windows
2017-08-03T23:18:43.2850134+08:00 [INFO] [CreateRunConfig.ps1(ln:57)] - Key = HBASE_CLUSTER_SIZE, Value = 2
2017-08-03T23:18:43.3006940+08:00 [INFO] [CreateRunConfig.ps1(ln:57)] - Key = HBASE_CLUSTER_URL, Value = {HBASE_CLUSTER_URL}
2017-08-03T23:18:43.3006940+08:00 [INFO] [CreateRunConfig.ps1(ln:57)] - Key = HBASE_CLUSTER_USERNAME, Value = admin
2017-08-03T23:18:43.3163030+08:00 [INFO] [CreateRunConfig.ps1(ln:57)] - Key = KAFKA, Value = {KAFKA}
2017-08-03T23:18:43.3319019+08:00 [INFO] [CreateRunConfig.ps1(ln:57)] - Key = KAFKA_CLUSTER_NAME, Value = kafkaiot201707120034
2017-08-03T23:18:43.3545356+08:00 [INFO] [CreateRunConfig.ps1(ln:57)] - Key = KAFKA_CLUSTER_OS_TYPE, Value = Windows
2017-08-03T23:18:43.3545356+08:00 [INFO] [CreateRunConfig.ps1(ln:57)] - Key = KAFKA_CLUSTER_SIZE, Value = 2
2017-08-03T23:18:43.3701706+08:00 [INFO] [CreateRunConfig.ps1(ln:57)] - Key = KAFKA_CLUSTER_URL, Value = {KAFKA_CLUSTER_URL}
2017-08-03T23:18:43.3701706+08:00 [INFO] [CreateRunConfig.ps1(ln:57)] - Key = KAFKA_CLUSTER_USERNAME, Value = admin
2017-08-03T23:18:43.4326711+08:00 [INFO] [CreateRunConfig.ps1(ln:57)] - Key = SQLAZURE, Value = {SQLAZURE}
2017-08-03T23:18:43.4326711+08:00 [INFO] [CreateRunConfig.ps1(ln:57)] - Key = SQLAZURE_DB_NAME, Value = iot201707120034
2017-08-03T23:18:43.4326711+08:00 [INFO] [CreateRunConfig.ps1(ln:57)] - Key = SQLAZURE_SERVER_NAME, Value = iot201707120034
2017-08-03T23:18:43.4527995+08:00 [INFO] [CreateRunConfig.ps1(ln:57)] - Key = SQLAZURE_USER, Value = sqladmin
2017-08-03T23:18:43.4548008+08:00 [INFO] [CreateRunConfig.ps1(ln:57)] - Key = STORM_CLUSTER_NAME, Value = stormiot201707120034
2017-08-03T23:18:43.4548008+08:00 [INFO] [CreateRunConfig.ps1(ln:57)] - Key = STORM_CLUSTER_OS_TYPE, Value = Linux
2017-08-03T23:18:43.4548008+08:00 [INFO] [CreateRunConfig.ps1(ln:57)] - Key = STORM_CLUSTER_SIZE, Value = 2
2017-08-03T23:18:43.4548008+08:00 [INFO] [CreateRunConfig.ps1(ln:57)] - Key = STORM_CLUSTER_URL, Value = https://stormiot201707120034.azurehdinsight.net
2017-08-03T23:18:43.4704340+08:00 [INFO] [CreateRunConfig.ps1(ln:57)] - Key = STORM_CLUSTER_USERNAME, Value = admin
2017-08-03T23:18:43.4860635+08:00 [INFO] [CreateRunConfig.ps1(ln:57)] - Key = SUBNET_NAME, Value = iot201707120034
2017-08-03T23:18:43.4860635+08:00 [INFO] [CreateRunConfig.ps1(ln:57)] - Key = VNET, Value = {VNET}
2017-08-03T23:18:43.4860635+08:00 [INFO] [CreateRunConfig.ps1(ln:57)] - Key = VNET_ID, Value = {VNET_ID}
2017-08-03T23:18:43.5016846+08:00 [INFO] [CreateRunConfig.ps1(ln:57)] - Key = VNET_NAME, Value = iot201707120034
2017-08-03T23:18:43.5173111+08:00 [INFO] [CreateRunConfig.ps1(ln:57)] - Key = VNET_VERSION, Value = Classic
2017-08-03T23:18:43.5173111+08:00 [INFO] [CreateRunConfig.ps1(ln:57)] - Key = WASB_ACCOUNT_NAME, Value = iot201707120034
2017-08-03T23:18:43.5329410+08:00 [INFO] [CreateRunConfig.ps1(ln:57)] - Key = WASB_CONTAINER, Value = iot201707120034
2017-08-03T23:18:44.9357040+08:00 [INFO] [ReadConfig.ps1(ln:26)] - Reading configurations from C:\Users\fuyujin\Source\Repos\hdinsight-storm-examples\IotExample\run\configurations.properties
2017-08-03T23:20:02.0215975+08:00 [INFO] [CreateAzureResources.ps1(ln:68)] - Using Azure RM Account: 
2017-08-03T23:20:27.9010839+08:00 [INFO] [CreateAzureResources.ps1(ln:74)] - Available Subscription Names:

Name     : Microsoft Azure Internal Consumption
Id       : ec27bf0e-5e9f-49de-a202-d79128bfd111
TenantId : 72f988bf-86f1-41af-91ab-2d7cd011db47
State    : Enabled




2017-08-03T23:21:19.2994121+08:00 [INFO] [ReplaceStringInFile.ps1(ln:33)] - Replacing configurations in C:\Users\fuyujin\Source\Repos\hdinsight-storm-examples\IotExample\run\configurations.properties
2017-08-03T23:21:22.7168241+08:00 [INFO] [ReplaceStringInFile.ps1(ln:33)] - Replacing configurations in C:\Users\fuyujin\Source\Repos\hdinsight-storm-examples\IotExample\run\configurations.properties
2017-08-03T23:21:25.0680980+08:00 [INFO] [ReplaceStringInFile.ps1(ln:33)] - Replacing configurations in C:\Users\fuyujin\Source\Repos\hdinsight-storm-examples\IotExample\run\configurations.properties
2017-08-03T23:21:25.0724383+08:00 [INFO] [ReplaceStringInFile.ps1(ln:33)] - Replacing configurations in C:\Users\fuyujin\Source\Repos\hdinsight-storm-examples\IotExample\run\configurations.properties
2017-08-03T23:21:26.7504261+08:00 [INFO] [ReplaceStringInFile.ps1(ln:33)] - Replacing configurations in C:\Users\fuyujin\Source\Repos\hdinsight-storm-examples\IotExample\run\configurations.properties
2017-08-03T23:21:26.7715581+08:00 [INFO] [ReadConfig.ps1(ln:26)] - Reading configurations from C:\Users\fuyujin\Source\Repos\hdinsight-storm-examples\IotExample\run\configurations.properties
2017-08-03T23:21:26.7725624+08:00 [INFO] [CreateAzureResources.ps1(ln:127)] - Current run configuration:
2017-08-03T23:21:26.7725624+08:00 [INFO] [CreateAzureResources.ps1(ln:128)] - Key = AZURE_LOCATION, Value = east asia
2017-08-03T23:21:26.7881981+08:00 [INFO] [CreateAzureResources.ps1(ln:128)] - Key = AZURE_RESOURCE_GROUP, Value = iot-group-201707120034
2017-08-03T23:21:26.7881981+08:00 [INFO] [CreateAzureResources.ps1(ln:128)] - Key = AZURE_SUBSCRIPTION_ID, Value = ec27bf0e-5e9f-49de-a202-d79128bfd111
2017-08-03T23:21:26.8038250+08:00 [INFO] [CreateAzureResources.ps1(ln:128)] - Key = AZURE_SUBSCRIPTION_NAME, Value = Microsoft Azure Internal Consumption
2017-08-03T23:21:26.8038250+08:00 [INFO] [CreateAzureResources.ps1(ln:128)] - Key = AZURE_TENANT_ID, Value = 72f988bf-86f1-41af-91ab-2d7cd011db47
2017-08-03T23:21:26.8038250+08:00 [INFO] [CreateAzureResources.ps1(ln:128)] - Key = DOCUMENTDB, Value = true
2017-08-03T23:21:26.8194458+08:00 [INFO] [CreateAzureResources.ps1(ln:128)] - Key = DOCUMENTDB_ACCOUNT, Value = iot201707120034
2017-08-03T23:21:26.8194458+08:00 [INFO] [CreateAzureResources.ps1(ln:128)] - Key = DOCUMENTDB_COLLECTION, Value = iot201707120034
2017-08-03T23:21:26.8194458+08:00 [INFO] [CreateAzureResources.ps1(ln:128)] - Key = DOCUMENTDB_DATABASE, Value = iot201707120034
2017-08-03T23:21:26.8350702+08:00 [INFO] [CreateAzureResources.ps1(ln:128)] - Key = DOCUMENTDB_HOST, Value = https://iot201707120034.documents.azure.com:443/
2017-08-03T23:21:26.8350702+08:00 [INFO] [CreateAzureResources.ps1(ln:128)] - Key = EVENTHUBS, Value = true
2017-08-03T23:21:26.8350702+08:00 [INFO] [CreateAzureResources.ps1(ln:128)] - Key = EVENTHUBS_ENTITY_PATH, Value = iot201707120034
2017-08-03T23:21:26.8507033+08:00 [INFO] [CreateAzureResources.ps1(ln:128)] - Key = EVENTHUBS_FQDN_SUFFIX, Value = servicebus.windows.net
2017-08-03T23:21:26.8507033+08:00 [INFO] [CreateAzureResources.ps1(ln:128)] - Key = EVENTHUBS_NAMESPACE, Value = iot201707120034
2017-08-03T23:21:26.8507033+08:00 [INFO] [CreateAzureResources.ps1(ln:128)] - Key = EVENTHUBS_PARTITION_COUNT, Value = 2
2017-08-03T23:21:26.8718372+08:00 [INFO] [CreateAzureResources.ps1(ln:128)] - Key = EVENTHUBS_USERNAME, Value = root
2017-08-03T23:21:26.8728364+08:00 [INFO] [CreateAzureResources.ps1(ln:128)] - Key = HBASE, Value = {HBASE}
2017-08-03T23:21:26.8728364+08:00 [INFO] [CreateAzureResources.ps1(ln:128)] - Key = HBASE_CLUSTER_NAME, Value = hbaseiot201707120034
2017-08-03T23:21:26.8728364+08:00 [INFO] [CreateAzureResources.ps1(ln:128)] - Key = HBASE_CLUSTER_OS_TYPE, Value = Windows
2017-08-03T23:21:26.8884695+08:00 [INFO] [CreateAzureResources.ps1(ln:128)] - Key = HBASE_CLUSTER_SIZE, Value = 2
2017-08-03T23:21:26.8884695+08:00 [INFO] [CreateAzureResources.ps1(ln:128)] - Key = HBASE_CLUSTER_URL, Value = {HBASE_CLUSTER_URL}
2017-08-03T23:21:26.8884695+08:00 [INFO] [CreateAzureResources.ps1(ln:128)] - Key = HBASE_CLUSTER_USERNAME, Value = admin
2017-08-03T23:21:26.8884695+08:00 [INFO] [CreateAzureResources.ps1(ln:128)] - Key = KAFKA, Value = {KAFKA}
2017-08-03T23:21:26.9040953+08:00 [INFO] [CreateAzureResources.ps1(ln:128)] - Key = KAFKA_CLUSTER_NAME, Value = kafkaiot201707120034
2017-08-03T23:21:26.9040953+08:00 [INFO] [CreateAzureResources.ps1(ln:128)] - Key = KAFKA_CLUSTER_OS_TYPE, Value = Windows
2017-08-03T23:21:26.9197190+08:00 [INFO] [CreateAzureResources.ps1(ln:128)] - Key = KAFKA_CLUSTER_SIZE, Value = 2
2017-08-03T23:21:26.9197190+08:00 [INFO] [CreateAzureResources.ps1(ln:128)] - Key = KAFKA_CLUSTER_URL, Value = {KAFKA_CLUSTER_URL}
2017-08-03T23:21:26.9197190+08:00 [INFO] [CreateAzureResources.ps1(ln:128)] - Key = KAFKA_CLUSTER_USERNAME, Value = admin
2017-08-03T23:21:26.9353627+08:00 [INFO] [CreateAzureResources.ps1(ln:128)] - Key = SQLAZURE, Value = {SQLAZURE}
2017-08-03T23:21:26.9353627+08:00 [INFO] [CreateAzureResources.ps1(ln:128)] - Key = SQLAZURE_DB_NAME, Value = iot201707120034
2017-08-03T23:21:26.9509762+08:00 [INFO] [CreateAzureResources.ps1(ln:128)] - Key = SQLAZURE_SERVER_NAME, Value = iot201707120034
2017-08-03T23:21:26.9509762+08:00 [INFO] [CreateAzureResources.ps1(ln:128)] - Key = SQLAZURE_USER, Value = sqladmin
2017-08-03T23:21:26.9731114+08:00 [INFO] [CreateAzureResources.ps1(ln:128)] - Key = STORM_CLUSTER_NAME, Value = stormiot201707120034
2017-08-03T23:21:26.9731114+08:00 [INFO] [CreateAzureResources.ps1(ln:128)] - Key = STORM_CLUSTER_OS_TYPE, Value = Linux
2017-08-03T23:21:26.9731114+08:00 [INFO] [CreateAzureResources.ps1(ln:128)] - Key = STORM_CLUSTER_SIZE, Value = 2
2017-08-03T23:21:26.9887449+08:00 [INFO] [CreateAzureResources.ps1(ln:128)] - Key = STORM_CLUSTER_URL, Value = https://stormiot201707120034.azurehdinsight.net
2017-08-03T23:21:27.0043704+08:00 [INFO] [CreateAzureResources.ps1(ln:128)] - Key = STORM_CLUSTER_USERNAME, Value = admin
2017-08-03T23:21:27.0043704+08:00 [INFO] [CreateAzureResources.ps1(ln:128)] - Key = SUBNET_NAME, Value = iot201707120034
2017-08-03T23:21:27.0043704+08:00 [INFO] [CreateAzureResources.ps1(ln:128)] - Key = VNET, Value = {VNET}
2017-08-03T23:21:27.0199962+08:00 [INFO] [CreateAzureResources.ps1(ln:128)] - Key = VNET_ID, Value = {VNET_ID}
2017-08-03T23:21:27.0199962+08:00 [INFO] [CreateAzureResources.ps1(ln:128)] - Key = VNET_NAME, Value = iot201707120034
2017-08-03T23:21:27.0199962+08:00 [INFO] [CreateAzureResources.ps1(ln:128)] - Key = VNET_VERSION, Value = Classic
2017-08-03T23:21:27.0356275+08:00 [INFO] [CreateAzureResources.ps1(ln:128)] - Key = WASB_ACCOUNT_NAME, Value = iot201707120034
2017-08-03T23:21:27.0356275+08:00 [INFO] [CreateAzureResources.ps1(ln:128)] - Key = WASB_CONTAINER, Value = iot201707120034
2017-08-03T23:21:27.0512457+08:00 [INFO] [CreateAzureResources.ps1(ln:130)] - Using subscription: Microsoft Azure Internal Consumption - ec27bf0e-5e9f-49de-a202-d79128bfd111
2017-08-03T23:21:29.7708466+08:00 [INFO] [CreateAzureResources.ps1(ln:180)] - Step 0: Creating Azure Resource Group
2017-08-03T23:21:31.1056362+08:00 [INFO] [CreateAzureResources.ps1(ln:203)] - Step 2: Creating storage account and updating key in configurations.properties
2017-08-03T23:21:33.1387127+08:00 [INFO] [CreateStorageAccountARM.ps1(ln:45)] - Found an existing Storage account with same name: iot201707120034
2017-08-03T23:21:33.1387127+08:00 [INFO] [CreateStorageAccountARM.ps1(ln:54)] - Getting Storage Key for iot201707120034
2017-08-03T23:21:35.3541298+08:00 [INFO] [CreateStorageAccountARM.ps1(ln:59)] - Storage Account: iot201707120034 successfully created in Resource Group: iot-group-201707120034 at Location: east asia. Time: 4.1982731 secs
2017-08-03T23:21:35.3541298+08:00 [INFO] [ReplaceStringInFile.ps1(ln:33)] - Replacing configurations in C:\Users\fuyujin\Source\Repos\hdinsight-storm-examples\IotExample\run\configurations.properties
2017-08-03T23:21:50.3959340+08:00 [INFO] [CreateAzureResources.ps1(ln:233)] - Step 2.2: Creating Event Hubs
2017-08-03T23:21:50.3959340+08:00 [INFO] [(ln:)] - iot201707120034 iot201707120034 root east asia 2
2017-08-03T23:21:50.8115736+08:00 [INFO] [CreateEventHubs.ps1(ln:45)] - Adding the C:\Users\fuyujin\Source\Repos\hdinsight-storm-examples\packages\WindowsAzure.ServiceBus.4.1.2\lib\net45\Microsoft.ServiceBus.dll assembly to the script...
2017-08-03T23:21:50.9587101+08:00 [INFO] [CreateEventHubs.ps1(ln:47)] - The C:\Users\fuyujin\Source\Repos\hdinsight-storm-examples\packages\WindowsAzure.ServiceBus.4.1.2\lib\net45\Microsoft.ServiceBus.dll assembly has been successfully added to the script.
2017-08-03T23:21:54.0595136+08:00 [INFO] [CreateEventHubs.ps1(ln:59)] - The namespace: iot201707120034 already exists in location: 
2017-08-03T23:21:59.0332346+08:00 [INFO] [CreateEventHubs.ps1(ln:102)] - The event hub:  already exists in the namespace: iot201707120034.
2017-08-03T23:22:09.1225497+08:00 [INFO] [CreateEventHubs.ps1(ln:176)] - CreateEventHubs completed in 18.1638396 seconds.
2017-08-03T23:22:14.4284157+08:00 [INFO] [ReplaceStringInFile.ps1(ln:33)] - Replacing configurations in C:\Users\fuyujin\Source\Repos\hdinsight-storm-examples\IotExample\run\configurations.properties
2017-08-03T23:22:14.4440590+08:00 [INFO] [CreateAzureResources.ps1(ln:247)] - Step 2.3: Creating DocumentDB and update account key in configurations.properties
2017-08-03T23:22:15.3148436+08:00 [INFO] [CreateDocumentDBARM.ps1(ln:45)] - Trying to find DocumentDB account: iot201707120034 in ResourceGroup: iot-group-201707120034
2017-08-03T23:22:19.3189050+08:00 [INFO] [CreateDocumentDBARM.ps1(ln:97)] - DocumentDB Information:


Name              : iot201707120034
ResourceId        : /subscriptions/ec27bf0e-5e9f-49de-a202-d79128bfd111/resourceGroups/iot-group-201707120034/providers/Microsoft.DocumentDB/databaseAccounts/iot2017071200
                    34
ResourceName      : iot201707120034
ResourceType      : Microsoft.DocumentDB/databaseAccounts
Kind              : GlobalDocumentDB
ResourceGroupName : iot-group-201707120034
Location          : East Asia
SubscriptionId    : ec27bf0e-5e9f-49de-a202-d79128bfd111
Tags              : {}
Properties        : @{provisioningState=Succeeded; documentEndpoint=https://iot201707120034.documents.azure.com:443/; ipRangeFilter=; enableAutomaticFailover=False; 
                    databaseAccountOfferType=Standard; consistencyPolicy=; configurationOverrides=; writeLocations=System.Object[]; readLocations=System.Object[]; 
                    failoverPolicies=System.Object[]; capabilities=System.Object[]}




2017-08-03T23:22:19.3339430+08:00 [INFO] [CreateDocumentDBARM.ps1(ln:101)] - Found DocumentDB account information
2017-08-03T23:22:19.3339430+08:00 [INFO] [CreateDocumentDBARM.ps1(ln:102)] - Getting account key
2017-08-03T23:22:23.4195596+08:00 [INFO] [CreateDocumentDBARM.ps1(ln:116)] - Using subscription:


Environment           : AzureCloud
Account               : fuyujin@microsoft.com
TenantId              : 72f988bf-86f1-41af-91ab-2d7cd011db47
SubscriptionId        : ec27bf0e-5e9f-49de-a202-d79128bfd111
SubscriptionName      : Microsoft Azure Internal Consumption
CurrentStorageAccount : 




2017-08-03T23:22:25.4051693+08:00 [INFO] [CreateDocumentDBARM.ps1(ln:128)] - DocumentDB: iot201707120034 successfully created in Resource Group: iot-group-201707120034 at Location: east asia. Time: 10.9081288 secs
2017-08-03T23:22:25.4208006+08:00 [INFO] [ReplaceStringInFile.ps1(ln:33)] - Replacing configurations in C:\Users\fuyujin\Source\Repos\hdinsight-storm-examples\IotExample\run\configurations.properties
2017-08-03T23:22:25.4364691+08:00 [INFO] [CreateAzureResources.ps1(ln:255)] - Step 4: Creating HDInsight Clusters
2017-08-03T23:22:28.3551111+08:00 [INFO] [CreateClusterARM.ps1(ln:57)] - Create HDInsight cluster of type: Storm with name: stormiot201707120034
2017-08-03T23:22:33.5258277+08:00 [INFO] [CreateClusterARM.ps1(ln:125)] - 

Name                      : stormiot201707120034
Id                        : /subscriptions/ec27bf0e-5e9f-49de-a202-d79128bfd111/resourceGroups/iot-group-201707120034/providers/Microsoft.HDInsight/clusters/stormiot201707
                            120034
Location                  : East Asia
ClusterVersion            : 3.5.1000.0
OperatingSystemType       : Linux
ClusterTier               : Standard
ClusterState              : Running
ClusterType               : Storm
CoresUsed                 : 22
HttpEndpoint              : stormiot201707120034.azurehdinsight.net
Error                     : 
DefaultStorageAccount     : iot201707120034.blob.core.windows.net
DefaultStorageContainer   : iot201707120034
DefaultStorageRootPath    : 
ResourceGroup             : iot-group-201707120034
AdditionalStorageAccounts : {}
ComponentVersion          : {}
SecurityProfile           : 




2017-08-03T23:22:33.5407136+08:00 [INFO] [ReplaceStringInFile.ps1(ln:33)] - Replacing configurations in C:\Users\fuyujin\Source\Repos\hdinsight-storm-examples\IotExample\run\configurations.properties
2017-08-03T23:22:33.5563748+08:00 [INFO] [CreateAzureResources.ps1(ln:328)] - Azure resources created, completed in 63.8047037 seconds.
2017-08-03T23:22:33.5719711+08:00 [INFO] [ReadConfig.ps1(ln:26)] - Reading configurations from C:\Users\fuyujin\Source\Repos\hdinsight-storm-examples\IotExample\run\configurations.properties
2017-08-03T23:22:33.5875915+08:00 [INFO] [ReplaceStringInFile.ps1(ln:33)] - Replacing configurations in C:\Users\fuyujin\Source\Repos\hdinsight-storm-examples\IotExample\run\docdb.config
2017-08-03T23:22:33.5875915+08:00 [INFO] [ReplaceStringInFile.ps1(ln:46)] - Updating DOCUMENTDB_HOST with value: https://iot201707120034.documents.azure.com:443/
2017-08-03T23:22:33.6093705+08:00 [INFO] [ReplaceStringInFile.ps1(ln:46)] - Updating DOCUMENTDB_DATABASE with value: iot201707120034
2017-08-03T23:22:33.6093705+08:00 [INFO] [ReplaceStringInFile.ps1(ln:46)] - Updating DOCUMENTDB_KEY with value: 3RLtXjoRANNjf1aiopCDVlsnJWQpJvFmzTzgAzmRPmanjHrMYtbWljF2eYa6nkfptWXIYpZ8KrvL5uYfrJGKBw==
2017-08-03T23:22:33.6252067+08:00 [INFO] [ReplaceStringInFile.ps1(ln:46)] - Updating DOCUMENTDB_COLLECTION with value: iot201707120034
2017-08-03T23:22:33.6411068+08:00 [INFO] [ReplaceStringInFile.ps1(ln:33)] - Replacing configurations in C:\Users\fuyujin\Source\Repos\hdinsight-storm-examples\IotExample\run\eventhubs.config
2017-08-03T23:22:33.6564540+08:00 [INFO] [ReplaceStringInFile.ps1(ln:46)] - Updating EVENTHUBS_PARTITION_COUNT with value: 2
2017-08-03T23:22:33.6723683+08:00 [INFO] [ReplaceStringInFile.ps1(ln:46)] - Updating EVENTHUBS_FQDN_SUFFIX with value: servicebus.windows.net
2017-08-03T23:22:33.6723683+08:00 [INFO] [ReplaceStringInFile.ps1(ln:46)] - Updating EVENTHUBS_ENTITY_PATH with value: iot201707120034
2017-08-03T23:22:33.6876977+08:00 [INFO] [ReplaceStringInFile.ps1(ln:46)] - Updating EVENTHUBS_KEY_NAME with value: iotauth
2017-08-03T23:22:33.7038866+08:00 [INFO] [ReplaceStringInFile.ps1(ln:46)] - Updating EVENTHUBS_USERNAME with value: root
2017-08-03T23:22:33.7099106+08:00 [INFO] [ReplaceStringInFile.ps1(ln:46)] - Updating EVENTHUBS_PASSWORD with value: wE1KKDVLVSgFjeM4pdnps8w4RniO78MnHQ9Fi5pTTQc=
2017-08-03T23:22:33.7099106+08:00 [INFO] [ReplaceStringInFile.ps1(ln:46)] - Updating EVENTHUBS_NAMESPACE with value: iot201707120034
2017-08-03T23:22:33.7255613+08:00 [INFO] [ReplaceStringInFile.ps1(ln:33)] - Replacing configurations in C:\Users\fuyujin\Source\Repos\hdinsight-storm-examples\IotExample\iot\src\main\resources\myconfig.properties
2017-08-03T23:22:33.7411809+08:00 [INFO] [ReplaceStringInFile.ps1(ln:46)] - Updating EVENTHUBS_PARTITION_COUNT with value: 2
2017-08-03T23:22:33.7411809+08:00 [INFO] [ReplaceStringInFile.ps1(ln:46)] - Updating EVENTHUBS_FQDN_SUFFIX with value: servicebus.windows.net
2017-08-03T23:22:33.7567944+08:00 [INFO] [ReplaceStringInFile.ps1(ln:46)] - Updating EVENTHUBS_ENTITY_PATH with value: iot201707120034
2017-08-03T23:22:33.7567944+08:00 [INFO] [ReplaceStringInFile.ps1(ln:46)] - Updating DOCUMENTDB_HOST with value: https://iot201707120034.documents.azure.com:443/
2017-08-03T23:22:33.7725044+08:00 [INFO] [ReplaceStringInFile.ps1(ln:46)] - Updating DOCUMENTDB_DATABASE with value: iot201707120034
2017-08-03T23:22:33.7880541+08:00 [INFO] [ReplaceStringInFile.ps1(ln:46)] - Updating DOCUMENTDB_KEY with value: 3RLtXjoRANNjf1aiopCDVlsnJWQpJvFmzTzgAzmRPmanjHrMYtbWljF2eYa6nkfptWXIYpZ8KrvL5uYfrJGKBw==
2017-08-03T23:22:33.7880541+08:00 [INFO] [ReplaceStringInFile.ps1(ln:46)] - Updating EVENTHUBS_USERNAME with value: root
2017-08-03T23:22:33.8099205+08:00 [INFO] [ReplaceStringInFile.ps1(ln:46)] - Updating EVENTHUBS_PASSWORD with value: wE1KKDVLVSgFjeM4pdnps8w4RniO78MnHQ9Fi5pTTQc=
2017-08-03T23:22:33.8099205+08:00 [INFO] [ReplaceStringInFile.ps1(ln:46)] - Updating DOCUMENTDB_COLLECTION with value: iot201707120034
2017-08-03T23:22:33.8255486+08:00 [INFO] [ReplaceStringInFile.ps1(ln:46)] - Updating EVENTHUBS_NAMESPACE with value: iot201707120034
2017-08-03T23:22:33.8255486+08:00 [INFO] [ReplaceStringInFile.ps1(ln:33)] - Replacing configurations in C:\Users\fuyujin\Source\Repos\hdinsight-storm-examples\IotExample\iot\src\main\resources\core-site.xml
2017-08-03T23:22:33.8411755+08:00 [INFO] [ReplaceStringInFile.ps1(ln:46)] - Updating WASB_ACCOUNT_NAME with value: iot201707120034
2017-08-03T23:22:33.8570767+08:00 [INFO] [ReplaceStringInFile.ps1(ln:46)] - Updating WASB_CONTAINER with value: iot201707120034
2017-08-03T23:22:33.8570767+08:00 [INFO] [ReplaceStringInFile.ps1(ln:46)] - Updating WASB_ACCOUNT_KEY with value: CjWkK06hzmmz0jEluYTpX3HTyzy5nOsbXmNbw4gjA+KIlS09E+WWa/EWeuKD3dwvs/kYWuYqCHpxiIKXGf9G0Q==
2017-08-03T23:22:33.8726584+08:00 [INFO] [run.ps1(ln:45)] - Phase 1 - Preparation - End - Preparation complete for C:\Users\fuyujin\Source\Repos\hdinsight-storm-examples\IotExample.
2017-08-03T23:22:33.8880479+08:00 [INFO] [run.ps1(ln:50)] - Phase 2 - Build - Start - Building C:\Users\fuyujin\Source\Repos\hdinsight-storm-examples\IotExample
2017-08-03T23:22:34.2728706+08:00 [INFO] [buildJava.ps1(ln:22)] - Found JAVA_HOME environment variable with value: 'C:\Program Files\Java\jdk1.8.0_131'
2017-08-03T23:22:34.3887463+08:00 [ERROR] [getMavenTools.ps1(ln:25)] - M2_HOME not found. Downloading Maven tools.
2017-08-03T23:22:34.3887463+08:00 [INFO] [getMavenTools.ps1(ln:31)] - Downloading Maven from http://www.us.apache.org/dist/maven/maven-3/3.2.5/binaries/apache-maven-3.2.5-bin.zip to C:\Users\fuyujin\Source\Repos\hdinsight-storm-examples\scripts\build\..\..\tools\maven-bin.zip
2017-08-03T23:22:34.4108837+08:00 [INFO] [installMvnLib.ps1(ln:24)] - Pushing MVN libs
2017-08-03T23:22:49.0536022+08:00 [INFO] [buildJava.ps1(ln:41)] - Building Java Projects
2017-08-03T23:22:49.0536022+08:00 [INFO] [buildJava.ps1(ln:42)] - ======================
2017-08-03T23:22:49.0536022+08:00 [INFO] [buildJava.ps1(ln:44)] - Building Java Project: C:\Users\fuyujin\Source\Repos\hdinsight-storm-examples\IotExample\docdbgen
2017-08-03T23:22:53.8500648+08:00 [INFO] [buildJava.ps1(ln:44)] - Building Java Project: C:\Users\fuyujin\Source\Repos\hdinsight-storm-examples\IotExample\eventgen
2017-08-03T23:22:59.9405192+08:00 [INFO] [buildJava.ps1(ln:44)] - Building Java Project: C:\Users\fuyujin\Source\Repos\hdinsight-storm-examples\IotExample\iot
2017-08-03T23:23:08.5519820+08:00 [INFO] [buildJava.ps1(ln:63)] - Project building complete!

2017-08-03T23:23:08.5519820+08:00 [INFO] [buildJava.ps1(ln:64)] - Build Summary:
2017-08-03T23:23:08.5676148+08:00 [INFO] [buildJava.ps1(ln:65)] - ======================
2017-08-03T23:23:08.5676148+08:00 [INFO] [buildJava.ps1(ln:77)] - SUCCESS: All projects built successfully!
2017-08-03T23:23:08.5832355+08:00 [INFO] [buildJava.ps1(ln:78)] - C:\Users\fuyujin\Source\Repos\hdinsight-storm-examples\IotExample\docdbgen\pom.xml
2017-08-03T23:23:08.5832355+08:00 [INFO] [buildJava.ps1(ln:78)] - C:\Users\fuyujin\Source\Repos\hdinsight-storm-examples\IotExample\eventgen\pom.xml
2017-08-03T23:23:08.5988581+08:00 [INFO] [buildJava.ps1(ln:78)] - C:\Users\fuyujin\Source\Repos\hdinsight-storm-examples\IotExample\iot\pom.xml
2017-08-03T23:23:08.7361171+08:00 [INFO] [build.ps1(ln:23)] - Build Complete for 'C:\Users\fuyujin\Source\Repos\hdinsight-storm-examples\IotExample!'
2017-08-03T23:23:08.7517462+08:00 [INFO] [run.ps1(ln:65)] - Build complete for C:\Users\fuyujin\Source\Repos\hdinsight-storm-examples\IotExample
2017-08-03T23:23:08.7517462+08:00 [INFO] [run.ps1(ln:70)] - Phase 3 - Execute - Start - Executing the example in C:\Users\fuyujin\Source\Repos\hdinsight-storm-examples\IotExample
2017-08-03T23:23:08.7830351+08:00 [INFO] [ReadConfig.ps1(ln:26)] - Reading configurations from C:\Users\fuyujin\Source\Repos\hdinsight-storm-examples\IotExample\run\configurations.properties
2017-08-03T23:23:15.1535356+08:00 [INFO] [execute.ps1(ln:30)] - Starting DocDbGen process
2017-08-03T23:23:15.2159780+08:00 [INFO] [execute.ps1(ln:43)] - Starting EventGen process
2017-08-03T23:23:15.2159780+08:00 [INFO] [execute.ps1(ln:72)] - Starting Storm topology for IoT
2017-08-03T23:23:15.2542482+08:00 [INFO] [SubmitStormTopologyLinux.ps1(ln:65)] - Cluster SSH Password: Ig6(0wxRQnwS
2017-08-03T23:23:16.3655921+08:00 [ERROR] [SubmitStormTopologyLinux.ps1(ln:100)] - Topology upload encountered an error, please check logs for error information.
