2017-08-01T23:09:48.4974664+08:00 [INFO] [run.ps1(ln:29)] - Phase 1 - Prepare - Start - Preparing project configuration for C:\Users\fuyujin\Source\Repos\hdinsight-storm-examples\IotExample.
2017-08-01T23:09:48.6525861+08:00 [INFO] [CreateRunConfig.ps1(ln:33)] - Step 0: Creating Run Configuration
2017-08-01T23:09:48.8116161+08:00 [INFO] [GenerateRandomConfig.ps1(ln:87)] - Generating run configurations at C:\Users\fuyujin\Source\Repos\hdinsight-storm-examples\IotExample\run\configurations.properties
2017-08-01T23:09:48.8196156+08:00 [INFO] [GenerateRandomConfig.ps1(ln:96)] - An existing run configuration was found at C:\Users\fuyujin\Source\Repos\hdinsight-storm-examples\IotExample\run\configurations.properties, just updating newer entries.
2017-08-01T23:09:48.8406152+08:00 [INFO] [ReplaceStringInFile.ps1(ln:33)] - Replacing configurations in C:\Users\fuyujin\Source\Repos\hdinsight-storm-examples\IotExample\run\configurations.properties
2017-08-01T23:09:48.8896178+08:00 [INFO] [CreateRunConfig.ps1(ln:47)] - Merging Configurations with passed in values
2017-08-01T23:09:48.9041259+08:00 [INFO] [CreateRunConfig.ps1(ln:53)] - Updating Configurations with passed in values
2017-08-01T23:09:48.9161251+08:00 [INFO] [ReplaceStringInFile.ps1(ln:33)] - Replacing configurations in C:\Users\fuyujin\Source\Repos\hdinsight-storm-examples\IotExample\run\configurations.properties
2017-08-01T23:09:48.9451253+08:00 [INFO] [ReadConfig.ps1(ln:26)] - Reading configurations from C:\Users\fuyujin\Source\Repos\hdinsight-storm-examples\IotExample\run\configurations.properties
2017-08-01T23:09:49.0011262+08:00 [INFO] [CreateRunConfig.ps1(ln:57)] - Key = AZURE_LOCATION, Value = east asia
2017-08-01T23:09:49.0081261+08:00 [INFO] [CreateRunConfig.ps1(ln:57)] - Key = AZURE_RESOURCE_GROUP, Value = iot-group-201707120034
2017-08-01T23:09:49.0146250+08:00 [INFO] [CreateRunConfig.ps1(ln:57)] - Key = AZURE_SUBSCRIPTION_ID, Value = ec27bf0e-5e9f-49de-a202-d79128bfd111
2017-08-01T23:09:49.0211252+08:00 [INFO] [CreateRunConfig.ps1(ln:57)] - Key = AZURE_SUBSCRIPTION_NAME, Value = Microsoft Azure Internal Consumption
2017-08-01T23:09:49.0271237+08:00 [INFO] [CreateRunConfig.ps1(ln:57)] - Key = AZURE_TENANT_ID, Value = 72f988bf-86f1-41af-91ab-2d7cd011db47
2017-08-01T23:09:49.0341251+08:00 [INFO] [CreateRunConfig.ps1(ln:57)] - Key = DOCUMENTDB, Value = true
2017-08-01T23:09:49.0411257+08:00 [INFO] [CreateRunConfig.ps1(ln:57)] - Key = DOCUMENTDB_ACCOUNT, Value = iot201707120034
2017-08-01T23:09:49.0501266+08:00 [INFO] [CreateRunConfig.ps1(ln:57)] - Key = DOCUMENTDB_COLLECTION, Value = iot201707120034
2017-08-01T23:09:49.0561254+08:00 [INFO] [CreateRunConfig.ps1(ln:57)] - Key = DOCUMENTDB_DATABASE, Value = iot201707120034
2017-08-01T23:09:49.0631271+08:00 [INFO] [CreateRunConfig.ps1(ln:57)] - Key = DOCUMENTDB_HOST, Value = https://iot201707120034.documents.azure.com:443/
2017-08-01T23:09:49.0716247+08:00 [INFO] [CreateRunConfig.ps1(ln:57)] - Key = EVENTHUBS, Value = true
2017-08-01T23:09:49.0776280+08:00 [INFO] [CreateRunConfig.ps1(ln:57)] - Key = EVENTHUBS_ENTITY_PATH, Value = iot201707120034
2017-08-01T23:09:49.0866263+08:00 [INFO] [CreateRunConfig.ps1(ln:57)] - Key = EVENTHUBS_FQDN_SUFFIX, Value = servicebus.windows.net
2017-08-01T23:09:49.0936251+08:00 [INFO] [CreateRunConfig.ps1(ln:57)] - Key = EVENTHUBS_NAMESPACE, Value = iot201707120034
2017-08-01T23:09:49.1021249+08:00 [INFO] [CreateRunConfig.ps1(ln:57)] - Key = EVENTHUBS_PARTITION_COUNT, Value = 2
2017-08-01T23:09:49.1096254+08:00 [INFO] [CreateRunConfig.ps1(ln:57)] - Key = EVENTHUBS_USERNAME, Value = root
2017-08-01T23:09:49.1171257+08:00 [INFO] [CreateRunConfig.ps1(ln:57)] - Key = HBASE, Value = {HBASE}
2017-08-01T23:09:49.1231253+08:00 [INFO] [CreateRunConfig.ps1(ln:57)] - Key = HBASE_CLUSTER_NAME, Value = hbaseiot201707120034
2017-08-01T23:09:49.1326275+08:00 [INFO] [CreateRunConfig.ps1(ln:57)] - Key = HBASE_CLUSTER_OS_TYPE, Value = Windows
2017-08-01T23:09:49.1401256+08:00 [INFO] [CreateRunConfig.ps1(ln:57)] - Key = HBASE_CLUSTER_SIZE, Value = 2
2017-08-01T23:09:49.1471258+08:00 [INFO] [CreateRunConfig.ps1(ln:57)] - Key = HBASE_CLUSTER_URL, Value = {HBASE_CLUSTER_URL}
2017-08-01T23:09:49.1531239+08:00 [INFO] [CreateRunConfig.ps1(ln:57)] - Key = HBASE_CLUSTER_USERNAME, Value = admin
2017-08-01T23:09:49.1591257+08:00 [INFO] [CreateRunConfig.ps1(ln:57)] - Key = KAFKA, Value = {KAFKA}
2017-08-01T23:09:49.1666259+08:00 [INFO] [CreateRunConfig.ps1(ln:57)] - Key = KAFKA_CLUSTER_NAME, Value = kafkaiot201707120034
2017-08-01T23:09:49.2161259+08:00 [INFO] [CreateRunConfig.ps1(ln:57)] - Key = KAFKA_CLUSTER_OS_TYPE, Value = Windows
2017-08-01T23:09:49.2256267+08:00 [INFO] [CreateRunConfig.ps1(ln:57)] - Key = KAFKA_CLUSTER_SIZE, Value = 2
2017-08-01T23:09:49.2346257+08:00 [INFO] [CreateRunConfig.ps1(ln:57)] - Key = KAFKA_CLUSTER_URL, Value = {KAFKA_CLUSTER_URL}
2017-08-01T23:09:49.2476277+08:00 [INFO] [CreateRunConfig.ps1(ln:57)] - Key = KAFKA_CLUSTER_USERNAME, Value = admin
2017-08-01T23:09:49.2591266+08:00 [INFO] [CreateRunConfig.ps1(ln:57)] - Key = SQLAZURE, Value = {SQLAZURE}
2017-08-01T23:09:49.2686260+08:00 [INFO] [CreateRunConfig.ps1(ln:57)] - Key = SQLAZURE_DB_NAME, Value = iot201707120034
2017-08-01T23:09:49.2751241+08:00 [INFO] [CreateRunConfig.ps1(ln:57)] - Key = SQLAZURE_SERVER_NAME, Value = iot201707120034
2017-08-01T23:09:49.2836249+08:00 [INFO] [CreateRunConfig.ps1(ln:57)] - Key = SQLAZURE_USER, Value = sqladmin
2017-08-01T23:09:49.2886246+08:00 [INFO] [CreateRunConfig.ps1(ln:57)] - Key = STORM_CLUSTER_NAME, Value = stormiot201707120034
2017-08-01T23:09:49.2941271+08:00 [INFO] [CreateRunConfig.ps1(ln:57)] - Key = STORM_CLUSTER_OS_TYPE, Value = Linux
2017-08-01T23:09:49.3006245+08:00 [INFO] [CreateRunConfig.ps1(ln:57)] - Key = STORM_CLUSTER_SIZE, Value = 2
2017-08-01T23:09:49.3051253+08:00 [INFO] [CreateRunConfig.ps1(ln:57)] - Key = STORM_CLUSTER_URL, Value = https://stormiot201707120034.azurehdinsight.net
2017-08-01T23:09:49.3091254+08:00 [INFO] [CreateRunConfig.ps1(ln:57)] - Key = STORM_CLUSTER_USERNAME, Value = admin
2017-08-01T23:09:49.3153482+08:00 [INFO] [CreateRunConfig.ps1(ln:57)] - Key = SUBNET_NAME, Value = iot201707120034
2017-08-01T23:09:49.3203307+08:00 [INFO] [CreateRunConfig.ps1(ln:57)] - Key = VNET, Value = {VNET}
2017-08-01T23:09:49.3253300+08:00 [INFO] [CreateRunConfig.ps1(ln:57)] - Key = VNET_ID, Value = {VNET_ID}
2017-08-01T23:09:49.3333284+08:00 [INFO] [CreateRunConfig.ps1(ln:57)] - Key = VNET_NAME, Value = iot201707120034
2017-08-01T23:09:49.3383306+08:00 [INFO] [CreateRunConfig.ps1(ln:57)] - Key = VNET_VERSION, Value = Classic
2017-08-01T23:09:49.3713283+08:00 [INFO] [CreateRunConfig.ps1(ln:57)] - Key = WASB_ACCOUNT_NAME, Value = iot201707120034
2017-08-01T23:09:49.3773301+08:00 [INFO] [CreateRunConfig.ps1(ln:57)] - Key = WASB_CONTAINER, Value = iot201707120034
2017-08-01T23:09:51.0610339+08:00 [INFO] [ReadConfig.ps1(ln:26)] - Reading configurations from C:\Users\fuyujin\Source\Repos\hdinsight-storm-examples\IotExample\run\configurations.properties
2017-08-01T23:10:54.5622636+08:00 [INFO] [CreateAzureResources.ps1(ln:68)] - Using Azure RM Account: 
2017-08-01T23:11:03.3335865+08:00 [INFO] [CreateAzureResources.ps1(ln:74)] - Available Subscription Names:

Name     : Microsoft Azure Internal Consumption
Id       : ec27bf0e-5e9f-49de-a202-d79128bfd111
TenantId : 72f988bf-86f1-41af-91ab-2d7cd011db47
State    : Enabled




2017-08-01T23:11:11.5873002+08:00 [INFO] [ReplaceStringInFile.ps1(ln:33)] - Replacing configurations in C:\Users\fuyujin\Source\Repos\hdinsight-storm-examples\IotExample\run\configurations.properties
2017-08-01T23:11:14.6967709+08:00 [INFO] [ReplaceStringInFile.ps1(ln:33)] - Replacing configurations in C:\Users\fuyujin\Source\Repos\hdinsight-storm-examples\IotExample\run\configurations.properties
2017-08-01T23:11:17.2895377+08:00 [INFO] [ReplaceStringInFile.ps1(ln:33)] - Replacing configurations in C:\Users\fuyujin\Source\Repos\hdinsight-storm-examples\IotExample\run\configurations.properties
2017-08-01T23:11:17.3080449+08:00 [INFO] [ReplaceStringInFile.ps1(ln:33)] - Replacing configurations in C:\Users\fuyujin\Source\Repos\hdinsight-storm-examples\IotExample\run\configurations.properties
2017-08-01T23:11:18.7451144+08:00 [INFO] [ReplaceStringInFile.ps1(ln:33)] - Replacing configurations in C:\Users\fuyujin\Source\Repos\hdinsight-storm-examples\IotExample\run\configurations.properties
2017-08-01T23:11:18.7611155+08:00 [INFO] [ReadConfig.ps1(ln:26)] - Reading configurations from C:\Users\fuyujin\Source\Repos\hdinsight-storm-examples\IotExample\run\configurations.properties
2017-08-01T23:11:18.7731173+08:00 [INFO] [CreateAzureResources.ps1(ln:127)] - Current run configuration:
2017-08-01T23:11:18.7831180+08:00 [INFO] [CreateAzureResources.ps1(ln:128)] - Key = AZURE_LOCATION, Value = east asia
2017-08-01T23:11:18.7911263+08:00 [INFO] [CreateAzureResources.ps1(ln:128)] - Key = AZURE_RESOURCE_GROUP, Value = iot-group-201707120034
2017-08-01T23:11:18.7961139+08:00 [INFO] [CreateAzureResources.ps1(ln:128)] - Key = AZURE_SUBSCRIPTION_ID, Value = ec27bf0e-5e9f-49de-a202-d79128bfd111
2017-08-01T23:11:18.8101224+08:00 [INFO] [CreateAzureResources.ps1(ln:128)] - Key = AZURE_SUBSCRIPTION_NAME, Value = Microsoft Azure Internal Consumption
2017-08-01T23:11:18.8161297+08:00 [INFO] [CreateAzureResources.ps1(ln:128)] - Key = AZURE_TENANT_ID, Value = 72f988bf-86f1-41af-91ab-2d7cd011db47
2017-08-01T23:11:18.8221325+08:00 [INFO] [CreateAzureResources.ps1(ln:128)] - Key = DOCUMENTDB, Value = true
2017-08-01T23:11:18.8291332+08:00 [INFO] [CreateAzureResources.ps1(ln:128)] - Key = DOCUMENTDB_ACCOUNT, Value = iot201707120034
2017-08-01T23:11:18.8341310+08:00 [INFO] [CreateAzureResources.ps1(ln:128)] - Key = DOCUMENTDB_COLLECTION, Value = iot201707120034
2017-08-01T23:11:18.8391380+08:00 [INFO] [CreateAzureResources.ps1(ln:128)] - Key = DOCUMENTDB_DATABASE, Value = iot201707120034
2017-08-01T23:11:18.8441292+08:00 [INFO] [CreateAzureResources.ps1(ln:128)] - Key = DOCUMENTDB_HOST, Value = https://iot201707120034.documents.azure.com:443/
2017-08-01T23:11:18.8501295+08:00 [INFO] [CreateAzureResources.ps1(ln:128)] - Key = EVENTHUBS, Value = true
2017-08-01T23:11:18.8561317+08:00 [INFO] [CreateAzureResources.ps1(ln:128)] - Key = EVENTHUBS_ENTITY_PATH, Value = iot201707120034
2017-08-01T23:11:18.8611292+08:00 [INFO] [CreateAzureResources.ps1(ln:128)] - Key = EVENTHUBS_FQDN_SUFFIX, Value = servicebus.windows.net
2017-08-01T23:11:18.8671291+08:00 [INFO] [CreateAzureResources.ps1(ln:128)] - Key = EVENTHUBS_NAMESPACE, Value = iot201707120034
2017-08-01T23:11:18.8731346+08:00 [INFO] [CreateAzureResources.ps1(ln:128)] - Key = EVENTHUBS_PARTITION_COUNT, Value = 2
2017-08-01T23:11:18.8781287+08:00 [INFO] [CreateAzureResources.ps1(ln:128)] - Key = EVENTHUBS_USERNAME, Value = root
2017-08-01T23:11:18.8841283+08:00 [INFO] [CreateAzureResources.ps1(ln:128)] - Key = HBASE, Value = {HBASE}
2017-08-01T23:11:18.8891349+08:00 [INFO] [CreateAzureResources.ps1(ln:128)] - Key = HBASE_CLUSTER_NAME, Value = hbaseiot201707120034
2017-08-01T23:11:18.8961283+08:00 [INFO] [CreateAzureResources.ps1(ln:128)] - Key = HBASE_CLUSTER_OS_TYPE, Value = Windows
2017-08-01T23:11:18.9016352+08:00 [INFO] [CreateAzureResources.ps1(ln:128)] - Key = HBASE_CLUSTER_SIZE, Value = 2
2017-08-01T23:11:18.9076380+08:00 [INFO] [CreateAzureResources.ps1(ln:128)] - Key = HBASE_CLUSTER_URL, Value = {HBASE_CLUSTER_URL}
2017-08-01T23:11:18.9131344+08:00 [INFO] [CreateAzureResources.ps1(ln:128)] - Key = HBASE_CLUSTER_USERNAME, Value = admin
2017-08-01T23:11:18.9171403+08:00 [INFO] [CreateAzureResources.ps1(ln:128)] - Key = KAFKA, Value = {KAFKA}
2017-08-01T23:11:18.9251412+08:00 [INFO] [CreateAzureResources.ps1(ln:128)] - Key = KAFKA_CLUSTER_NAME, Value = kafkaiot201707120034
2017-08-01T23:11:18.9301420+08:00 [INFO] [CreateAzureResources.ps1(ln:128)] - Key = KAFKA_CLUSTER_OS_TYPE, Value = Windows
2017-08-01T23:11:18.9341406+08:00 [INFO] [CreateAzureResources.ps1(ln:128)] - Key = KAFKA_CLUSTER_SIZE, Value = 2
2017-08-01T23:11:18.9431415+08:00 [INFO] [CreateAzureResources.ps1(ln:128)] - Key = KAFKA_CLUSTER_URL, Value = {KAFKA_CLUSTER_URL}
2017-08-01T23:11:18.9491429+08:00 [INFO] [CreateAzureResources.ps1(ln:128)] - Key = KAFKA_CLUSTER_USERNAME, Value = admin
2017-08-01T23:11:18.9591448+08:00 [INFO] [CreateAzureResources.ps1(ln:128)] - Key = SQLAZURE, Value = {SQLAZURE}
2017-08-01T23:11:18.9641419+08:00 [INFO] [CreateAzureResources.ps1(ln:128)] - Key = SQLAZURE_DB_NAME, Value = iot201707120034
2017-08-01T23:11:18.9701415+08:00 [INFO] [CreateAzureResources.ps1(ln:128)] - Key = SQLAZURE_SERVER_NAME, Value = iot201707120034
2017-08-01T23:11:18.9781613+08:00 [INFO] [CreateAzureResources.ps1(ln:128)] - Key = SQLAZURE_USER, Value = sqladmin
2017-08-01T23:11:18.9841409+08:00 [INFO] [CreateAzureResources.ps1(ln:128)] - Key = STORM_CLUSTER_NAME, Value = stormiot201707120034
2017-08-01T23:11:18.9891442+08:00 [INFO] [CreateAzureResources.ps1(ln:128)] - Key = STORM_CLUSTER_OS_TYPE, Value = Linux
2017-08-01T23:11:18.9961948+08:00 [INFO] [CreateAzureResources.ps1(ln:128)] - Key = STORM_CLUSTER_SIZE, Value = 2
2017-08-01T23:11:19.0006879+08:00 [INFO] [CreateAzureResources.ps1(ln:128)] - Key = STORM_CLUSTER_URL, Value = https://stormiot201707120034.azurehdinsight.net
2017-08-01T23:11:19.0142092+08:00 [INFO] [CreateAzureResources.ps1(ln:128)] - Key = STORM_CLUSTER_USERNAME, Value = admin
2017-08-01T23:11:19.0212120+08:00 [INFO] [CreateAzureResources.ps1(ln:128)] - Key = SUBNET_NAME, Value = iot201707120034
2017-08-01T23:11:19.0272532+08:00 [INFO] [CreateAzureResources.ps1(ln:128)] - Key = VNET, Value = {VNET}
2017-08-01T23:11:19.0342119+08:00 [INFO] [CreateAzureResources.ps1(ln:128)] - Key = VNET_ID, Value = {VNET_ID}
2017-08-01T23:11:19.0422110+08:00 [INFO] [CreateAzureResources.ps1(ln:128)] - Key = VNET_NAME, Value = iot201707120034
2017-08-01T23:11:19.0482109+08:00 [INFO] [CreateAzureResources.ps1(ln:128)] - Key = VNET_VERSION, Value = Classic
2017-08-01T23:11:19.0552353+08:00 [INFO] [CreateAzureResources.ps1(ln:128)] - Key = WASB_ACCOUNT_NAME, Value = iot201707120034
2017-08-01T23:11:19.0632114+08:00 [INFO] [CreateAzureResources.ps1(ln:128)] - Key = WASB_CONTAINER, Value = iot201707120034
2017-08-01T23:11:19.0702550+08:00 [INFO] [CreateAzureResources.ps1(ln:130)] - Using subscription: Microsoft Azure Internal Consumption - ec27bf0e-5e9f-49de-a202-d79128bfd111
2017-08-01T23:11:21.0400375+08:00 [INFO] [CreateAzureResources.ps1(ln:180)] - Step 0: Creating Azure Resource Group
2017-08-01T23:11:22.7327466+08:00 [INFO] [CreateAzureResources.ps1(ln:203)] - Step 2: Creating storage account and updating key in configurations.properties
2017-08-01T23:11:26.1391482+08:00 [INFO] [CreateStorageAccountARM.ps1(ln:45)] - Found an existing Storage account with same name: iot201707120034
2017-08-01T23:11:26.1441384+08:00 [INFO] [CreateStorageAccountARM.ps1(ln:54)] - Getting Storage Key for iot201707120034
2017-08-01T23:11:28.9391024+08:00 [INFO] [CreateStorageAccountARM.ps1(ln:59)] - Storage Account: iot201707120034 successfully created in Resource Group: iot-group-201707120034 at Location: east asia. Time: 6.1738722 secs
2017-08-01T23:11:28.9600980+08:00 [INFO] [ReplaceStringInFile.ps1(ln:33)] - Replacing configurations in C:\Users\fuyujin\Source\Repos\hdinsight-storm-examples\IotExample\run\configurations.properties
2017-08-01T23:11:43.9816808+08:00 [INFO] [CreateAzureResources.ps1(ln:233)] - Step 2.2: Creating Event Hubs
2017-08-01T23:11:43.9896832+08:00 [INFO] [(ln:)] - iot201707120034 iot201707120034 root east asia 2
2017-08-01T23:11:44.7722643+08:00 [INFO] [CreateEventHubs.ps1(ln:45)] - Adding the C:\Users\fuyujin\Source\Repos\hdinsight-storm-examples\packages\WindowsAzure.ServiceBus.4.1.2\lib\net45\Microsoft.ServiceBus.dll assembly to the script...
2017-08-01T23:11:45.0626137+08:00 [INFO] [CreateEventHubs.ps1(ln:47)] - The C:\Users\fuyujin\Source\Repos\hdinsight-storm-examples\packages\WindowsAzure.ServiceBus.4.1.2\lib\net45\Microsoft.ServiceBus.dll assembly has been successfully added to the script.
2017-08-01T23:11:47.5285682+08:00 [INFO] [CreateEventHubs.ps1(ln:59)] - The namespace: iot201707120034 already exists in location: 
2017-08-01T23:11:49.9053931+08:00 [INFO] [CreateEventHubs.ps1(ln:102)] - The event hub:  already exists in the namespace: iot201707120034.
2017-08-01T23:11:55.3828020+08:00 [INFO] [CreateEventHubs.ps1(ln:176)] - CreateEventHubs completed in 10.3131903 seconds.
2017-08-01T23:12:00.7121721+08:00 [INFO] [ReplaceStringInFile.ps1(ln:33)] - Replacing configurations in C:\Users\fuyujin\Source\Repos\hdinsight-storm-examples\IotExample\run\configurations.properties
2017-08-01T23:12:00.7311712+08:00 [INFO] [CreateAzureResources.ps1(ln:247)] - Step 2.3: Creating DocumentDB and update account key in configurations.properties
2017-08-01T23:12:01.9324175+08:00 [INFO] [CreateDocumentDBARM.ps1(ln:45)] - Trying to find DocumentDB account: iot201707120034 in ResourceGroup: iot-group-201707120034
2017-08-01T23:12:06.4305253+08:00 [INFO] [CreateDocumentDBARM.ps1(ln:97)] - DocumentDB Information:


Name              : iot201707120034
ResourceId        : /subscriptions/ec27bf0e-5e9f-49de-a202-d79128bfd111/resourceGroups/iot-group-
                    201707120034/providers/Microsoft.DocumentDB/databaseAccounts/iot201707120034
ResourceName      : iot201707120034
ResourceType      : Microsoft.DocumentDB/databaseAccounts
Kind              : GlobalDocumentDB
ResourceGroupName : iot-group-201707120034
Location          : East Asia
SubscriptionId    : ec27bf0e-5e9f-49de-a202-d79128bfd111
Tags              : {}
Properties        : @{provisioningState=Succeeded; 
                    documentEndpoint=https://iot201707120034.documents.azure.com:443/; 
                    ipRangeFilter=; enableAutomaticFailover=False; 
                    databaseAccountOfferType=Standard; consistencyPolicy=; 
                    configurationOverrides=; writeLocations=System.Object[]; 
                    readLocations=System.Object[]; failoverPolicies=System.Object[]; 
                    capabilities=System.Object[]}




2017-08-01T23:12:06.4435211+08:00 [INFO] [CreateDocumentDBARM.ps1(ln:101)] - Found DocumentDB account information
2017-08-01T23:12:06.4490273+08:00 [INFO] [CreateDocumentDBARM.ps1(ln:102)] - Getting account key
2017-08-01T23:12:09.2493567+08:00 [INFO] [CreateDocumentDBARM.ps1(ln:116)] - Using subscription:


Environment           : AzureCloud
Account               : fuyujin@microsoft.com
TenantId              : 72f988bf-86f1-41af-91ab-2d7cd011db47
SubscriptionId        : ec27bf0e-5e9f-49de-a202-d79128bfd111
SubscriptionName      : Microsoft Azure Internal Consumption
CurrentStorageAccount : 




2017-08-01T23:12:11.6268912+08:00 [INFO] [CreateDocumentDBARM.ps1(ln:128)] - DocumentDB: iot201707120034 successfully created in Resource Group: iot-group-201707120034 at Location: east asia. Time: 10.8426872 secs
2017-08-01T23:12:11.6358972+08:00 [INFO] [ReplaceStringInFile.ps1(ln:33)] - Replacing configurations in C:\Users\fuyujin\Source\Repos\hdinsight-storm-examples\IotExample\run\configurations.properties
2017-08-01T23:12:11.6478986+08:00 [INFO] [CreateAzureResources.ps1(ln:255)] - Step 4: Creating HDInsight Clusters
2017-08-01T23:12:12.6267636+08:00 [INFO] [CreateClusterARM.ps1(ln:57)] - Create HDInsight cluster of type: Storm with name: stormiot201707120034
2017-08-01T23:12:13.6351817+08:00 [INFO] [CreateClusterARM.ps1(ln:63)] - Getting Storage Account properties
2017-08-01T23:12:17.0090469+08:00 [INFO] [CreateClusterARM.ps1(ln:85)] - Creating Azure HDInsight Storm cluster: stormiot201707120034
2017-08-01T23:35:11.0057189+08:00 [INFO] [CreateClusterARM.ps1(ln:125)] - 

Name                      : stormiot201707120034
Id                        : /subscriptions/ec27bf0e-5e9f-49de-a202-d79128bfd111/resourceGroups/io
                            t-group-201707120034/providers/Microsoft.HDInsight/clusters/stormiot2
                            01707120034
Location                  : East Asia
ClusterVersion            : 3.5.1000.0
OperatingSystemType       : Linux
ClusterTier               : Standard
ClusterState              : Running
ClusterType               : Storm
CoresUsed                 : 22
HttpEndpoint              : stormiot201707120034.azurehdinsight.net
Error                     : 
DefaultStorageAccount     : 
DefaultStorageContainer   : 
DefaultStorageRootPath    : 
ResourceGroup             : iot-group-201707120034
AdditionalStorageAccounts : 
ComponentVersion          : {}
SecurityProfile           : 




2017-08-01T23:35:11.0417249+08:00 [INFO] [ReplaceStringInFile.ps1(ln:33)] - Replacing configurations in C:\Users\fuyujin\Source\Repos\hdinsight-storm-examples\IotExample\run\configurations.properties
2017-08-01T23:35:11.0562315+08:00 [INFO] [CreateAzureResources.ps1(ln:328)] - Azure resources created, completed in 1430.0281797 seconds.
2017-08-01T23:35:11.0732304+08:00 [INFO] [ReadConfig.ps1(ln:26)] - Reading configurations from C:\Users\fuyujin\Source\Repos\hdinsight-storm-examples\IotExample\run\configurations.properties
2017-08-01T23:35:11.0992304+08:00 [INFO] [ReplaceStringInFile.ps1(ln:33)] - Replacing configurations in C:\Users\fuyujin\Source\Repos\hdinsight-storm-examples\IotExample\run\docdb.config
2017-08-01T23:35:11.1092312+08:00 [INFO] [ReplaceStringInFile.ps1(ln:46)] - Updating DOCUMENTDB_HOST with value: https://iot201707120034.documents.azure.com:443/
2017-08-01T23:35:11.1222303+08:00 [INFO] [ReplaceStringInFile.ps1(ln:46)] - Updating DOCUMENTDB_DATABASE with value: iot201707120034
2017-08-01T23:35:11.1332394+08:00 [INFO] [ReplaceStringInFile.ps1(ln:46)] - Updating DOCUMENTDB_KEY with value: 3RLtXjoRANNjf1aiopCDVlsnJWQpJvFmzTzgAzmRPmanjHrMYtbWljF2eYa6nkfptWXIYpZ8KrvL5uYfrJGKBw==
2017-08-01T23:35:11.1382387+08:00 [INFO] [ReplaceStringInFile.ps1(ln:46)] - Updating DOCUMENTDB_COLLECTION with value: iot201707120034
2017-08-01T23:35:11.1552394+08:00 [INFO] [ReplaceStringInFile.ps1(ln:33)] - Replacing configurations in C:\Users\fuyujin\Source\Repos\hdinsight-storm-examples\IotExample\run\eventhubs.config
2017-08-01T23:35:11.1932387+08:00 [INFO] [ReplaceStringInFile.ps1(ln:46)] - Updating EVENTHUBS_PARTITION_COUNT with value: 2
2017-08-01T23:35:11.2037390+08:00 [INFO] [ReplaceStringInFile.ps1(ln:46)] - Updating EVENTHUBS_FQDN_SUFFIX with value: servicebus.windows.net
2017-08-01T23:35:11.2112396+08:00 [INFO] [ReplaceStringInFile.ps1(ln:46)] - Updating EVENTHUBS_ENTITY_PATH with value: iot201707120034
2017-08-01T23:35:11.2162397+08:00 [INFO] [ReplaceStringInFile.ps1(ln:46)] - Updating EVENTHUBS_KEY_NAME with value: iotauth
2017-08-01T23:35:11.2657388+08:00 [INFO] [ReplaceStringInFile.ps1(ln:46)] - Updating EVENTHUBS_USERNAME with value: root
2017-08-01T23:35:11.2797383+08:00 [INFO] [ReplaceStringInFile.ps1(ln:46)] - Updating EVENTHUBS_PASSWORD with value: wE1KKDVLVSgFjeM4pdnps8w4RniO78MnHQ9Fi5pTTQc=
2017-08-01T23:35:11.2897409+08:00 [INFO] [ReplaceStringInFile.ps1(ln:46)] - Updating EVENTHUBS_NAMESPACE with value: iot201707120034
2017-08-01T23:35:11.3077393+08:00 [INFO] [ReplaceStringInFile.ps1(ln:33)] - Replacing configurations in C:\Users\fuyujin\Source\Repos\hdinsight-storm-examples\IotExample\iot\src\main\resources\myconfig.properties
2017-08-01T23:35:11.3162405+08:00 [INFO] [ReplaceStringInFile.ps1(ln:46)] - Updating EVENTHUBS_PARTITION_COUNT with value: 2
2017-08-01T23:35:11.3352396+08:00 [INFO] [ReplaceStringInFile.ps1(ln:46)] - Updating EVENTHUBS_FQDN_SUFFIX with value: servicebus.windows.net
2017-08-01T23:35:11.3407396+08:00 [INFO] [ReplaceStringInFile.ps1(ln:46)] - Updating EVENTHUBS_ENTITY_PATH with value: iot201707120034
2017-08-01T23:35:11.3457385+08:00 [INFO] [ReplaceStringInFile.ps1(ln:46)] - Updating DOCUMENTDB_HOST with value: https://iot201707120034.documents.azure.com:443/
2017-08-01T23:35:11.3527388+08:00 [INFO] [ReplaceStringInFile.ps1(ln:46)] - Updating DOCUMENTDB_DATABASE with value: iot201707120034
2017-08-01T23:35:11.3582388+08:00 [INFO] [ReplaceStringInFile.ps1(ln:46)] - Updating DOCUMENTDB_KEY with value: 3RLtXjoRANNjf1aiopCDVlsnJWQpJvFmzTzgAzmRPmanjHrMYtbWljF2eYa6nkfptWXIYpZ8KrvL5uYfrJGKBw==
2017-08-01T23:35:11.3677389+08:00 [INFO] [ReplaceStringInFile.ps1(ln:46)] - Updating EVENTHUBS_USERNAME with value: root
2017-08-01T23:35:11.3852384+08:00 [INFO] [ReplaceStringInFile.ps1(ln:46)] - Updating EVENTHUBS_PASSWORD with value: wE1KKDVLVSgFjeM4pdnps8w4RniO78MnHQ9Fi5pTTQc=
2017-08-01T23:35:11.4012380+08:00 [INFO] [ReplaceStringInFile.ps1(ln:46)] - Updating DOCUMENTDB_COLLECTION with value: iot201707120034
2017-08-01T23:35:11.4237383+08:00 [INFO] [ReplaceStringInFile.ps1(ln:46)] - Updating EVENTHUBS_NAMESPACE with value: iot201707120034
2017-08-01T23:35:11.4397387+08:00 [INFO] [ReplaceStringInFile.ps1(ln:33)] - Replacing configurations in C:\Users\fuyujin\Source\Repos\hdinsight-storm-examples\IotExample\iot\src\main\resources\core-site.xml
2017-08-01T23:35:11.4477389+08:00 [INFO] [ReplaceStringInFile.ps1(ln:46)] - Updating WASB_ACCOUNT_NAME with value: iot201707120034
2017-08-01T23:35:11.4577393+08:00 [INFO] [ReplaceStringInFile.ps1(ln:46)] - Updating WASB_CONTAINER with value: iot201707120034
2017-08-01T23:35:11.4662402+08:00 [INFO] [ReplaceStringInFile.ps1(ln:46)] - Updating WASB_ACCOUNT_KEY with value: CjWkK06hzmmz0jEluYTpX3HTyzy5nOsbXmNbw4gjA+KIlS09E+WWa/EWeuKD3dwvs/kYWuYqCHpxiIKXGf9G0Q==
2017-08-01T23:35:11.4777394+08:00 [INFO] [run.ps1(ln:45)] - Phase 1 - Preparation - End - Preparation complete for C:\Users\fuyujin\Source\Repos\hdinsight-storm-examples\IotExample.
2017-08-01T23:35:11.4837401+08:00 [INFO] [run.ps1(ln:50)] - Phase 2 - Build - Start - Building C:\Users\fuyujin\Source\Repos\hdinsight-storm-examples\IotExample
2017-08-01T23:35:12.4093965+08:00 [INFO] [buildJava.ps1(ln:22)] - Found JAVA_HOME environment variable with value: 'C:\Program Files\Java\jdk1.8.0_131'
2017-08-01T23:35:12.5774362+08:00 [ERROR] [getMavenTools.ps1(ln:25)] - M2_HOME not found. Downloading Maven tools.
2017-08-01T23:35:12.5904276+08:00 [INFO] [getMavenTools.ps1(ln:31)] - Downloading Maven from http://www.us.apache.org/dist/maven/maven-3/3.2.5/binaries/apache-maven-3.2.5-bin.zip to C:\Users\fuyujin\Source\Repos\hdinsight-storm-examples\scripts\build\..\..\tools\maven-bin.zip
2017-08-01T23:35:12.6184275+08:00 [INFO] [installMvnLib.ps1(ln:24)] - Pushing MVN libs
2017-08-01T23:35:14.6012008+08:00 [ERROR] [installMvnLib.ps1(ln:30)] - MVN push lib failure: EventHubSpout Jar
2017-08-01T23:35:14.8582282+08:00 [ERROR] [build.ps1(ln:27)] - Build returned non-zero exit code: -1. Please check if the project built successfully before you can launch examples.
