2017-07-12T21:07:51.9192517+08:00 [INFO] [run.ps1(ln:29)] - Phase 1 - Prepare - Start - Preparing project configuration for C:\Users\fuyujin\Source\Repos\hdinsight-storm-examples\IotExample.
2017-07-12T21:07:52.0663554+08:00 [INFO] [CreateRunConfig.ps1(ln:33)] - Step 0: Creating Run Configuration
2017-07-12T21:07:52.2023694+08:00 [INFO] [GenerateRandomConfig.ps1(ln:87)] - Generating run configurations at C:\Users\fuyujin\Source\Repos\hdinsight-storm-examples\IotExample\run\configurations.properties
2017-07-12T21:07:52.2123699+08:00 [INFO] [GenerateRandomConfig.ps1(ln:96)] - An existing run configuration was found at C:\Users\fuyujin\Source\Repos\hdinsight-storm-examples\IotExample\run\configurations.properties, just updating newer entries.
2017-07-12T21:07:52.2353743+08:00 [INFO] [ReplaceStringInFile.ps1(ln:33)] - Replacing configurations in C:\Users\fuyujin\Source\Repos\hdinsight-storm-examples\IotExample\run\configurations.properties
2017-07-12T21:07:52.2623827+08:00 [INFO] [CreateRunConfig.ps1(ln:47)] - Merging Configurations with passed in values
2017-07-12T21:07:52.2733799+08:00 [INFO] [CreateRunConfig.ps1(ln:53)] - Updating Configurations with passed in values
2017-07-12T21:07:52.2813835+08:00 [INFO] [ReplaceStringInFile.ps1(ln:33)] - Replacing configurations in C:\Users\fuyujin\Source\Repos\hdinsight-storm-examples\IotExample\run\configurations.properties
2017-07-12T21:07:52.3063823+08:00 [INFO] [ReadConfig.ps1(ln:26)] - Reading configurations from C:\Users\fuyujin\Source\Repos\hdinsight-storm-examples\IotExample\run\configurations.properties
2017-07-12T21:07:52.3553959+08:00 [INFO] [CreateRunConfig.ps1(ln:57)] - Key = AZURE_LOCATION, Value = east asia
2017-07-12T21:07:52.3603933+08:00 [INFO] [CreateRunConfig.ps1(ln:57)] - Key = AZURE_RESOURCE_GROUP, Value = iot-group-201707120034
2017-07-12T21:07:52.3653946+08:00 [INFO] [CreateRunConfig.ps1(ln:57)] - Key = AZURE_SUBSCRIPTION_ID, Value = ec27bf0e-5e9f-49de-a202-d79128bfd111
2017-07-12T21:07:52.3713933+08:00 [INFO] [CreateRunConfig.ps1(ln:57)] - Key = AZURE_SUBSCRIPTION_NAME, Value = Microsoft Azure Internal Consumption
2017-07-12T21:07:52.3783974+08:00 [INFO] [CreateRunConfig.ps1(ln:57)] - Key = AZURE_TENANT_ID, Value = 72f988bf-86f1-41af-91ab-2d7cd011db47
2017-07-12T21:07:52.3843932+08:00 [INFO] [CreateRunConfig.ps1(ln:57)] - Key = DOCUMENTDB, Value = true
2017-07-12T21:07:52.3914064+08:00 [INFO] [CreateRunConfig.ps1(ln:57)] - Key = DOCUMENTDB_ACCOUNT, Value = iot201707120034
2017-07-12T21:07:52.3983956+08:00 [INFO] [CreateRunConfig.ps1(ln:57)] - Key = DOCUMENTDB_COLLECTION, Value = iot201707120034
2017-07-12T21:07:52.4063959+08:00 [INFO] [CreateRunConfig.ps1(ln:57)] - Key = DOCUMENTDB_DATABASE, Value = iot201707120034
2017-07-12T21:07:52.4133942+08:00 [INFO] [CreateRunConfig.ps1(ln:57)] - Key = DOCUMENTDB_HOST, Value = https://iot201707120034.documents.azure.com:443/
2017-07-12T21:07:52.4203957+08:00 [INFO] [CreateRunConfig.ps1(ln:57)] - Key = EVENTHUBS, Value = true
2017-07-12T21:07:52.4279147+08:00 [INFO] [CreateRunConfig.ps1(ln:57)] - Key = EVENTHUBS_ENTITY_PATH, Value = iot201707120034
2017-07-12T21:07:52.4354136+08:00 [INFO] [CreateRunConfig.ps1(ln:57)] - Key = EVENTHUBS_FQDN_SUFFIX, Value = servicebus.windows.net
2017-07-12T21:07:52.4584180+08:00 [INFO] [CreateRunConfig.ps1(ln:57)] - Key = EVENTHUBS_NAMESPACE, Value = iot201707120034
2017-07-12T21:07:52.4644226+08:00 [INFO] [CreateRunConfig.ps1(ln:57)] - Key = EVENTHUBS_PARTITION_COUNT, Value = 2
2017-07-12T21:07:52.4704206+08:00 [INFO] [CreateRunConfig.ps1(ln:57)] - Key = EVENTHUBS_USERNAME, Value = root
2017-07-12T21:07:52.4754179+08:00 [INFO] [CreateRunConfig.ps1(ln:57)] - Key = HBASE, Value = {HBASE}
2017-07-12T21:07:52.4824194+08:00 [INFO] [CreateRunConfig.ps1(ln:57)] - Key = HBASE_CLUSTER_NAME, Value = hbaseiot201707120034
2017-07-12T21:07:52.4884174+08:00 [INFO] [CreateRunConfig.ps1(ln:57)] - Key = HBASE_CLUSTER_OS_TYPE, Value = Windows
2017-07-12T21:07:52.4934184+08:00 [INFO] [CreateRunConfig.ps1(ln:57)] - Key = HBASE_CLUSTER_SIZE, Value = 2
2017-07-12T21:07:52.4984179+08:00 [INFO] [CreateRunConfig.ps1(ln:57)] - Key = HBASE_CLUSTER_URL, Value = {HBASE_CLUSTER_URL}
2017-07-12T21:07:52.5054198+08:00 [INFO] [CreateRunConfig.ps1(ln:57)] - Key = HBASE_CLUSTER_USERNAME, Value = admin
2017-07-12T21:07:52.5104172+08:00 [INFO] [CreateRunConfig.ps1(ln:57)] - Key = KAFKA, Value = {KAFKA}
2017-07-12T21:07:52.5164181+08:00 [INFO] [CreateRunConfig.ps1(ln:57)] - Key = KAFKA_CLUSTER_NAME, Value = kafkaiot201707120034
2017-07-12T21:07:52.5554312+08:00 [INFO] [CreateRunConfig.ps1(ln:57)] - Key = KAFKA_CLUSTER_OS_TYPE, Value = Windows
2017-07-12T21:07:52.5654296+08:00 [INFO] [CreateRunConfig.ps1(ln:57)] - Key = KAFKA_CLUSTER_SIZE, Value = 2
2017-07-12T21:07:52.5724311+08:00 [INFO] [CreateRunConfig.ps1(ln:57)] - Key = KAFKA_CLUSTER_URL, Value = {KAFKA_CLUSTER_URL}
2017-07-12T21:07:52.5854364+08:00 [INFO] [CreateRunConfig.ps1(ln:57)] - Key = KAFKA_CLUSTER_USERNAME, Value = admin
2017-07-12T21:07:52.5914279+08:00 [INFO] [CreateRunConfig.ps1(ln:57)] - Key = SQLAZURE, Value = {SQLAZURE}
2017-07-12T21:07:52.6064301+08:00 [INFO] [CreateRunConfig.ps1(ln:57)] - Key = SQLAZURE_DB_NAME, Value = iot201707120034
2017-07-12T21:07:52.6124343+08:00 [INFO] [CreateRunConfig.ps1(ln:57)] - Key = SQLAZURE_SERVER_NAME, Value = iot201707120034
2017-07-12T21:07:52.6194322+08:00 [INFO] [CreateRunConfig.ps1(ln:57)] - Key = SQLAZURE_USER, Value = sqladmin
2017-07-12T21:07:52.6254294+08:00 [INFO] [CreateRunConfig.ps1(ln:57)] - Key = STORM_CLUSTER_NAME, Value = stormiot201707120034
2017-07-12T21:07:52.6314343+08:00 [INFO] [CreateRunConfig.ps1(ln:57)] - Key = STORM_CLUSTER_OS_TYPE, Value = Windows
2017-07-12T21:07:52.6374352+08:00 [INFO] [CreateRunConfig.ps1(ln:57)] - Key = STORM_CLUSTER_SIZE, Value = 2
2017-07-12T21:07:52.6424340+08:00 [INFO] [CreateRunConfig.ps1(ln:57)] - Key = STORM_CLUSTER_URL, Value = {STORM_CLUSTER_URL}
2017-07-12T21:07:52.6484415+08:00 [INFO] [CreateRunConfig.ps1(ln:57)] - Key = STORM_CLUSTER_USERNAME, Value = admin
2017-07-12T21:07:52.6554427+08:00 [INFO] [CreateRunConfig.ps1(ln:57)] - Key = SUBNET_NAME, Value = iot201707120034
2017-07-12T21:07:52.6604422+08:00 [INFO] [CreateRunConfig.ps1(ln:57)] - Key = VNET, Value = {VNET}
2017-07-12T21:07:52.6664391+08:00 [INFO] [CreateRunConfig.ps1(ln:57)] - Key = VNET_ID, Value = {VNET_ID}
2017-07-12T21:07:52.6704398+08:00 [INFO] [CreateRunConfig.ps1(ln:57)] - Key = VNET_NAME, Value = iot201707120034
2017-07-12T21:07:52.6754485+08:00 [INFO] [CreateRunConfig.ps1(ln:57)] - Key = VNET_VERSION, Value = Classic
2017-07-12T21:07:52.6814413+08:00 [INFO] [CreateRunConfig.ps1(ln:57)] - Key = WASB_ACCOUNT_NAME, Value = iot201707120034
2017-07-12T21:07:52.6874379+08:00 [INFO] [CreateRunConfig.ps1(ln:57)] - Key = WASB_CONTAINER, Value = iot201707120034
2017-07-12T21:07:52.9064958+08:00 [INFO] [ReadConfig.ps1(ln:26)] - Reading configurations from C:\Users\fuyujin\Source\Repos\hdinsight-storm-examples\IotExample\run\configurations.properties
2017-07-12T21:09:46.0449778+08:00 [INFO] [CreateAzureResources.ps1(ln:68)] - Using Azure RM Account: 
2017-07-12T21:09:51.4025403+08:00 [INFO] [CreateAzureResources.ps1(ln:74)] - Available Subscription Names:

Name     : Microsoft Azure Internal Consumption
Id       : ec27bf0e-5e9f-49de-a202-d79128bfd111
TenantId : 72f988bf-86f1-41af-91ab-2d7cd011db47
State    : Enabled




2017-07-12T21:09:58.9592126+08:00 [INFO] [ReplaceStringInFile.ps1(ln:33)] - Replacing configurations in C:\Users\fuyujin\Source\Repos\hdinsight-storm-examples\IotExample\run\configurations.properties
2017-07-12T21:10:03.1435350+08:00 [INFO] [ReplaceStringInFile.ps1(ln:33)] - Replacing configurations in C:\Users\fuyujin\Source\Repos\hdinsight-storm-examples\IotExample\run\configurations.properties
2017-07-12T21:10:03.9954806+08:00 [INFO] [ReplaceStringInFile.ps1(ln:33)] - Replacing configurations in C:\Users\fuyujin\Source\Repos\hdinsight-storm-examples\IotExample\run\configurations.properties
2017-07-12T21:10:04.0144795+08:00 [INFO] [ReplaceStringInFile.ps1(ln:33)] - Replacing configurations in C:\Users\fuyujin\Source\Repos\hdinsight-storm-examples\IotExample\run\configurations.properties
2017-07-12T21:10:04.5185882+08:00 [INFO] [ReplaceStringInFile.ps1(ln:33)] - Replacing configurations in C:\Users\fuyujin\Source\Repos\hdinsight-storm-examples\IotExample\run\configurations.properties
2017-07-12T21:10:04.5385878+08:00 [INFO] [ReadConfig.ps1(ln:26)] - Reading configurations from C:\Users\fuyujin\Source\Repos\hdinsight-storm-examples\IotExample\run\configurations.properties
2017-07-12T21:10:04.5475884+08:00 [INFO] [CreateAzureResources.ps1(ln:127)] - Current run configuration:
2017-07-12T21:10:04.5631563+08:00 [INFO] [CreateAzureResources.ps1(ln:128)] - Key = AZURE_LOCATION, Value = east asia
2017-07-12T21:10:04.5706286+08:00 [INFO] [CreateAzureResources.ps1(ln:128)] - Key = AZURE_RESOURCE_GROUP, Value = iot-group-201707120034
2017-07-12T21:10:04.5766667+08:00 [INFO] [CreateAzureResources.ps1(ln:128)] - Key = AZURE_SUBSCRIPTION_ID, Value = ec27bf0e-5e9f-49de-a202-d79128bfd111
2017-07-12T21:10:04.5831365+08:00 [INFO] [CreateAzureResources.ps1(ln:128)] - Key = AZURE_SUBSCRIPTION_NAME, Value = Microsoft Azure Internal Consumption
2017-07-12T21:10:04.5931257+08:00 [INFO] [CreateAzureResources.ps1(ln:128)] - Key = AZURE_TENANT_ID, Value = 72f988bf-86f1-41af-91ab-2d7cd011db47
2017-07-12T21:10:04.6031616+08:00 [INFO] [CreateAzureResources.ps1(ln:128)] - Key = DOCUMENTDB, Value = true
2017-07-12T21:10:04.6102977+08:00 [INFO] [CreateAzureResources.ps1(ln:128)] - Key = DOCUMENTDB_ACCOUNT, Value = iot201707120034
2017-07-12T21:10:04.6173029+08:00 [INFO] [CreateAzureResources.ps1(ln:128)] - Key = DOCUMENTDB_COLLECTION, Value = iot201707120034
2017-07-12T21:10:04.6269351+08:00 [INFO] [CreateAzureResources.ps1(ln:128)] - Key = DOCUMENTDB_DATABASE, Value = iot201707120034
2017-07-12T21:10:04.6348815+08:00 [INFO] [CreateAzureResources.ps1(ln:128)] - Key = DOCUMENTDB_HOST, Value = https://iot201707120034.documents.azure.com:443/
2017-07-12T21:10:04.6429001+08:00 [INFO] [CreateAzureResources.ps1(ln:128)] - Key = EVENTHUBS, Value = true
2017-07-12T21:10:04.6498152+08:00 [INFO] [CreateAzureResources.ps1(ln:128)] - Key = EVENTHUBS_ENTITY_PATH, Value = iot201707120034
2017-07-12T21:10:04.6583436+08:00 [INFO] [CreateAzureResources.ps1(ln:128)] - Key = EVENTHUBS_FQDN_SUFFIX, Value = servicebus.windows.net
2017-07-12T21:10:04.6658491+08:00 [INFO] [CreateAzureResources.ps1(ln:128)] - Key = EVENTHUBS_NAMESPACE, Value = iot201707120034
2017-07-12T21:10:04.6718478+08:00 [INFO] [CreateAzureResources.ps1(ln:128)] - Key = EVENTHUBS_PARTITION_COUNT, Value = 2
2017-07-12T21:10:04.6784661+08:00 [INFO] [CreateAzureResources.ps1(ln:128)] - Key = EVENTHUBS_USERNAME, Value = root
2017-07-12T21:10:04.6854315+08:00 [INFO] [CreateAzureResources.ps1(ln:128)] - Key = HBASE, Value = {HBASE}
2017-07-12T21:10:04.6914751+08:00 [INFO] [CreateAzureResources.ps1(ln:128)] - Key = HBASE_CLUSTER_NAME, Value = hbaseiot201707120034
2017-07-12T21:10:04.6994360+08:00 [INFO] [CreateAzureResources.ps1(ln:128)] - Key = HBASE_CLUSTER_OS_TYPE, Value = Windows
2017-07-12T21:10:04.7054318+08:00 [INFO] [CreateAzureResources.ps1(ln:128)] - Key = HBASE_CLUSTER_SIZE, Value = 2
2017-07-12T21:10:04.7114287+08:00 [INFO] [CreateAzureResources.ps1(ln:128)] - Key = HBASE_CLUSTER_URL, Value = {HBASE_CLUSTER_URL}
2017-07-12T21:10:04.7184776+08:00 [INFO] [CreateAzureResources.ps1(ln:128)] - Key = HBASE_CLUSTER_USERNAME, Value = admin
2017-07-12T21:10:04.7264776+08:00 [INFO] [CreateAzureResources.ps1(ln:128)] - Key = KAFKA, Value = {KAFKA}
2017-07-12T21:10:04.7334288+08:00 [INFO] [CreateAzureResources.ps1(ln:128)] - Key = KAFKA_CLUSTER_NAME, Value = kafkaiot201707120034
2017-07-12T21:10:04.7414274+08:00 [INFO] [CreateAzureResources.ps1(ln:128)] - Key = KAFKA_CLUSTER_OS_TYPE, Value = Windows
2017-07-12T21:10:04.7499437+08:00 [INFO] [CreateAzureResources.ps1(ln:128)] - Key = KAFKA_CLUSTER_SIZE, Value = 2
2017-07-12T21:10:04.7564409+08:00 [INFO] [CreateAzureResources.ps1(ln:128)] - Key = KAFKA_CLUSTER_URL, Value = {KAFKA_CLUSTER_URL}
2017-07-12T21:10:04.7639132+08:00 [INFO] [CreateAzureResources.ps1(ln:128)] - Key = KAFKA_CLUSTER_USERNAME, Value = admin
2017-07-12T21:10:04.7719212+08:00 [INFO] [CreateAzureResources.ps1(ln:128)] - Key = SQLAZURE, Value = {SQLAZURE}
2017-07-12T21:10:04.7799223+08:00 [INFO] [CreateAzureResources.ps1(ln:128)] - Key = SQLAZURE_DB_NAME, Value = iot201707120034
2017-07-12T21:10:04.7879216+08:00 [INFO] [CreateAzureResources.ps1(ln:128)] - Key = SQLAZURE_SERVER_NAME, Value = iot201707120034
2017-07-12T21:10:04.7939206+08:00 [INFO] [CreateAzureResources.ps1(ln:128)] - Key = SQLAZURE_USER, Value = sqladmin
2017-07-12T21:10:04.8009247+08:00 [INFO] [CreateAzureResources.ps1(ln:128)] - Key = STORM_CLUSTER_NAME, Value = stormiot201707120034
2017-07-12T21:10:04.8079222+08:00 [INFO] [CreateAzureResources.ps1(ln:128)] - Key = STORM_CLUSTER_OS_TYPE, Value = Windows
2017-07-12T21:10:04.8139217+08:00 [INFO] [CreateAzureResources.ps1(ln:128)] - Key = STORM_CLUSTER_SIZE, Value = 2
2017-07-12T21:10:04.8239204+08:00 [INFO] [CreateAzureResources.ps1(ln:128)] - Key = STORM_CLUSTER_URL, Value = {STORM_CLUSTER_URL}
2017-07-12T21:10:04.8319736+08:00 [INFO] [CreateAzureResources.ps1(ln:128)] - Key = STORM_CLUSTER_USERNAME, Value = admin
2017-07-12T21:10:04.8399590+08:00 [INFO] [CreateAzureResources.ps1(ln:128)] - Key = SUBNET_NAME, Value = iot201707120034
2017-07-12T21:10:04.8490067+08:00 [INFO] [CreateAzureResources.ps1(ln:128)] - Key = VNET, Value = {VNET}
2017-07-12T21:10:04.8550156+08:00 [INFO] [CreateAzureResources.ps1(ln:128)] - Key = VNET_ID, Value = {VNET_ID}
2017-07-12T21:10:04.8620612+08:00 [INFO] [CreateAzureResources.ps1(ln:128)] - Key = VNET_NAME, Value = iot201707120034
2017-07-12T21:10:04.8680268+08:00 [INFO] [CreateAzureResources.ps1(ln:128)] - Key = VNET_VERSION, Value = Classic
2017-07-12T21:10:04.8750290+08:00 [INFO] [CreateAzureResources.ps1(ln:128)] - Key = WASB_ACCOUNT_NAME, Value = iot201707120034
2017-07-12T21:10:04.8830272+08:00 [INFO] [CreateAzureResources.ps1(ln:128)] - Key = WASB_CONTAINER, Value = iot201707120034
2017-07-12T21:10:04.8900637+08:00 [INFO] [CreateAzureResources.ps1(ln:130)] - Using subscription: Microsoft Azure Internal Consumption - ec27bf0e-5e9f-49de-a202-d79128bfd111
2017-07-12T21:10:07.2949089+08:00 [INFO] [CreateAzureResources.ps1(ln:180)] - Step 0: Creating Azure Resource Group
2017-07-12T21:10:08.5307844+08:00 [INFO] [CreateAzureResources.ps1(ln:203)] - Step 2: Creating storage account and updating key in configurations.properties
2017-07-12T21:10:12.1992387+08:00 [INFO] [CreateStorageAccountARM.ps1(ln:45)] - Found an existing Storage account with same name: iot201707120034
2017-07-12T21:10:12.2072402+08:00 [INFO] [CreateStorageAccountARM.ps1(ln:54)] - Getting Storage Key for iot201707120034
2017-07-12T21:10:14.3667034+08:00 [INFO] [CreateStorageAccountARM.ps1(ln:59)] - Storage Account: iot201707120034 successfully created in Resource Group: iot-group-201707120034 at Location: east asia. Time: 5.8056691 secs
2017-07-12T21:10:14.3782516+08:00 [INFO] [ReplaceStringInFile.ps1(ln:33)] - Replacing configurations in C:\Users\fuyujin\Source\Repos\hdinsight-storm-examples\IotExample\run\configurations.properties
2017-07-12T21:10:29.3996405+08:00 [INFO] [CreateAzureResources.ps1(ln:233)] - Step 2.2: Creating Event Hubs
2017-07-12T21:51:43.5054713+08:00 [INFO] [run.ps1(ln:29)] - Phase 1 - Prepare - Start - Preparing project configuration for C:\Users\fuyujin\Source\Repos\hdinsight-storm-examples\IotExample.
2017-07-12T21:51:43.6855055+08:00 [INFO] [CreateRunConfig.ps1(ln:33)] - Step 0: Creating Run Configuration
2017-07-12T21:51:43.8085229+08:00 [INFO] [GenerateRandomConfig.ps1(ln:87)] - Generating run configurations at C:\Users\fuyujin\Source\Repos\hdinsight-storm-examples\IotExample\run\configurations.properties
2017-07-12T21:51:43.8145740+08:00 [INFO] [GenerateRandomConfig.ps1(ln:96)] - An existing run configuration was found at C:\Users\fuyujin\Source\Repos\hdinsight-storm-examples\IotExample\run\configurations.properties, just updating newer entries.
2017-07-12T21:51:43.8445293+08:00 [INFO] [ReplaceStringInFile.ps1(ln:33)] - Replacing configurations in C:\Users\fuyujin\Source\Repos\hdinsight-storm-examples\IotExample\run\configurations.properties
2017-07-12T21:51:43.8795321+08:00 [INFO] [CreateRunConfig.ps1(ln:47)] - Merging Configurations with passed in values
2017-07-12T21:51:43.8905822+08:00 [INFO] [CreateRunConfig.ps1(ln:53)] - Updating Configurations with passed in values
2017-07-12T21:51:43.8985442+08:00 [INFO] [ReplaceStringInFile.ps1(ln:33)] - Replacing configurations in C:\Users\fuyujin\Source\Repos\hdinsight-storm-examples\IotExample\run\configurations.properties
2017-07-12T21:51:43.9659723+08:00 [INFO] [ReadConfig.ps1(ln:26)] - Reading configurations from C:\Users\fuyujin\Source\Repos\hdinsight-storm-examples\IotExample\run\configurations.properties
2017-07-12T21:51:44.0211028+08:00 [INFO] [CreateRunConfig.ps1(ln:57)] - Key = AZURE_LOCATION, Value = east asia
2017-07-12T21:51:44.0271006+08:00 [INFO] [CreateRunConfig.ps1(ln:57)] - Key = AZURE_RESOURCE_GROUP, Value = iot-group-201707120034
2017-07-12T21:51:44.0321033+08:00 [INFO] [CreateRunConfig.ps1(ln:57)] - Key = AZURE_SUBSCRIPTION_ID, Value = ec27bf0e-5e9f-49de-a202-d79128bfd111
2017-07-12T21:51:44.0381022+08:00 [INFO] [CreateRunConfig.ps1(ln:57)] - Key = AZURE_SUBSCRIPTION_NAME, Value = Microsoft Azure Internal Consumption
2017-07-12T21:51:44.0481072+08:00 [INFO] [CreateRunConfig.ps1(ln:57)] - Key = AZURE_TENANT_ID, Value = 72f988bf-86f1-41af-91ab-2d7cd011db47
2017-07-12T21:51:44.0541035+08:00 [INFO] [CreateRunConfig.ps1(ln:57)] - Key = DOCUMENTDB, Value = true
2017-07-12T21:51:44.0593983+08:00 [INFO] [CreateRunConfig.ps1(ln:57)] - Key = DOCUMENTDB_ACCOUNT, Value = iot201707120034
2017-07-12T21:51:44.0669110+08:00 [INFO] [CreateRunConfig.ps1(ln:57)] - Key = DOCUMENTDB_COLLECTION, Value = iot201707120034
2017-07-12T21:51:44.0729038+08:00 [INFO] [CreateRunConfig.ps1(ln:57)] - Key = DOCUMENTDB_DATABASE, Value = iot201707120034
2017-07-12T21:51:44.0809084+08:00 [INFO] [CreateRunConfig.ps1(ln:57)] - Key = DOCUMENTDB_HOST, Value = https://iot201707120034.documents.azure.com:443/
2017-07-12T21:51:44.0881721+08:00 [INFO] [CreateRunConfig.ps1(ln:57)] - Key = EVENTHUBS, Value = true
2017-07-12T21:51:44.0951640+08:00 [INFO] [CreateRunConfig.ps1(ln:57)] - Key = EVENTHUBS_ENTITY_PATH, Value = iot201707120034
2017-07-12T21:51:44.1031629+08:00 [INFO] [CreateRunConfig.ps1(ln:57)] - Key = EVENTHUBS_FQDN_SUFFIX, Value = servicebus.windows.net
2017-07-12T21:51:44.1112033+08:00 [INFO] [CreateRunConfig.ps1(ln:57)] - Key = EVENTHUBS_NAMESPACE, Value = iot201707120034
2017-07-12T21:51:44.1171610+08:00 [INFO] [CreateRunConfig.ps1(ln:57)] - Key = EVENTHUBS_PARTITION_COUNT, Value = 2
2017-07-12T21:51:44.1231665+08:00 [INFO] [CreateRunConfig.ps1(ln:57)] - Key = EVENTHUBS_USERNAME, Value = root
2017-07-12T21:51:44.1351618+08:00 [INFO] [CreateRunConfig.ps1(ln:57)] - Key = HBASE, Value = {HBASE}
2017-07-12T21:51:44.1421607+08:00 [INFO] [CreateRunConfig.ps1(ln:57)] - Key = HBASE_CLUSTER_NAME, Value = hbaseiot201707120034
2017-07-12T21:51:44.1481666+08:00 [INFO] [CreateRunConfig.ps1(ln:57)] - Key = HBASE_CLUSTER_OS_TYPE, Value = Windows
2017-07-12T21:51:44.1551640+08:00 [INFO] [CreateRunConfig.ps1(ln:57)] - Key = HBASE_CLUSTER_SIZE, Value = 2
2017-07-12T21:51:44.1651660+08:00 [INFO] [CreateRunConfig.ps1(ln:57)] - Key = HBASE_CLUSTER_URL, Value = {HBASE_CLUSTER_URL}
2017-07-12T21:51:44.1706796+08:00 [INFO] [CreateRunConfig.ps1(ln:57)] - Key = HBASE_CLUSTER_USERNAME, Value = admin
2017-07-12T21:51:44.1771796+08:00 [INFO] [CreateRunConfig.ps1(ln:57)] - Key = KAFKA, Value = {KAFKA}
2017-07-12T21:51:44.1826797+08:00 [INFO] [CreateRunConfig.ps1(ln:57)] - Key = KAFKA_CLUSTER_NAME, Value = kafkaiot201707120034
2017-07-12T21:51:44.2276892+08:00 [INFO] [CreateRunConfig.ps1(ln:57)] - Key = KAFKA_CLUSTER_OS_TYPE, Value = Windows
2017-07-12T21:51:44.2416914+08:00 [INFO] [CreateRunConfig.ps1(ln:57)] - Key = KAFKA_CLUSTER_SIZE, Value = 2
2017-07-12T21:51:44.2526901+08:00 [INFO] [CreateRunConfig.ps1(ln:57)] - Key = KAFKA_CLUSTER_URL, Value = {KAFKA_CLUSTER_URL}
2017-07-12T21:51:44.2891994+08:00 [INFO] [CreateRunConfig.ps1(ln:57)] - Key = KAFKA_CLUSTER_USERNAME, Value = admin
2017-07-12T21:51:44.2947417+08:00 [INFO] [CreateRunConfig.ps1(ln:57)] - Key = SQLAZURE, Value = {SQLAZURE}
2017-07-12T21:51:44.3011994+08:00 [INFO] [CreateRunConfig.ps1(ln:57)] - Key = SQLAZURE_DB_NAME, Value = iot201707120034
2017-07-12T21:51:44.3097136+08:00 [INFO] [CreateRunConfig.ps1(ln:57)] - Key = SQLAZURE_SERVER_NAME, Value = iot201707120034
2017-07-12T21:51:44.3157110+08:00 [INFO] [CreateRunConfig.ps1(ln:57)] - Key = SQLAZURE_USER, Value = sqladmin
2017-07-12T21:51:44.3207235+08:00 [INFO] [CreateRunConfig.ps1(ln:57)] - Key = STORM_CLUSTER_NAME, Value = stormiot201707120034
2017-07-12T21:51:44.3287089+08:00 [INFO] [CreateRunConfig.ps1(ln:57)] - Key = STORM_CLUSTER_OS_TYPE, Value = Windows
2017-07-12T21:51:44.3337122+08:00 [INFO] [CreateRunConfig.ps1(ln:57)] - Key = STORM_CLUSTER_SIZE, Value = 2
2017-07-12T21:51:44.3407104+08:00 [INFO] [CreateRunConfig.ps1(ln:57)] - Key = STORM_CLUSTER_URL, Value = {STORM_CLUSTER_URL}
2017-07-12T21:51:44.3547224+08:00 [INFO] [CreateRunConfig.ps1(ln:57)] - Key = STORM_CLUSTER_USERNAME, Value = admin
2017-07-12T21:51:44.3657167+08:00 [INFO] [CreateRunConfig.ps1(ln:57)] - Key = SUBNET_NAME, Value = iot201707120034
2017-07-12T21:51:44.3747144+08:00 [INFO] [CreateRunConfig.ps1(ln:57)] - Key = VNET, Value = {VNET}
2017-07-12T21:51:44.3807137+08:00 [INFO] [CreateRunConfig.ps1(ln:57)] - Key = VNET_ID, Value = {VNET_ID}
2017-07-12T21:51:44.3847124+08:00 [INFO] [CreateRunConfig.ps1(ln:57)] - Key = VNET_NAME, Value = iot201707120034
2017-07-12T21:51:44.3912339+08:00 [INFO] [CreateRunConfig.ps1(ln:57)] - Key = VNET_VERSION, Value = Classic
2017-07-12T21:51:44.3972405+08:00 [INFO] [CreateRunConfig.ps1(ln:57)] - Key = WASB_ACCOUNT_NAME, Value = iot201707120034
2017-07-12T21:51:44.4027387+08:00 [INFO] [CreateRunConfig.ps1(ln:57)] - Key = WASB_CONTAINER, Value = iot201707120034
2017-07-12T21:51:44.5872633+08:00 [INFO] [ReadConfig.ps1(ln:26)] - Reading configurations from C:\Users\fuyujin\Source\Repos\hdinsight-storm-examples\IotExample\run\configurations.properties
2017-07-12T21:52:46.9236008+08:00 [INFO] [CreateAzureResources.ps1(ln:68)] - Using Azure RM Account: 
2017-07-12T21:52:52.2974228+08:00 [INFO] [CreateAzureResources.ps1(ln:74)] - Available Subscription Names:

Name     : Microsoft Azure Internal Consumption
Id       : ec27bf0e-5e9f-49de-a202-d79128bfd111
TenantId : 72f988bf-86f1-41af-91ab-2d7cd011db47
State    : Enabled




2017-07-12T21:53:00.7635928+08:00 [INFO] [ReplaceStringInFile.ps1(ln:33)] - Replacing configurations in C:\Users\fuyujin\Source\Repos\hdinsight-storm-examples\IotExample\run\configurations.properties
2017-07-12T21:53:05.1412742+08:00 [INFO] [ReplaceStringInFile.ps1(ln:33)] - Replacing configurations in C:\Users\fuyujin\Source\Repos\hdinsight-storm-examples\IotExample\run\configurations.properties
2017-07-12T21:53:06.1546349+08:00 [INFO] [ReplaceStringInFile.ps1(ln:33)] - Replacing configurations in C:\Users\fuyujin\Source\Repos\hdinsight-storm-examples\IotExample\run\configurations.properties
2017-07-12T21:53:06.1751221+08:00 [INFO] [ReplaceStringInFile.ps1(ln:33)] - Replacing configurations in C:\Users\fuyujin\Source\Repos\hdinsight-storm-examples\IotExample\run\configurations.properties
2017-07-12T21:53:07.5273979+08:00 [INFO] [ReplaceStringInFile.ps1(ln:33)] - Replacing configurations in C:\Users\fuyujin\Source\Repos\hdinsight-storm-examples\IotExample\run\configurations.properties
2017-07-12T21:53:07.5453983+08:00 [INFO] [ReadConfig.ps1(ln:26)] - Reading configurations from C:\Users\fuyujin\Source\Repos\hdinsight-storm-examples\IotExample\run\configurations.properties
2017-07-12T21:53:07.5633981+08:00 [INFO] [CreateAzureResources.ps1(ln:127)] - Current run configuration:
2017-07-12T21:53:07.5714013+08:00 [INFO] [CreateAzureResources.ps1(ln:128)] - Key = AZURE_LOCATION, Value = east asia
2017-07-12T21:53:07.5804110+08:00 [INFO] [CreateAzureResources.ps1(ln:128)] - Key = AZURE_RESOURCE_GROUP, Value = iot-group-201707120034
2017-07-12T21:53:07.5909093+08:00 [INFO] [CreateAzureResources.ps1(ln:128)] - Key = AZURE_SUBSCRIPTION_ID, Value = ec27bf0e-5e9f-49de-a202-d79128bfd111
2017-07-12T21:53:07.5989217+08:00 [INFO] [CreateAzureResources.ps1(ln:128)] - Key = AZURE_SUBSCRIPTION_NAME, Value = Microsoft Azure Internal Consumption
2017-07-12T21:53:07.6099273+08:00 [INFO] [CreateAzureResources.ps1(ln:128)] - Key = AZURE_TENANT_ID, Value = 72f988bf-86f1-41af-91ab-2d7cd011db47
2017-07-12T21:53:07.6179224+08:00 [INFO] [CreateAzureResources.ps1(ln:128)] - Key = DOCUMENTDB, Value = true
2017-07-12T21:53:07.6279223+08:00 [INFO] [CreateAzureResources.ps1(ln:128)] - Key = DOCUMENTDB_ACCOUNT, Value = iot201707120034
2017-07-12T21:53:07.6319231+08:00 [INFO] [CreateAzureResources.ps1(ln:128)] - Key = DOCUMENTDB_COLLECTION, Value = iot201707120034
2017-07-12T21:53:07.6419255+08:00 [INFO] [CreateAzureResources.ps1(ln:128)] - Key = DOCUMENTDB_DATABASE, Value = iot201707120034
2017-07-12T21:53:07.6509221+08:00 [INFO] [CreateAzureResources.ps1(ln:128)] - Key = DOCUMENTDB_HOST, Value = https://iot201707120034.documents.azure.com:443/
2017-07-12T21:53:07.6579217+08:00 [INFO] [CreateAzureResources.ps1(ln:128)] - Key = EVENTHUBS, Value = true
2017-07-12T21:53:07.6639258+08:00 [INFO] [CreateAzureResources.ps1(ln:128)] - Key = EVENTHUBS_ENTITY_PATH, Value = iot201707120034
2017-07-12T21:53:07.6749219+08:00 [INFO] [CreateAzureResources.ps1(ln:128)] - Key = EVENTHUBS_FQDN_SUFFIX, Value = servicebus.windows.net
2017-07-12T21:53:07.6814284+08:00 [INFO] [CreateAzureResources.ps1(ln:128)] - Key = EVENTHUBS_NAMESPACE, Value = iot201707120034
2017-07-12T21:53:07.6894306+08:00 [INFO] [CreateAzureResources.ps1(ln:128)] - Key = EVENTHUBS_PARTITION_COUNT, Value = 2
2017-07-12T21:53:07.6964324+08:00 [INFO] [CreateAzureResources.ps1(ln:128)] - Key = EVENTHUBS_USERNAME, Value = root
2017-07-12T21:53:07.7059304+08:00 [INFO] [CreateAzureResources.ps1(ln:128)] - Key = HBASE, Value = {HBASE}
2017-07-12T21:53:07.7189348+08:00 [INFO] [CreateAzureResources.ps1(ln:128)] - Key = HBASE_CLUSTER_NAME, Value = hbaseiot201707120034
2017-07-12T21:53:07.7249326+08:00 [INFO] [CreateAzureResources.ps1(ln:128)] - Key = HBASE_CLUSTER_OS_TYPE, Value = Windows
2017-07-12T21:53:07.7319319+08:00 [INFO] [CreateAzureResources.ps1(ln:128)] - Key = HBASE_CLUSTER_SIZE, Value = 2
2017-07-12T21:53:07.7399398+08:00 [INFO] [CreateAzureResources.ps1(ln:128)] - Key = HBASE_CLUSTER_URL, Value = {HBASE_CLUSTER_URL}
2017-07-12T21:53:07.7459453+08:00 [INFO] [CreateAzureResources.ps1(ln:128)] - Key = HBASE_CLUSTER_USERNAME, Value = admin
2017-07-12T21:53:07.7539438+08:00 [INFO] [CreateAzureResources.ps1(ln:128)] - Key = KAFKA, Value = {KAFKA}
2017-07-12T21:53:07.7629444+08:00 [INFO] [CreateAzureResources.ps1(ln:128)] - Key = KAFKA_CLUSTER_NAME, Value = kafkaiot201707120034
2017-07-12T21:53:07.7699386+08:00 [INFO] [CreateAzureResources.ps1(ln:128)] - Key = KAFKA_CLUSTER_OS_TYPE, Value = Windows
2017-07-12T21:53:07.7769426+08:00 [INFO] [CreateAzureResources.ps1(ln:128)] - Key = KAFKA_CLUSTER_SIZE, Value = 2
2017-07-12T21:53:07.7839403+08:00 [INFO] [CreateAzureResources.ps1(ln:128)] - Key = KAFKA_CLUSTER_URL, Value = {KAFKA_CLUSTER_URL}
2017-07-12T21:53:07.7889463+08:00 [INFO] [CreateAzureResources.ps1(ln:128)] - Key = KAFKA_CLUSTER_USERNAME, Value = admin
2017-07-12T21:53:07.7949401+08:00 [INFO] [CreateAzureResources.ps1(ln:128)] - Key = SQLAZURE, Value = {SQLAZURE}
2017-07-12T21:53:07.8049483+08:00 [INFO] [CreateAzureResources.ps1(ln:128)] - Key = SQLAZURE_DB_NAME, Value = iot201707120034
2017-07-12T21:53:07.8129428+08:00 [INFO] [CreateAzureResources.ps1(ln:128)] - Key = SQLAZURE_SERVER_NAME, Value = iot201707120034
2017-07-12T21:53:07.8209533+08:00 [INFO] [CreateAzureResources.ps1(ln:128)] - Key = SQLAZURE_USER, Value = sqladmin
2017-07-12T21:53:07.8259552+08:00 [INFO] [CreateAzureResources.ps1(ln:128)] - Key = STORM_CLUSTER_NAME, Value = stormiot201707120034
2017-07-12T21:53:07.8339668+08:00 [INFO] [CreateAzureResources.ps1(ln:128)] - Key = STORM_CLUSTER_OS_TYPE, Value = Windows
2017-07-12T21:53:07.8399654+08:00 [INFO] [CreateAzureResources.ps1(ln:128)] - Key = STORM_CLUSTER_SIZE, Value = 2
2017-07-12T21:53:07.8459716+08:00 [INFO] [CreateAzureResources.ps1(ln:128)] - Key = STORM_CLUSTER_URL, Value = {STORM_CLUSTER_URL}
2017-07-12T21:53:07.8539693+08:00 [INFO] [CreateAzureResources.ps1(ln:128)] - Key = STORM_CLUSTER_USERNAME, Value = admin
2017-07-12T21:53:07.8599635+08:00 [INFO] [CreateAzureResources.ps1(ln:128)] - Key = SUBNET_NAME, Value = iot201707120034
2017-07-12T21:53:07.8659680+08:00 [INFO] [CreateAzureResources.ps1(ln:128)] - Key = VNET, Value = {VNET}
2017-07-12T21:53:07.8739650+08:00 [INFO] [CreateAzureResources.ps1(ln:128)] - Key = VNET_ID, Value = {VNET_ID}
2017-07-12T21:53:07.8789654+08:00 [INFO] [CreateAzureResources.ps1(ln:128)] - Key = VNET_NAME, Value = iot201707120034
2017-07-12T21:53:07.8859639+08:00 [INFO] [CreateAzureResources.ps1(ln:128)] - Key = VNET_VERSION, Value = Classic
2017-07-12T21:53:07.8909691+08:00 [INFO] [CreateAzureResources.ps1(ln:128)] - Key = WASB_ACCOUNT_NAME, Value = iot201707120034
2017-07-12T21:53:07.8979658+08:00 [INFO] [CreateAzureResources.ps1(ln:128)] - Key = WASB_CONTAINER, Value = iot201707120034
2017-07-12T21:53:07.9059650+08:00 [INFO] [CreateAzureResources.ps1(ln:130)] - Using subscription: Microsoft Azure Internal Consumption - ec27bf0e-5e9f-49de-a202-d79128bfd111
2017-07-12T21:53:10.5863808+08:00 [INFO] [CreateAzureResources.ps1(ln:180)] - Step 0: Creating Azure Resource Group
2017-07-12T21:53:11.8166136+08:00 [INFO] [CreateAzureResources.ps1(ln:203)] - Step 2: Creating storage account and updating key in configurations.properties
2017-07-12T21:53:15.0557114+08:00 [INFO] [CreateStorageAccountARM.ps1(ln:45)] - Found an existing Storage account with same name: iot201707120034
2017-07-12T21:53:15.0617136+08:00 [INFO] [CreateStorageAccountARM.ps1(ln:54)] - Getting Storage Key for iot201707120034
2017-07-12T21:53:16.6699046+08:00 [INFO] [CreateStorageAccountARM.ps1(ln:59)] - Storage Account: iot201707120034 successfully created in Resource Group: iot-group-201707120034 at Location: east asia. Time: 4.8252506 secs
2017-07-12T21:53:16.6827508+08:00 [INFO] [ReplaceStringInFile.ps1(ln:33)] - Replacing configurations in C:\Users\fuyujin\Source\Repos\hdinsight-storm-examples\IotExample\run\configurations.properties
2017-07-12T21:53:31.7018256+08:00 [INFO] [CreateAzureResources.ps1(ln:233)] - Step 2.2: Creating Event Hubs
2017-07-12T21:58:00.5693055+08:00 [INFO] [buildJava.ps1(ln:22)] - Found JAVA_HOME environment variable with value: 'C:\Program Files\Java\jdk1.8.0_131'
2017-07-12T21:58:00.7453852+08:00 [ERROR] [getMavenTools.ps1(ln:25)] - M2_HOME not found. Downloading Maven tools.
2017-07-12T21:58:00.7573875+08:00 [INFO] [getMavenTools.ps1(ln:31)] - Downloading Maven from http://www.us.apache.org/dist/maven/maven-3/3.2.5/binaries/apache-maven-3.2.5-bin.zip to C:\Users\fuyujin\Source\Repos\hdinsight-storm-examples\scripts\build\..\..\tools\maven-bin.zip
2017-07-12T21:58:00.7763974+08:00 [INFO] [installMvnLib.ps1(ln:24)] - Pushing MVN libs
2017-07-12T21:58:19.9349802+08:00 [INFO] [buildJava.ps1(ln:41)] - Building Java Projects
2017-07-12T21:58:19.9419379+08:00 [INFO] [buildJava.ps1(ln:42)] - ======================
2017-07-12T21:58:19.9634418+08:00 [INFO] [buildJava.ps1(ln:44)] - Building Java Project: C:\Users\fuyujin\Source\Repos\hdinsight-storm-examples\IotExample\docdbgen
2017-07-12T21:58:31.5935959+08:00 [INFO] [buildJava.ps1(ln:44)] - Building Java Project: C:\Users\fuyujin\Source\Repos\hdinsight-storm-examples\IotExample\eventgen
2017-07-12T21:58:41.8007553+08:00 [INFO] [buildJava.ps1(ln:44)] - Building Java Project: C:\Users\fuyujin\Source\Repos\hdinsight-storm-examples\IotExample\iot
2017-07-12T21:58:57.2533446+08:00 [INFO] [buildJava.ps1(ln:63)] - Project building complete!

2017-07-12T21:58:57.2583385+08:00 [INFO] [buildJava.ps1(ln:64)] - Build Summary:
2017-07-12T21:58:57.2623405+08:00 [INFO] [buildJava.ps1(ln:65)] - ======================
2017-07-12T21:58:57.2693405+08:00 [INFO] [buildJava.ps1(ln:77)] - SUCCESS: All projects built successfully!
2017-07-12T21:58:57.2833397+08:00 [INFO] [buildJava.ps1(ln:78)] - C:\Users\fuyujin\Source\Repos\hdinsight-storm-examples\IotExample\docdbgen\pom.xml
2017-07-12T21:58:57.2883409+08:00 [INFO] [buildJava.ps1(ln:78)] - C:\Users\fuyujin\Source\Repos\hdinsight-storm-examples\IotExample\eventgen\pom.xml
2017-07-12T21:58:57.2933410+08:00 [INFO] [buildJava.ps1(ln:78)] - C:\Users\fuyujin\Source\Repos\hdinsight-storm-examples\IotExample\iot\pom.xml
2017-07-12T21:58:57.3863520+08:00 [INFO] [build.ps1(ln:23)] - Build Complete for 'C:\Users\fuyujin\Source\Repos\hdinsight-storm-examples\IotExample!'
2017-07-12T21:59:01.6593775+08:00 [INFO] [run.ps1(ln:29)] - Phase 1 - Prepare - Start - Preparing project configuration for C:\Users\fuyujin\Source\Repos\hdinsight-storm-examples\IotExample.
2017-07-12T21:59:01.8022603+08:00 [INFO] [CreateRunConfig.ps1(ln:33)] - Step 0: Creating Run Configuration
2017-07-12T21:59:01.9219127+08:00 [INFO] [GenerateRandomConfig.ps1(ln:87)] - Generating run configurations at C:\Users\fuyujin\Source\Repos\hdinsight-storm-examples\IotExample\run\configurations.properties
2017-07-12T21:59:01.9259184+08:00 [INFO] [GenerateRandomConfig.ps1(ln:96)] - An existing run configuration was found at C:\Users\fuyujin\Source\Repos\hdinsight-storm-examples\IotExample\run\configurations.properties, just updating newer entries.
2017-07-12T21:59:01.9474558+08:00 [INFO] [ReplaceStringInFile.ps1(ln:33)] - Replacing configurations in C:\Users\fuyujin\Source\Repos\hdinsight-storm-examples\IotExample\run\configurations.properties
2017-07-12T21:59:01.9764254+08:00 [INFO] [CreateRunConfig.ps1(ln:47)] - Merging Configurations with passed in values
2017-07-12T21:59:01.9854253+08:00 [INFO] [CreateRunConfig.ps1(ln:53)] - Updating Configurations with passed in values
2017-07-12T21:59:01.9954284+08:00 [INFO] [ReplaceStringInFile.ps1(ln:33)] - Replacing configurations in C:\Users\fuyujin\Source\Repos\hdinsight-storm-examples\IotExample\run\configurations.properties
2017-07-12T21:59:02.0254264+08:00 [INFO] [ReadConfig.ps1(ln:26)] - Reading configurations from C:\Users\fuyujin\Source\Repos\hdinsight-storm-examples\IotExample\run\configurations.properties
2017-07-12T21:59:02.0751979+08:00 [INFO] [CreateRunConfig.ps1(ln:57)] - Key = AZURE_LOCATION, Value = east asia
2017-07-12T21:59:02.0801999+08:00 [INFO] [CreateRunConfig.ps1(ln:57)] - Key = AZURE_RESOURCE_GROUP, Value = iot-group-201707120034
2017-07-12T21:59:02.0842007+08:00 [INFO] [CreateRunConfig.ps1(ln:57)] - Key = AZURE_SUBSCRIPTION_ID, Value = ec27bf0e-5e9f-49de-a202-d79128bfd111
2017-07-12T21:59:02.0892015+08:00 [INFO] [CreateRunConfig.ps1(ln:57)] - Key = AZURE_SUBSCRIPTION_NAME, Value = Microsoft Azure Internal Consumption
2017-07-12T21:59:02.0932010+08:00 [INFO] [CreateRunConfig.ps1(ln:57)] - Key = AZURE_TENANT_ID, Value = 72f988bf-86f1-41af-91ab-2d7cd011db47
2017-07-12T21:59:02.1202035+08:00 [INFO] [CreateRunConfig.ps1(ln:57)] - Key = DOCUMENTDB, Value = true
2017-07-12T21:59:02.1252007+08:00 [INFO] [CreateRunConfig.ps1(ln:57)] - Key = DOCUMENTDB_ACCOUNT, Value = iot201707120034
2017-07-12T21:59:02.1302004+08:00 [INFO] [CreateRunConfig.ps1(ln:57)] - Key = DOCUMENTDB_COLLECTION, Value = iot201707120034
2017-07-12T21:59:02.1361979+08:00 [INFO] [CreateRunConfig.ps1(ln:57)] - Key = DOCUMENTDB_DATABASE, Value = iot201707120034
2017-07-12T21:59:02.1432048+08:00 [INFO] [CreateRunConfig.ps1(ln:57)] - Key = DOCUMENTDB_HOST, Value = https://iot201707120034.documents.azure.com:443/
2017-07-12T21:59:02.1477067+08:00 [INFO] [CreateRunConfig.ps1(ln:57)] - Key = EVENTHUBS, Value = true
2017-07-12T21:59:02.1522069+08:00 [INFO] [CreateRunConfig.ps1(ln:57)] - Key = EVENTHUBS_ENTITY_PATH, Value = iot201707120034
2017-07-12T21:59:02.1562070+08:00 [INFO] [CreateRunConfig.ps1(ln:57)] - Key = EVENTHUBS_FQDN_SUFFIX, Value = servicebus.windows.net
2017-07-12T21:59:02.1597192+08:00 [INFO] [CreateRunConfig.ps1(ln:57)] - Key = EVENTHUBS_NAMESPACE, Value = iot201707120034
2017-07-12T21:59:02.1667163+08:00 [INFO] [CreateRunConfig.ps1(ln:57)] - Key = EVENTHUBS_PARTITION_COUNT, Value = 2
2017-07-12T21:59:02.1717153+08:00 [INFO] [CreateRunConfig.ps1(ln:57)] - Key = EVENTHUBS_USERNAME, Value = root
2017-07-12T21:59:02.1767186+08:00 [INFO] [CreateRunConfig.ps1(ln:57)] - Key = HBASE, Value = {HBASE}
2017-07-12T21:59:02.1817209+08:00 [INFO] [CreateRunConfig.ps1(ln:57)] - Key = HBASE_CLUSTER_NAME, Value = hbaseiot201707120034
2017-07-12T21:59:02.1867163+08:00 [INFO] [CreateRunConfig.ps1(ln:57)] - Key = HBASE_CLUSTER_OS_TYPE, Value = Windows
2017-07-12T21:59:02.1917160+08:00 [INFO] [CreateRunConfig.ps1(ln:57)] - Key = HBASE_CLUSTER_SIZE, Value = 2
2017-07-12T21:59:02.1967318+08:00 [INFO] [CreateRunConfig.ps1(ln:57)] - Key = HBASE_CLUSTER_URL, Value = {HBASE_CLUSTER_URL}
2017-07-12T21:59:02.2007184+08:00 [INFO] [CreateRunConfig.ps1(ln:57)] - Key = HBASE_CLUSTER_USERNAME, Value = admin
2017-07-12T21:59:02.2067192+08:00 [INFO] [CreateRunConfig.ps1(ln:57)] - Key = KAFKA, Value = {KAFKA}
2017-07-12T21:59:02.2117175+08:00 [INFO] [CreateRunConfig.ps1(ln:57)] - Key = KAFKA_CLUSTER_NAME, Value = kafkaiot201707120034
2017-07-12T21:59:02.2472235+08:00 [INFO] [CreateRunConfig.ps1(ln:57)] - Key = KAFKA_CLUSTER_OS_TYPE, Value = Windows
2017-07-12T21:59:02.2522255+08:00 [INFO] [CreateRunConfig.ps1(ln:57)] - Key = KAFKA_CLUSTER_SIZE, Value = 2
2017-07-12T21:59:02.2587320+08:00 [INFO] [CreateRunConfig.ps1(ln:57)] - Key = KAFKA_CLUSTER_URL, Value = {KAFKA_CLUSTER_URL}
2017-07-12T21:59:02.2687333+08:00 [INFO] [CreateRunConfig.ps1(ln:57)] - Key = KAFKA_CLUSTER_USERNAME, Value = admin
2017-07-12T21:59:02.2747333+08:00 [INFO] [CreateRunConfig.ps1(ln:57)] - Key = SQLAZURE, Value = {SQLAZURE}
2017-07-12T21:59:02.2807316+08:00 [INFO] [CreateRunConfig.ps1(ln:57)] - Key = SQLAZURE_DB_NAME, Value = iot201707120034
2017-07-12T21:59:02.2867327+08:00 [INFO] [CreateRunConfig.ps1(ln:57)] - Key = SQLAZURE_SERVER_NAME, Value = iot201707120034
2017-07-12T21:59:02.2917335+08:00 [INFO] [CreateRunConfig.ps1(ln:57)] - Key = SQLAZURE_USER, Value = sqladmin
2017-07-12T21:59:02.2997331+08:00 [INFO] [CreateRunConfig.ps1(ln:57)] - Key = STORM_CLUSTER_NAME, Value = stormiot201707120034
2017-07-12T21:59:02.3047346+08:00 [INFO] [CreateRunConfig.ps1(ln:57)] - Key = STORM_CLUSTER_OS_TYPE, Value = Windows
2017-07-12T21:59:02.3097347+08:00 [INFO] [CreateRunConfig.ps1(ln:57)] - Key = STORM_CLUSTER_SIZE, Value = 2
2017-07-12T21:59:02.3147315+08:00 [INFO] [CreateRunConfig.ps1(ln:57)] - Key = STORM_CLUSTER_URL, Value = {STORM_CLUSTER_URL}
2017-07-12T21:59:02.3187338+08:00 [INFO] [CreateRunConfig.ps1(ln:57)] - Key = STORM_CLUSTER_USERNAME, Value = admin
2017-07-12T21:59:02.3227318+08:00 [INFO] [CreateRunConfig.ps1(ln:57)] - Key = SUBNET_NAME, Value = iot201707120034
2017-07-12T21:59:02.3267338+08:00 [INFO] [CreateRunConfig.ps1(ln:57)] - Key = VNET, Value = {VNET}
2017-07-12T21:59:02.3317346+08:00 [INFO] [CreateRunConfig.ps1(ln:57)] - Key = VNET_ID, Value = {VNET_ID}
2017-07-12T21:59:02.3347319+08:00 [INFO] [CreateRunConfig.ps1(ln:57)] - Key = VNET_NAME, Value = iot201707120034
2017-07-12T21:59:02.3387349+08:00 [INFO] [CreateRunConfig.ps1(ln:57)] - Key = VNET_VERSION, Value = Classic
2017-07-12T21:59:02.3432405+08:00 [INFO] [CreateRunConfig.ps1(ln:57)] - Key = WASB_ACCOUNT_NAME, Value = iot201707120034
2017-07-12T21:59:02.3472403+08:00 [INFO] [CreateRunConfig.ps1(ln:57)] - Key = WASB_CONTAINER, Value = iot201707120034
2017-07-12T21:59:02.6187729+08:00 [INFO] [ReadConfig.ps1(ln:26)] - Reading configurations from C:\Users\fuyujin\Source\Repos\hdinsight-storm-examples\IotExample\run\configurations.properties
