2017-07-13T16:22:04.6078374+08:00 [INFO] [run.ps1(ln:29)] - Phase 1 - Prepare - Start - Preparing project configuration for C:\Users\fuyujin\Source\Repos\hdinsight-storm-examples\IotExample.
2017-07-13T16:22:04.7768911+08:00 [INFO] [CreateRunConfig.ps1(ln:33)] - Step 0: Creating Run Configuration
2017-07-13T16:22:04.9128929+08:00 [INFO] [GenerateRandomConfig.ps1(ln:87)] - Generating run configurations at C:\Users\fuyujin\Source\Repos\hdinsight-storm-examples\IotExample\run\configurations.properties
2017-07-13T16:22:04.9188996+08:00 [INFO] [GenerateRandomConfig.ps1(ln:96)] - An existing run configuration was found at C:\Users\fuyujin\Source\Repos\hdinsight-storm-examples\IotExample\run\configurations.properties, just updating newer entries.
2017-07-13T16:22:04.9499003+08:00 [INFO] [ReplaceStringInFile.ps1(ln:33)] - Replacing configurations in C:\Users\fuyujin\Source\Repos\hdinsight-storm-examples\IotExample\run\configurations.properties
2017-07-13T16:22:04.9868979+08:00 [INFO] [CreateRunConfig.ps1(ln:47)] - Merging Configurations with passed in values
2017-07-13T16:22:04.9959019+08:00 [INFO] [CreateRunConfig.ps1(ln:53)] - Updating Configurations with passed in values
2017-07-13T16:22:05.0068972+08:00 [INFO] [ReplaceStringInFile.ps1(ln:33)] - Replacing configurations in C:\Users\fuyujin\Source\Repos\hdinsight-storm-examples\IotExample\run\configurations.properties
2017-07-13T16:22:05.0499335+08:00 [INFO] [ReadConfig.ps1(ln:26)] - Reading configurations from C:\Users\fuyujin\Source\Repos\hdinsight-storm-examples\IotExample\run\configurations.properties
2017-07-13T16:22:05.0989295+08:00 [INFO] [CreateRunConfig.ps1(ln:57)] - Key = AZURE_LOCATION, Value = east asia
2017-07-13T16:22:05.1039251+08:00 [INFO] [CreateRunConfig.ps1(ln:57)] - Key = AZURE_RESOURCE_GROUP, Value = iot-group-201707120034
2017-07-13T16:22:05.1089268+08:00 [INFO] [CreateRunConfig.ps1(ln:57)] - Key = AZURE_SUBSCRIPTION_ID, Value = ec27bf0e-5e9f-49de-a202-d79128bfd111
2017-07-13T16:22:05.1174761+08:00 [INFO] [CreateRunConfig.ps1(ln:57)] - Key = AZURE_SUBSCRIPTION_NAME, Value = Microsoft Azure Internal Consumption
2017-07-13T16:22:05.1229770+08:00 [INFO] [CreateRunConfig.ps1(ln:57)] - Key = AZURE_TENANT_ID, Value = 72f988bf-86f1-41af-91ab-2d7cd011db47
2017-07-13T16:22:05.1304769+08:00 [INFO] [CreateRunConfig.ps1(ln:57)] - Key = DOCUMENTDB, Value = true
2017-07-13T16:22:05.1369824+08:00 [INFO] [CreateRunConfig.ps1(ln:57)] - Key = DOCUMENTDB_ACCOUNT, Value = iot201707120034
2017-07-13T16:22:05.1469829+08:00 [INFO] [CreateRunConfig.ps1(ln:57)] - Key = DOCUMENTDB_COLLECTION, Value = iot201707120034
2017-07-13T16:22:05.1529849+08:00 [INFO] [CreateRunConfig.ps1(ln:57)] - Key = DOCUMENTDB_DATABASE, Value = iot201707120034
2017-07-13T16:22:05.1619947+08:00 [INFO] [CreateRunConfig.ps1(ln:57)] - Key = DOCUMENTDB_HOST, Value = https://iot201707120034.documents.azure.com:443/
2017-07-13T16:22:05.1689819+08:00 [INFO] [CreateRunConfig.ps1(ln:57)] - Key = EVENTHUBS, Value = true
2017-07-13T16:22:05.1799823+08:00 [INFO] [CreateRunConfig.ps1(ln:57)] - Key = EVENTHUBS_ENTITY_PATH, Value = iot201707120034
2017-07-13T16:22:05.1869804+08:00 [INFO] [CreateRunConfig.ps1(ln:57)] - Key = EVENTHUBS_FQDN_SUFFIX, Value = servicebus.windows.net
2017-07-13T16:22:05.1959800+08:00 [INFO] [CreateRunConfig.ps1(ln:57)] - Key = EVENTHUBS_NAMESPACE, Value = iot201707120034
2017-07-13T16:22:05.2029752+08:00 [INFO] [CreateRunConfig.ps1(ln:57)] - Key = EVENTHUBS_PARTITION_COUNT, Value = 2
2017-07-13T16:22:05.2099777+08:00 [INFO] [CreateRunConfig.ps1(ln:57)] - Key = EVENTHUBS_USERNAME, Value = root
2017-07-13T16:22:05.2184960+08:00 [INFO] [CreateRunConfig.ps1(ln:57)] - Key = HBASE, Value = {HBASE}
2017-07-13T16:22:05.2239955+08:00 [INFO] [CreateRunConfig.ps1(ln:57)] - Key = HBASE_CLUSTER_NAME, Value = hbaseiot201707120034
2017-07-13T16:22:05.2314939+08:00 [INFO] [CreateRunConfig.ps1(ln:57)] - Key = HBASE_CLUSTER_OS_TYPE, Value = Windows
2017-07-13T16:22:05.2410007+08:00 [INFO] [CreateRunConfig.ps1(ln:57)] - Key = HBASE_CLUSTER_SIZE, Value = 2
2017-07-13T16:22:05.2469994+08:00 [INFO] [CreateRunConfig.ps1(ln:57)] - Key = HBASE_CLUSTER_URL, Value = {HBASE_CLUSTER_URL}
2017-07-13T16:22:05.2550013+08:00 [INFO] [CreateRunConfig.ps1(ln:57)] - Key = HBASE_CLUSTER_USERNAME, Value = admin
2017-07-13T16:22:05.2619984+08:00 [INFO] [CreateRunConfig.ps1(ln:57)] - Key = KAFKA, Value = {KAFKA}
2017-07-13T16:22:05.2729988+08:00 [INFO] [CreateRunConfig.ps1(ln:57)] - Key = KAFKA_CLUSTER_NAME, Value = kafkaiot201707120034
2017-07-13T16:22:05.3279996+08:00 [INFO] [CreateRunConfig.ps1(ln:57)] - Key = KAFKA_CLUSTER_OS_TYPE, Value = Windows
2017-07-13T16:22:05.3360092+08:00 [INFO] [CreateRunConfig.ps1(ln:57)] - Key = KAFKA_CLUSTER_SIZE, Value = 2
2017-07-13T16:22:05.3540048+08:00 [INFO] [CreateRunConfig.ps1(ln:57)] - Key = KAFKA_CLUSTER_URL, Value = {KAFKA_CLUSTER_URL}
2017-07-13T16:22:05.3630092+08:00 [INFO] [CreateRunConfig.ps1(ln:57)] - Key = KAFKA_CLUSTER_USERNAME, Value = admin
2017-07-13T16:22:05.3720041+08:00 [INFO] [CreateRunConfig.ps1(ln:57)] - Key = SQLAZURE, Value = {SQLAZURE}
2017-07-13T16:22:05.3810040+08:00 [INFO] [CreateRunConfig.ps1(ln:57)] - Key = SQLAZURE_DB_NAME, Value = iot201707120034
2017-07-13T16:22:05.3870052+08:00 [INFO] [CreateRunConfig.ps1(ln:57)] - Key = SQLAZURE_SERVER_NAME, Value = iot201707120034
2017-07-13T16:22:05.4060010+08:00 [INFO] [CreateRunConfig.ps1(ln:57)] - Key = SQLAZURE_USER, Value = sqladmin
2017-07-13T16:22:05.4120081+08:00 [INFO] [CreateRunConfig.ps1(ln:57)] - Key = STORM_CLUSTER_NAME, Value = stormiot201707120034
2017-07-13T16:22:05.4175094+08:00 [INFO] [CreateRunConfig.ps1(ln:57)] - Key = STORM_CLUSTER_OS_TYPE, Value = Windows
2017-07-13T16:22:05.4240090+08:00 [INFO] [CreateRunConfig.ps1(ln:57)] - Key = STORM_CLUSTER_SIZE, Value = 2
2017-07-13T16:22:05.4290089+08:00 [INFO] [CreateRunConfig.ps1(ln:57)] - Key = STORM_CLUSTER_URL, Value = {STORM_CLUSTER_URL}
2017-07-13T16:22:05.4380191+08:00 [INFO] [CreateRunConfig.ps1(ln:57)] - Key = STORM_CLUSTER_USERNAME, Value = admin
2017-07-13T16:22:05.4460149+08:00 [INFO] [CreateRunConfig.ps1(ln:57)] - Key = SUBNET_NAME, Value = iot201707120034
2017-07-13T16:22:05.4740100+08:00 [INFO] [CreateRunConfig.ps1(ln:57)] - Key = VNET, Value = {VNET}
2017-07-13T16:22:05.4790095+08:00 [INFO] [CreateRunConfig.ps1(ln:57)] - Key = VNET_ID, Value = {VNET_ID}
2017-07-13T16:22:05.4830110+08:00 [INFO] [CreateRunConfig.ps1(ln:57)] - Key = VNET_NAME, Value = iot201707120034
2017-07-13T16:22:05.4880099+08:00 [INFO] [CreateRunConfig.ps1(ln:57)] - Key = VNET_VERSION, Value = Classic
2017-07-13T16:22:05.4950222+08:00 [INFO] [CreateRunConfig.ps1(ln:57)] - Key = WASB_ACCOUNT_NAME, Value = iot201707120034
2017-07-13T16:22:05.5000101+08:00 [INFO] [CreateRunConfig.ps1(ln:57)] - Key = WASB_CONTAINER, Value = iot201707120034
2017-07-13T16:22:06.0350352+08:00 [INFO] [ReadConfig.ps1(ln:26)] - Reading configurations from C:\Users\fuyujin\Source\Repos\hdinsight-storm-examples\IotExample\run\configurations.properties
2017-07-13T16:23:25.3722415+08:00 [INFO] [CreateAzureResources.ps1(ln:68)] - Using Azure RM Account: 
2017-07-13T16:23:48.8007394+08:00 [INFO] [CreateAzureResources.ps1(ln:74)] - Available Subscription Names:

Name     : Microsoft Azure Internal Consumption
Id       : ec27bf0e-5e9f-49de-a202-d79128bfd111
TenantId : 72f988bf-86f1-41af-91ab-2d7cd011db47
State    : Enabled




2017-07-13T16:23:56.6949632+08:00 [INFO] [ReplaceStringInFile.ps1(ln:33)] - Replacing configurations in C:\Users\fuyujin\Source\Repos\hdinsight-storm-examples\IotExample\run\configurations.properties
2017-07-13T16:24:00.6770076+08:00 [INFO] [ReplaceStringInFile.ps1(ln:33)] - Replacing configurations in C:\Users\fuyujin\Source\Repos\hdinsight-storm-examples\IotExample\run\configurations.properties
2017-07-13T16:24:01.4984835+08:00 [INFO] [ReplaceStringInFile.ps1(ln:33)] - Replacing configurations in C:\Users\fuyujin\Source\Repos\hdinsight-storm-examples\IotExample\run\configurations.properties
2017-07-13T16:24:01.5136171+08:00 [INFO] [ReplaceStringInFile.ps1(ln:33)] - Replacing configurations in C:\Users\fuyujin\Source\Repos\hdinsight-storm-examples\IotExample\run\configurations.properties
2017-07-13T16:24:01.8165739+08:00 [INFO] [ReplaceStringInFile.ps1(ln:33)] - Replacing configurations in C:\Users\fuyujin\Source\Repos\hdinsight-storm-examples\IotExample\run\configurations.properties
2017-07-13T16:24:01.8325696+08:00 [INFO] [ReadConfig.ps1(ln:26)] - Reading configurations from C:\Users\fuyujin\Source\Repos\hdinsight-storm-examples\IotExample\run\configurations.properties
2017-07-13T16:24:01.8446158+08:00 [INFO] [CreateAzureResources.ps1(ln:127)] - Current run configuration:
2017-07-13T16:24:01.8620788+08:00 [INFO] [CreateAzureResources.ps1(ln:128)] - Key = AZURE_LOCATION, Value = east asia
2017-07-13T16:24:01.8711065+08:00 [INFO] [CreateAzureResources.ps1(ln:128)] - Key = AZURE_RESOURCE_GROUP, Value = iot-group-201707120034
2017-07-13T16:24:01.8771096+08:00 [INFO] [CreateAzureResources.ps1(ln:128)] - Key = AZURE_SUBSCRIPTION_ID, Value = ec27bf0e-5e9f-49de-a202-d79128bfd111
2017-07-13T16:24:01.8881064+08:00 [INFO] [CreateAzureResources.ps1(ln:128)] - Key = AZURE_SUBSCRIPTION_NAME, Value = Microsoft Azure Internal Consumption
2017-07-13T16:24:01.8951082+08:00 [INFO] [CreateAzureResources.ps1(ln:128)] - Key = AZURE_TENANT_ID, Value = 72f988bf-86f1-41af-91ab-2d7cd011db47
2017-07-13T16:24:01.9041065+08:00 [INFO] [CreateAzureResources.ps1(ln:128)] - Key = DOCUMENTDB, Value = true
2017-07-13T16:24:01.9131072+08:00 [INFO] [CreateAzureResources.ps1(ln:128)] - Key = DOCUMENTDB_ACCOUNT, Value = iot201707120034
2017-07-13T16:24:01.9201032+08:00 [INFO] [CreateAzureResources.ps1(ln:128)] - Key = DOCUMENTDB_COLLECTION, Value = iot201707120034
2017-07-13T16:24:01.9261048+08:00 [INFO] [CreateAzureResources.ps1(ln:128)] - Key = DOCUMENTDB_DATABASE, Value = iot201707120034
2017-07-13T16:24:01.9351038+08:00 [INFO] [CreateAzureResources.ps1(ln:128)] - Key = DOCUMENTDB_HOST, Value = https://iot201707120034.documents.azure.com:443/
2017-07-13T16:24:01.9420998+08:00 [INFO] [CreateAzureResources.ps1(ln:128)] - Key = EVENTHUBS, Value = true
2017-07-13T16:24:01.9491165+08:00 [INFO] [CreateAzureResources.ps1(ln:128)] - Key = EVENTHUBS_ENTITY_PATH, Value = iot201707120034
2017-07-13T16:24:01.9586158+08:00 [INFO] [CreateAzureResources.ps1(ln:128)] - Key = EVENTHUBS_FQDN_SUFFIX, Value = servicebus.windows.net
2017-07-13T16:24:01.9641174+08:00 [INFO] [CreateAzureResources.ps1(ln:128)] - Key = EVENTHUBS_NAMESPACE, Value = iot201707120034
2017-07-13T16:24:01.9701300+08:00 [INFO] [CreateAzureResources.ps1(ln:128)] - Key = EVENTHUBS_PARTITION_COUNT, Value = 2
2017-07-13T16:24:01.9811308+08:00 [INFO] [CreateAzureResources.ps1(ln:128)] - Key = EVENTHUBS_USERNAME, Value = root
2017-07-13T16:24:01.9901290+08:00 [INFO] [CreateAzureResources.ps1(ln:128)] - Key = HBASE, Value = {HBASE}
2017-07-13T16:24:01.9941412+08:00 [INFO] [CreateAzureResources.ps1(ln:128)] - Key = HBASE_CLUSTER_NAME, Value = hbaseiot201707120034
2017-07-13T16:24:02.0001315+08:00 [INFO] [CreateAzureResources.ps1(ln:128)] - Key = HBASE_CLUSTER_OS_TYPE, Value = Windows
2017-07-13T16:24:02.0081251+08:00 [INFO] [CreateAzureResources.ps1(ln:128)] - Key = HBASE_CLUSTER_SIZE, Value = 2
2017-07-13T16:24:02.0131291+08:00 [INFO] [CreateAzureResources.ps1(ln:128)] - Key = HBASE_CLUSTER_URL, Value = {HBASE_CLUSTER_URL}
2017-07-13T16:24:02.0181228+08:00 [INFO] [CreateAzureResources.ps1(ln:128)] - Key = HBASE_CLUSTER_USERNAME, Value = admin
2017-07-13T16:24:02.0241284+08:00 [INFO] [CreateAzureResources.ps1(ln:128)] - Key = KAFKA, Value = {KAFKA}
2017-07-13T16:24:02.0291244+08:00 [INFO] [CreateAzureResources.ps1(ln:128)] - Key = KAFKA_CLUSTER_NAME, Value = kafkaiot201707120034
2017-07-13T16:24:02.0341232+08:00 [INFO] [CreateAzureResources.ps1(ln:128)] - Key = KAFKA_CLUSTER_OS_TYPE, Value = Windows
2017-07-13T16:24:02.0421252+08:00 [INFO] [CreateAzureResources.ps1(ln:128)] - Key = KAFKA_CLUSTER_SIZE, Value = 2
2017-07-13T16:24:02.0506421+08:00 [INFO] [CreateAzureResources.ps1(ln:128)] - Key = KAFKA_CLUSTER_URL, Value = {KAFKA_CLUSTER_URL}
2017-07-13T16:24:02.0551411+08:00 [INFO] [CreateAzureResources.ps1(ln:128)] - Key = KAFKA_CLUSTER_USERNAME, Value = admin
2017-07-13T16:24:02.0606413+08:00 [INFO] [CreateAzureResources.ps1(ln:128)] - Key = SQLAZURE, Value = {SQLAZURE}
2017-07-13T16:24:02.0671581+08:00 [INFO] [CreateAzureResources.ps1(ln:128)] - Key = SQLAZURE_DB_NAME, Value = iot201707120034
2017-07-13T16:24:02.0761527+08:00 [INFO] [CreateAzureResources.ps1(ln:128)] - Key = SQLAZURE_SERVER_NAME, Value = iot201707120034
2017-07-13T16:24:02.0841518+08:00 [INFO] [CreateAzureResources.ps1(ln:128)] - Key = SQLAZURE_USER, Value = sqladmin
2017-07-13T16:24:02.0901502+08:00 [INFO] [CreateAzureResources.ps1(ln:128)] - Key = STORM_CLUSTER_NAME, Value = stormiot201707120034
2017-07-13T16:24:02.0951490+08:00 [INFO] [CreateAzureResources.ps1(ln:128)] - Key = STORM_CLUSTER_OS_TYPE, Value = Windows
2017-07-13T16:24:02.1021636+08:00 [INFO] [CreateAzureResources.ps1(ln:128)] - Key = STORM_CLUSTER_SIZE, Value = 2
2017-07-13T16:24:02.1071475+08:00 [INFO] [CreateAzureResources.ps1(ln:128)] - Key = STORM_CLUSTER_URL, Value = {STORM_CLUSTER_URL}
2017-07-13T16:24:02.1141635+08:00 [INFO] [CreateAzureResources.ps1(ln:128)] - Key = STORM_CLUSTER_USERNAME, Value = admin
2017-07-13T16:24:02.1201473+08:00 [INFO] [CreateAzureResources.ps1(ln:128)] - Key = SUBNET_NAME, Value = iot201707120034
2017-07-13T16:24:02.1281464+08:00 [INFO] [CreateAzureResources.ps1(ln:128)] - Key = VNET, Value = {VNET}
2017-07-13T16:24:02.1361458+08:00 [INFO] [CreateAzureResources.ps1(ln:128)] - Key = VNET_ID, Value = {VNET_ID}
2017-07-13T16:24:02.1411461+08:00 [INFO] [CreateAzureResources.ps1(ln:128)] - Key = VNET_NAME, Value = iot201707120034
2017-07-13T16:24:02.1481553+08:00 [INFO] [CreateAzureResources.ps1(ln:128)] - Key = VNET_VERSION, Value = Classic
2017-07-13T16:24:02.1546706+08:00 [INFO] [CreateAzureResources.ps1(ln:128)] - Key = WASB_ACCOUNT_NAME, Value = iot201707120034
2017-07-13T16:24:02.1626723+08:00 [INFO] [CreateAzureResources.ps1(ln:128)] - Key = WASB_CONTAINER, Value = iot201707120034
2017-07-13T16:24:02.1691851+08:00 [INFO] [CreateAzureResources.ps1(ln:130)] - Using subscription: Microsoft Azure Internal Consumption - ec27bf0e-5e9f-49de-a202-d79128bfd111
2017-07-13T16:24:05.1228055+08:00 [INFO] [CreateAzureResources.ps1(ln:180)] - Step 0: Creating Azure Resource Group
2017-07-13T16:24:06.7612930+08:00 [WARN] [CreateAzureResourceGroup.ps1(ln:36)] - Could not find Resource Group: iot-group-201707120034. Will attempt to create a new one in Location: east asia
2017-07-13T16:24:30.6770801+08:00 [INFO] [CreateAzureResourceGroup.ps1(ln:53)] - AzureResourceGroup Information:


ResourceGroupName : iot-group-201707120034
Location          : eastasia
ProvisioningState : Succeeded
Tags              : 
ResourceId        : /subscriptions/ec27bf0e-5e9f-49de-a202-d79128bfd111/resourceGroups/iot-group-201707120034




2017-07-13T16:24:30.6970653+08:00 [INFO] [CreateAzureResourceGroup.ps1(ln:57)] - Resource Group successfully created at Location: east asia. Time: 23.9157518 secs
2017-07-13T16:24:30.7030713+08:00 [INFO] [CreateAzureResources.ps1(ln:203)] - Step 2: Creating storage account and updating key in configurations.properties
2017-07-13T16:24:33.2304680+08:00 [INFO] [CreateStorageAccountARM.ps1(ln:49)] - Creating Storage Account: iot201707120034 in Resource Group: iot-group-201707120034 at location: east asia
2017-07-13T16:36:27.8535940+08:00 [INFO] [CreateStorageAccountARM.ps1(ln:51)] - 

ResourceGroupName      : iot-group-201707120034
StorageAccountName     : iot201707120034
Id                     : /subscriptions/ec27bf0e-5e9f-49de-a202-d79128bfd111/resourceGroups/iot-group-201707120034/providers/Microsoft.Storage/storageAccounts/iot201707120
                         034
Location               : eastasia
Sku                    : Microsoft.Azure.Management.Storage.Models.Sku
Kind                   : Storage
Encryption             : 
AccessTier             : 
CreationTime           : 7/13/2017 8:24:38 AM
CustomDomain           : 
Identity               : 
LastGeoFailoverTime    : 
PrimaryEndpoints       : Microsoft.Azure.Management.Storage.Models.Endpoints
PrimaryLocation        : eastasia
ProvisioningState      : Succeeded
SecondaryEndpoints     : 
SecondaryLocation      : 
StatusOfPrimary        : Available
StatusOfSecondary      : 
Tags                   : {}
EnableHttpsTrafficOnly : False
Context                : Microsoft.WindowsAzure.Commands.Common.Storage.LazyAzureStorageContext
ExtendedProperties     : {}




2017-07-13T16:36:40.1781214+08:00 [INFO] [CreateStorageAccountARM.ps1(ln:54)] - Getting Storage Key for iot201707120034
2017-07-13T16:36:42.6560783+08:00 [INFO] [CreateStorageAccountARM.ps1(ln:59)] - Storage Account: iot201707120034 successfully created in Resource Group: iot-group-201707120034 at Location: east asia. Time: 731.9014987 secs
2017-07-13T16:36:42.6671105+08:00 [INFO] [ReplaceStringInFile.ps1(ln:33)] - Replacing configurations in C:\Users\fuyujin\Source\Repos\hdinsight-storm-examples\IotExample\run\configurations.properties
2017-07-13T16:36:57.6929730+08:00 [INFO] [CreateAzureResources.ps1(ln:247)] - Step 2.3: Creating DocumentDB and update account key in configurations.properties
2017-07-13T16:37:00.9863240+08:00 [INFO] [CreateDocumentDBARM.ps1(ln:45)] - Trying to find DocumentDB account: iot201707120034 in ResourceGroup: iot-group-201707120034
2017-07-13T16:37:01.7383860+08:00 [WARN] [CreateDocumentDBARM.ps1(ln:51)] - Could not find DocumentDB account: iot201707120034. Will attempt to create a new one.
2017-07-13T16:37:01.7433903+08:00 [INFO] [CreateDocumentDBARM.ps1(ln:56)] - Creating DocumentDB account
2017-07-13T16:37:01.7504012+08:00 [INFO] [CreateDocumentDBARM.ps1(ln:60)] - DocumentDB Properties:

Name                           Value                                                                                                                                       
----                           -----                                                                                                                                       
databaseAccountOfferType       Standard                                                                                                                                    
name                           iot201707120034                                                                                                                             
id                             iot201707120034                                                                                                                             



2017-07-13T16:41:44.9792952+08:00 [INFO] [CreateDocumentDBARM.ps1(ln:67)] - Getting DocumentDB resource state: iot201707120034
2017-07-13T16:41:49.5117888+08:00 [INFO] [CreateDocumentDBARM.ps1(ln:69)] - DocumentDB Resource:


Name              : iot201707120034
ResourceId        : /subscriptions/ec27bf0e-5e9f-49de-a202-d79128bfd111/resourceGroups/iot-group-201707120034/providers/Microsoft.DocumentDB/databaseAccounts/iot2017071200
                    34
ResourceName      : iot201707120034
ResourceType      : Microsoft.DocumentDB/databaseAccounts
Kind              : GlobalDocumentDB
ResourceGroupName : iot-group-201707120034
Location          : East Asia
SubscriptionId    : ec27bf0e-5e9f-49de-a202-d79128bfd111
Tags              : {}
Properties        : @{provisioningState=Succeeded; documentEndpoint=https://iot201707120034.documents.azure.com:443/; ipRangeFilter=; enableAutomaticFailover=False; 
                    databaseAccountOfferType=Standard; consistencyPolicy=; configurationOverrides=; writeLocations=System.Object[]; readLocations=System.Object[]; 
                    failoverPolicies=System.Object[]}




2017-07-13T16:41:49.5297444+08:00 [INFO] [CreateDocumentDBARM.ps1(ln:71)] - DocumentDB Resource Properties:


provisioningState        : Succeeded
documentEndpoint         : https://iot201707120034.documents.azure.com:443/
ipRangeFilter            : 
enableAutomaticFailover  : False
databaseAccountOfferType : Standard
consistencyPolicy        : @{defaultConsistencyLevel=Session; maxIntervalInSeconds=5; maxStalenessPrefix=100}
configurationOverrides   : 
writeLocations           : {@{id=iot201707120034-eastasia; locationName=East Asia; documentEndpoint=https://iot201707120034-eastasia.documents.azure.com:443/; 
                           provisioningState=Succeeded; failoverPriority=0}}
readLocations            : {@{id=iot201707120034-eastasia; locationName=East Asia; documentEndpoint=https://iot201707120034-eastasia.documents.azure.com:443/; 
                           provisioningState=Succeeded; failoverPriority=0}}
failoverPolicies         : {@{id=iot201707120034-eastasia; locationName=East Asia; failoverPriority=0}}




2017-07-13T16:41:49.5547423+08:00 [INFO] [CreateDocumentDBARM.ps1(ln:75)] - DocumentDB current state: Succeeded
2017-07-13T16:41:49.5662533+08:00 [INFO] [CreateDocumentDBARM.ps1(ln:97)] - DocumentDB Information:


Name              : iot201707120034
ResourceId        : /subscriptions/ec27bf0e-5e9f-49de-a202-d79128bfd111/resourceGroups/iot-group-201707120034/providers/Microsoft.DocumentDB/databaseAccounts/iot2017071200
                    34
ResourceName      : iot201707120034
ResourceType      : Microsoft.DocumentDB/databaseAccounts
Kind              : GlobalDocumentDB
ResourceGroupName : iot-group-201707120034
Location          : East Asia
SubscriptionId    : ec27bf0e-5e9f-49de-a202-d79128bfd111
Tags              : {}
Properties        : @{provisioningState=Succeeded; documentEndpoint=https://iot201707120034.documents.azure.com:443/; ipRangeFilter=; enableAutomaticFailover=False; 
                    databaseAccountOfferType=Standard; consistencyPolicy=; configurationOverrides=; writeLocations=System.Object[]; readLocations=System.Object[]; 
                    failoverPolicies=System.Object[]}




2017-07-13T16:41:49.5787480+08:00 [INFO] [CreateDocumentDBARM.ps1(ln:101)] - Found DocumentDB account information
2017-07-13T16:41:49.5887632+08:00 [INFO] [CreateDocumentDBARM.ps1(ln:102)] - Getting account key
2017-07-13T16:42:29.3615907+08:00 [INFO] [CreateDocumentDBARM.ps1(ln:116)] - Using subscription:


Environment           : AzureCloud
Account               : fuyujin@microsoft.com
TenantId              : 72f988bf-86f1-41af-91ab-2d7cd011db47
SubscriptionId        : ec27bf0e-5e9f-49de-a202-d79128bfd111
SubscriptionName      : Microsoft Azure Internal Consumption
CurrentStorageAccount : 




2017-07-13T16:42:31.9108691+08:00 [INFO] [CreateDocumentDBARM.ps1(ln:128)] - DocumentDB: iot201707120034 successfully created in Resource Group: iot-group-201707120034 at Location: east asia. Time: 331.8423099 secs
2017-07-13T16:42:31.9227279+08:00 [INFO] [ReplaceStringInFile.ps1(ln:33)] - Replacing configurations in C:\Users\fuyujin\Source\Repos\hdinsight-storm-examples\IotExample\run\configurations.properties
2017-07-13T16:42:31.9482155+08:00 [INFO] [CreateAzureResources.ps1(ln:255)] - Step 4: Creating HDInsight Clusters
2017-07-13T16:42:45.5972484+08:00 [INFO] [CreateClusterARM.ps1(ln:57)] - Create HDInsight cluster of type: Storm with name: stormiot201707120034
2017-07-13T16:42:50.0074571+08:00 [INFO] [CreateClusterARM.ps1(ln:63)] - Getting Storage Account properties
2017-07-13T16:42:54.8033524+08:00 [INFO] [CreateClusterARM.ps1(ln:85)] - Creating Azure HDInsight Storm cluster: stormiot201707120034
